Log file open, 06/27/17 03:47:47
LogInit:Display: Running engine for game: Marduk0
LogPlatformFile: Not using cached read wrapper
LogInit:Display: RandInit(-96630258) SRandInit(-96630258).
LogTaskGraph: Started task graph with 5 named threads and 6 total threads with 1 sets of task threads.
LogStats: Stats thread started at 0.150464
LogInit: Using libcurl 7.47.1
LogInit:  - built for x86_64-pc-win32
LogInit:  - supports SSL with OpenSSL/1.0.2g
LogInit:  - supports HTTP deflate (compression) using libz 1.2.8
LogInit:  - other features:
LogInit:      CURL_VERSION_SSL
LogInit:      CURL_VERSION_LIBZ
LogInit:      CURL_VERSION_IPV6
LogInit:      CURL_VERSION_ASYNCHDNS
LogInit:      CURL_VERSION_LARGEFILE
LogInit:      CURL_VERSION_IDN
LogInit:  CurlRequestOptions (configurable via config and command line):
LogInit:  - bVerifyPeer = false  - Libcurl will NOT verify peer certificate
LogInit:  - bUseHttpProxy = false  - Libcurl will NOT use HTTP proxy
LogInit:  - bDontReuseConnections = false  - Libcurl will reuse connections
LogInit:  - CertBundlePath = nullptr  - Libcurl will use whatever was configured at build time.
LogInit: Build: ++UE4+Release-4.16-CL-3466753
LogInit: Engine Version: 4.16.1-3466753+++UE4+Release-4.16
LogInit: Compatible Engine Version: 4.16.0-3452394+++UE4+Release-4.16
LogInit: Net CL: 3452394
LogDevObjectVersion: Number of dev versions registered: 16
LogDevObjectVersion:   Dev-Blueprints (B0D832E4-1F89-4F0D-ACCF-7EB736FD4AA2): 9
LogDevObjectVersion:   Dev-Build (E1C64328-A22C-4D53-A36C-8E866417BD8C): 0
LogDevObjectVersion:   Dev-Core (375EC13C-06E4-48FB-B500-84F0262A717E): 2
LogDevObjectVersion:   Dev-Editor (E4B068ED-F494-42E9-A231-DA0B2E46BB41): 17
LogDevObjectVersion:   Dev-Framework (CFFC743F-43B0-4480-9391-14DF171D2073): 23
LogDevObjectVersion:   Dev-Mobile (B02B49B5-BB20-44E9-A304-32B752E40360): 0
LogDevObjectVersion:   Dev-Networking (A4E4105C-59A1-49B5-A7C5-40C4547EDFEE): 0
LogDevObjectVersion:   Dev-Online (39C831C9-5AE6-47DC-9A44-9C173E1C8E7C): 0
LogDevObjectVersion:   Dev-Physics (78F01B33-EBEA-4F98-B9B4-84EACCB95AA2): 0
LogDevObjectVersion:   Dev-Platform (6631380F-2D4D-43E0-8009-CF276956A95A): 0
LogDevObjectVersion:   Dev-Rendering (12F88B9F-8875-4AFC-A67C-D90C383ABD29): 15
LogDevObjectVersion:   Dev-Sequencer (7B5AE74C-D270-4C10-A958-57980B212A5A): 4
LogDevObjectVersion:   Dev-VR (D7296918-1DD6-4BDD-9DE2-64A83CC13884): 0
LogDevObjectVersion:   Dev-LoadTimes (C2A15278-BFE7-4AFE-6C17-90FF531DF755): 1
LogDevObjectVersion:   Private-Geometry (6EACA3D4-40EC-4CC1-B786-8BED09428FC5): 1
LogDevObjectVersion:   Dev-AnimPhys (29E575DD-E0A3-4627-9D10-D276232CDCEA): 3
LogInit: Compiled (64-bit): May 31 2017 02:03:30
LogInit: Compiled with Visual C++: 19.00.24215.01
LogInit: Build Configuration: Development
LogInit: Branch Name: ++UE4+Release-4.16
LogInit: Command line: -EpicPortal 
LogInit: Base directory: D:/UE4/UE_4.16/Engine/Binaries/Win64/
LogInit: Installed Engine Build: 1
LogInit: Presizing for max 8388607 objects, including 0 objects not considered by GC, pre-allocating 0 bytes for permanent pool.
LogInit: Object subsystem initialized
[2017.06.27-00.47.47:881][  0]LogInit: Selected Device Profile: [Windows]
[2017.06.27-00.47.47:881][  0]LogInit: Applying CVar settings loaded from the selected device profile: [Windows]
[2017.06.27-00.47.47:970][  0]LogInit: Computer: SNUEGA
[2017.06.27-00.47.47:970][  0]LogInit: User: Joseey
[2017.06.27-00.47.47:970][  0]LogInit: CPU Page size=4096, Cores=2
[2017.06.27-00.47.47:970][  0]LogInit: High frequency timer resolution =2.435778 MHz
[2017.06.27-00.47.47:970][  0]LogMemory: Memory total: Physical=7.9GB (8GB approx)
[2017.06.27-00.47.47:970][  0]LogMemory: Platform Memory Stats for Windows
[2017.06.27-00.47.47:970][  0]LogMemory: Process Physical Memory: 271.17 MB used, 271.17 MB peak
[2017.06.27-00.47.47:970][  0]LogMemory: Process Virtual Memory: 266.32 MB used, 266.32 MB peak
[2017.06.27-00.47.47:970][  0]LogMemory: Physical Memory: 5008.66 MB used,  3103.07 MB free, 8111.73 MB total
[2017.06.27-00.47.47:970][  0]LogMemory: Virtual Memory: 624.19 MB used,  3103.07 MB free, 134217728.00 MB total
[2017.06.27-00.47.48:036][  0]LogInit: Using OS detected language (ru-RU).
[2017.06.27-00.47.48:036][  0]LogInit: Using OS detected locale (ru-RU).
[2017.06.27-00.47.48:042][  0]LogTextLocalizationManager: No localization for 'ru-RU' exists, so 'en' will be used for the language.
[2017.06.27-00.47.48:042][  0]LogTextLocalizationManager: No localization for 'ru-RU' exists, so 'en' will be used for the locale.
[2017.06.27-00.47.58:200][  0]LogD3D11RHI: D3D11 adapters:
[2017.06.27-00.47.58:253][  0]LogD3D11RHI:    0. 'Intel(R) HD Graphics 4600' (Feature Level 11_0)
[2017.06.27-00.47.58:253][  0]LogD3D11RHI:       128/0/1792 MB DedicatedVideo/DedicatedSystem/SharedSystem, Outputs:1, VendorId:0x8086
[2017.06.27-00.47.58:274][  0]LogD3D11RHI:    1. 'NVIDIA GeForce GT 750M' (Feature Level 11_0)
[2017.06.27-00.47.58:274][  0]LogD3D11RHI:       1987/0/2048 MB DedicatedVideo/DedicatedSystem/SharedSystem, Outputs:0, VendorId:0x10de
[2017.06.27-00.47.58:275][  0]LogD3D11RHI:    2. 'Microsoft Basic Render Driver' (Feature Level 11_0)
[2017.06.27-00.47.58:275][  0]LogD3D11RHI:       0/0/256 MB DedicatedVideo/DedicatedSystem/SharedSystem, Outputs:0, VendorId:0x1414
[2017.06.27-00.47.58:275][  0]LogD3D11RHI: Chosen D3D11 Adapter: 1
[2017.06.27-00.47.58:289][  0]LogD3D11RHI: Creating new Direct3DDevice
[2017.06.27-00.47.58:289][  0]LogD3D11RHI:     GPU DeviceId: 0xfe4 (for the marketing name, search the web for "GPU Device Id")
[2017.06.27-00.47.58:289][  0]LogWindows: EnumDisplayDevices:
[2017.06.27-00.47.58:289][  0]LogWindows:    0. 'Intel(R) HD Graphics 4600' (P:1 D:1)
[2017.06.27-00.47.58:289][  0]LogWindows:    1. 'Intel(R) HD Graphics 4600' (P:0 D:0)
[2017.06.27-00.47.58:290][  0]LogWindows:    2. 'Intel(R) HD Graphics 4600' (P:0 D:0)
[2017.06.27-00.47.58:290][  0]LogWindows:    3. 'NVIDIA GeForce GT 750M' (P:0 D:0)
[2017.06.27-00.47.58:290][  0]LogWindows: DebugString: PrimaryIsNotTheChoosenAdapter PrimaryIsNotTheChoosenAdapter PrimaryIsNotTheChoosenAdapter 
[2017.06.27-00.47.58:290][  0]LogD3D11RHI:     Adapter Name: NVIDIA GeForce GT 750M
[2017.06.27-00.47.58:290][  0]LogD3D11RHI:   Driver Version: 369.09 (internal:21.21.13.6909, unified:369.09)
[2017.06.27-00.47.58:290][  0]LogD3D11RHI:      Driver Date: 8-1-2016
[2017.06.27-00.47.58:290][  0]LogRHI: Texture pool is 1361 MB (70% of 1945 MB)
[2017.06.27-00.47.58:306][  0]LogD3D11RHI: Async texture creation enabled
[2017.06.27-00.47.58:322][  0]LogD3D11RHI: GPU Timing Frequency: 1000.000000 (Debug: 2 2)
[2017.06.27-00.47.58:322][  0]LogShaderCompilers: Guid format shader working directory is 21 characters bigger than the processId version (../../../../Prj's/Marduk_0/Intermediate/Shaders/WorkingDirectory/4384/).
[2017.06.27-00.47.58:322][  0]LogShaderCompilers: Cleaned the shader compiler working directory 'C:/Users/Joseey/AppData/Local/Temp/UnrealShaderWorkingDir/492A17CA42423ECB0CA05CB46F894CA2/'.
[2017.06.27-00.47.58:322][  0]LogShaderCompilers:Display: Using Local Shader Compiler.
[2017.06.27-00.48.04:712][  0]LogTemp:Display: Loaded TP AllDesktopTargetPlatform
[2017.06.27-00.48.04:763][  0]LogTemp:Display: Loaded TP MacClientTargetPlatform
[2017.06.27-00.48.04:819][  0]LogTemp:Display: Loaded TP MacNoEditorTargetPlatform
[2017.06.27-00.48.04:862][  0]LogTemp:Display: Loaded TP MacServerTargetPlatform
[2017.06.27-00.48.04:930][  0]LogTemp:Display: Loaded TP MacTargetPlatform
[2017.06.27-00.48.04:995][  0]LogTemp:Display: Loaded TP WindowsClientTargetPlatform
[2017.06.27-00.48.05:041][  0]LogTemp:Display: Loaded TP WindowsNoEditorTargetPlatform
[2017.06.27-00.48.05:093][  0]LogTemp:Display: Loaded TP WindowsServerTargetPlatform
[2017.06.27-00.48.05:148][  0]LogTemp:Display: Loaded TP WindowsTargetPlatform
[2017.06.27-00.48.05:212][  0]LogTemp:Display: Loaded TP AndroidTargetPlatform
[2017.06.27-00.48.05:270][  0]LogTemp:Display: Loaded TP Android_ASTCTargetPlatform
[2017.06.27-00.48.05:327][  0]LogTemp:Display: Loaded TP Android_ATCTargetPlatform
[2017.06.27-00.48.05:379][  0]LogTemp:Display: Loaded TP Android_DXTTargetPlatform
[2017.06.27-00.48.05:430][  0]LogTemp:Display: Loaded TP Android_ETC1TargetPlatform
[2017.06.27-00.48.05:483][  0]LogTemp:Display: Loaded TP Android_ETC2TargetPlatform
[2017.06.27-00.48.05:594][  0]LogTemp:Display: Loaded TP Android_MultiTargetPlatform
[2017.06.27-00.48.05:594][  0]LogTemp:Display: Loaded TP Android_PVRTCTargetPlatform
[2017.06.27-00.48.05:635][  0]LogTemp:Display: Loaded TP HTML5TargetPlatform
[2017.06.27-00.48.05:760][  0]LogTemp:Display: Loaded TP IOSTargetPlatform
[2017.06.27-00.48.05:792][  0]LogTemp:Display: Loaded TP TVOSTargetPlatform
[2017.06.27-00.48.05:844][  0]LogTemp:Display: Loaded TP LinuxClientTargetPlatform
[2017.06.27-00.48.05:894][  0]LogTemp:Display: Loaded TP LinuxNoEditorTargetPlatform
[2017.06.27-00.48.05:953][  0]LogTemp:Display: Loaded TP LinuxServerTargetPlatform
[2017.06.27-00.48.06:012][  0]LogTemp:Display: Loaded TP LinuxTargetPlatform
[2017.06.27-00.48.06:012][  0]LogTargetPlatformManager:Display: Building Assets For Windows
[2017.06.27-00.48.06:551][  0]LogDerivedDataCache:Display: Max Cache Size: 512 MB
[2017.06.27-00.48.07:897][  0]LogDerivedDataCache: Loaded boot cache 1.35s 90MB C:/Users/Joseey/AppData/Local/UnrealEngine/4.16/DerivedDataCache/Boot.ddc.
[2017.06.27-00.48.07:897][  0]LogDerivedDataCache:Display: Loaded Boot cache: C:/Users/Joseey/AppData/Local/UnrealEngine/4.16/DerivedDataCache/Boot.ddc
[2017.06.27-00.48.07:897][  0]LogDerivedDataCache: FDerivedDataBackendGraph:  Pak pak cache file ../../../../Prj's/Marduk_0/DerivedDataCache/DDC.ddp not found, will not use a pak cache.
[2017.06.27-00.48.07:897][  0]LogDerivedDataCache: Unable to find inner node Pak for hierarchical cache Hierarchy.
[2017.06.27-00.48.07:897][  0]LogDerivedDataCache: FDerivedDataBackendGraph:  CompressedPak pak cache file ../../../../Prj's/Marduk_0/DerivedDataCache/Compressed.ddp not found, will not use a pak cache.
[2017.06.27-00.48.07:897][  0]LogDerivedDataCache: Unable to find inner node CompressedPak for hierarchical cache Hierarchy.
[2017.06.27-00.48.07:925][  0]LogDerivedDataCache:Display: Pak cache opened for reading ../../../Engine/DerivedDataCache/Compressed.ddp.
[2017.06.27-00.48.07:937][  0]LogDerivedDataCache: Using Local data cache path C:/Users/Joseey/AppData/Local/UnrealEngine/Common/DerivedDataCache: Writable
[2017.06.27-00.48.07:957][  0]LogMaterial: Verifying Global Shaders for PCD3D_SM5
[2017.06.27-00.48.07:958][  0]LogSlate: Using Freetype 2.6.0
[2017.06.27-00.48.07:994][  0]LogSlate: SlateFontCache - WITH_FREETYPE: 1, WITH_HARFBUZZ: 1
[2017.06.27-00.48.07:994][  0]LogSlate: SlateFontCache - WITH_FREETYPE: 1, WITH_HARFBUZZ: 1
[2017.06.27-00.48.10:005][  0]LogInit: Selected Device Profile: [Windows]
[2017.06.27-00.48.10:136][  0]LogContentStreaming: Texture pool size is 0.00 MB
[2017.06.27-00.48.10:397][  0]LogMeshUtilities: Using QuadricMeshReduction for automatic static mesh reduction
[2017.06.27-00.48.10:439][  0]LogSimplygon: Simplygon DLL not present - disabling.
[2017.06.27-00.48.10:498][  0]LogMeshUtilities: Using SimplygonSwarm for distributed automatic mesh merging
[2017.06.27-00.48.10:498][  0]LogMeshUtilities: No automatic skeletal mesh reduction module available
[2017.06.27-00.48.10:498][  0]LogMeshUtilities: No automatic mesh merging module available
[2017.06.27-00.48.11:605][  0]LogNetVersion: Marduk0 , NetCL: 3452394, EngineNetVer: 2, GameNetVer: 0 (Checksum: 2744008900)
[2017.06.27-00.48.11:688][  0]LogAssetRegistry: FAssetRegistry took 0.0271 seconds to start up
[2017.06.27-00.48.11:792][  0]LogPackageLocalizationCache: Processed 4 localized package path(s) for 1 prioritized culture(s) in 0.077443 seconds
[2017.06.27-00.48.11:800][  0]LogUObjectArray: 34194 objects as part of root set at end of initial load.
[2017.06.27-00.48.11:800][  0]LogUObjectAllocator: 7260424 out of 0 bytes used by permanent object pool.
[2017.06.27-00.48.11:800][  0]LogUObjectArray: CloseDisregardForGC: 0/0 objects in disregard for GC pool
[2017.06.27-00.48.11:861][  0]LogInit: WinSock: version 1.1 (2.2), MaxSocks=32767, MaxUdp=65467
[2017.06.27-00.49.10:835][  0]LogTcpMessaging: Initializing TcpMessaging bridge
[2017.06.27-00.49.10:879][  0]LogUdpMessaging: Initializing bridge on interface 0.0.0.0:0 to multicast group 230.0.0.1:6666.
[2017.06.27-00.49.12:377][  0]LogMaterial: Uniform references updated for custom material expression Custom.
[2017.06.27-00.49.12:798][  0]SourceControl: Info Source control is disabled
[2017.06.27-00.49.12:842][  0]SourceControl: Info Source control is disabled
[2017.06.27-00.49.12:893][  0]SourceControl: Info Source control is disabled
[2017.06.27-00.49.12:938][  0]SourceControl: Info Source control is disabled
[2017.06.27-00.49.14:372][  0]LogAndroidPermission: UAndroidPermissionCallbackProxy::GetInstance
[2017.06.27-00.49.15:063][  0]LogEngine: Initializing Engine...
[2017.06.27-00.49.15:064][  0]LogHMD: Failed to initialize OpenVR with code 110
[2017.06.27-00.49.15:623][  0]LogStats: UGameplayTagsManager::ConstructGameplayTagTree: Construct from data asset -  0.000 s
[2017.06.27-00.49.15:623][  0]LogStats: UGameplayTagsManager::ConstructGameplayTagTree: GameplayTagTreeChangedEvent.Broadcast -  0.000 s
[2017.06.27-00.49.15:766][  0]LogAIModule: Creating AISystem for world Untitled
[2017.06.27-00.49.15:775][  0]LogInit: XAudio2 using 'jack (2- Устройство с поддержкой High Definition Audio)' : 2 channels at 48 kHz using 32 bits per sample (channel mask 0x3)
[2017.06.27-00.49.15:791][  0]LogInit: FAudioDevice initialized.
[2017.06.27-00.49.15:886][  0]LogDerivedDataCache: Saved boot cache 0.09s 90MB C:/Users/Joseey/AppData/Local/UnrealEngine/4.16/DerivedDataCache/Boot.ddc.
[2017.06.27-00.49.15:926][  0]LogInit: Texture streaming: Enabled
[2017.06.27-00.49.16:023][  0]LogEngineSessionManager: EngineSessionManager initialized
[2017.06.27-00.49.16:570][  0]LogInit: Transaction tracking system initialized
[2017.06.27-00.49.16:880][  0]BlueprintLog: New page: Editor Load
[2017.06.27-00.49.18:124][  0]LocalizationService: Info Localization service is disabled
[2017.06.27-00.49.19:010][  0]LogConsoleResponse:Display: 
[2017.06.27-00.49.20:634][  0]LogCook:Display: Max memory allowance for cook 16384mb min free memory 0mb
[2017.06.27-00.49.20:634][  0]LogCook:Display: Mobile HDR setting 1
[2017.06.27-00.49.21:527][  0]LogFileCache: Scanning file cache for directory 'D:/UE4/Prj's/Marduk_0/Content/' took 0.03s
[2017.06.27-00.49.22:663][  0]SourceControl: Info Source control is disabled
[2017.06.27-00.49.22:663][  0]Cmd: MAP LOAD FILE="../../../Engine/Content/Maps/Templates/Template_Default.umap" TEMPLATE=1 SHOWPROGRESS=1 FEATURELEVEL=3
[2017.06.27-00.49.22:664][  0]LightingResults: New page: Lighting Build
[2017.06.27-00.49.22:704][  0]MapCheck: New page: Map Check
[2017.06.27-00.49.22:704][  0]LightingResults: New page: Lighting Build
[2017.06.27-00.49.23:438][  0]LogAIModule: Creating AISystem for world Untitled_1
[2017.06.27-00.49.23:439][  0]LogActorComponent: RegisterComponentWithWorld: (/Temp/Untitled_1.Untitled_1:PersistentLevel.WorldSettings_1.StaticMeshComponent0) Trying to register component with IsPendingKill() == true. Aborting.
[2017.06.27-00.49.23:485][  0]LogEditorServer: Finished looking for orphan Actors (0.000 secs)
[2017.06.27-00.49.23:519][  0]Cmd: MAP CHECKDEP NOCLEARLOG
[2017.06.27-00.49.23:576][  0]MapCheck: Info Map check complete: 0 Error(s), 0 Warning(s), took 57.087ms to complete.
[2017.06.27-00.49.23:576][  0]LogFileHelpers: Loading map 'Template_Default' took 0.913
[2017.06.27-00.49.23:644][  0]LogWindowsTextInputMethodSystem:Display: IME system now deactivated.
[2017.06.27-00.49.27:845][  0]LogCollectionManager: Loaded 0 collections in 0.000853 seconds
[2017.06.27-00.49.29:678][  0]LogFileCache: Scanning file cache for directory 'D:/UE4/Prj's/Marduk_0/Saved/Collections/' took 0.01s
[2017.06.27-00.49.29:678][  0]LogFileCache: Scanning file cache for directory 'D:/UE4/Prj's/Marduk_0/Content/Developers/Joseey/Collections/' took 0.01s
[2017.06.27-00.49.29:678][  0]LogFileCache: Scanning file cache for directory 'D:/UE4/Prj's/Marduk_0/Content/Collections/' took 0.01s
[2017.06.27-00.49.29:678][  0]LogCollectionManager: Rebuilt the GUID cache for 0 collections in 0.000002 seconds
[2017.06.27-00.49.29:914][  0]LogContentBrowser: Native class hierarchy populated in 0.0822 seconds. Added 2329 classes and 491 folders.
[2017.06.27-00.49.30:468][  0]LogContentBrowser: Native class hierarchy updated for 'WidgetCarousel' in 0.0006 seconds. Added 0 classes and 0 folders.
[2017.06.27-00.49.33:804][  0]LogContentBrowser: Native class hierarchy updated for 'AddContentDialog' in 0.0007 seconds. Added 0 classes and 0 folders.
[2017.06.27-00.49.34:048][  0]LogContentBrowser: Native class hierarchy updated for 'SceneOutliner' in 0.0007 seconds. Added 1 classes and 2 folders.
[2017.06.27-00.49.36:208][  0]LogCrashTracker: Crashtracker disabled due to settings.
[2017.06.27-00.49.36:385][  0]LogSlate: Took 0.033140 seconds to synchronously load lazily loaded font '../../../Engine/Content/Slate/Fonts/Roboto-Regular.ttf' (155K)
[2017.06.27-00.49.36:432][  0]LogSlate: Took 0.017251 seconds to synchronously load lazily loaded font '../../../Engine/Content/Slate/Fonts/Roboto-Bold.ttf' (160K)
[2017.06.27-00.49.36:484][  0]LogSlate: Took 0.029669 seconds to synchronously load lazily loaded font '../../../Engine/Content/Editor/Slate/Fonts/FontAwesome.ttf' (139K)
[2017.06.27-00.49.36:839][  0]LogRenderer: Reallocating scene render targets to support 1404x964 NumSamples 1 (Frame:1).
[2017.06.27-00.49.38:287][  0]LogUObjectGlobals:Warning: Failed to find object 'Class None.'
[2017.06.27-00.49.38:363][  0]LogContentBrowser: Native class hierarchy updated for 'HierarchicalLODOutliner' in 0.0013 seconds. Added 1 classes and 2 folders.
[2017.06.27-00.49.38:365][  0]LogLoad: (Engine Initialization) Total time: 115.64 seconds
[2017.06.27-00.49.38:365][  0]LogLoad: (Engine Initialization) Total Blueprint compile time: 0.22 seconds
[2017.06.27-00.49.38:365][  0]LogExternalProfiler: Found external profiler: VSPerf
[2017.06.27-00.49.38:365][  0]LogExternalProfiler: Using external profiler: VSPerf
[2017.06.27-00.49.38:412][  0]LogOcInput: OculusInput pre-init called
[2017.06.27-00.49.38:412][  0]LogHMD: Starting GearVRController plugin
[2017.06.27-00.49.38:529][  0]LogContentStreaming: Texture pool size now 400 MB
[2017.06.27-00.49.38:672][  1]LogAssetRegistry: Asset discovery search completed in 87.0066 seconds
[2017.06.27-00.49.38:705][  1]LogCollectionManager: Rebuilt the object cache for 0 collections in 0.000001 seconds (found 0 objects)
[2017.06.27-00.49.38:705][  1]LogCollectionManager: Fixed up redirectors for 0 collections in 0.000062 seconds (updated 0 objects)
[2017.06.27-00.49.39:523][ 30]LogSlate: Took 0.018486 seconds to synchronously load lazily loaded font '../../../Engine/Content/Slate/Fonts/Roboto-Light.ttf' (159K)
[2017.06.27-00.49.42:709][184]LogSlate: Took 0.000200 seconds to synchronously load lazily loaded font '../../../Engine/Content/Slate/Fonts/Roboto-Light.ttf' (159K)
[2017.06.27-00.50.02:507][ 26]LogSlate: Took 0.000321 seconds to synchronously load lazily loaded font '../../../Engine/Content/Slate/Fonts/Roboto-Light.ttf' (159K)
[2017.06.27-00.50.16:765][621]LogLinker:Warning: Can't find file '/Game/Character/Animations/Aiming/CharAim_rifle'
[2017.06.27-00.50.16:776][621]LogLinker:Warning: Can't find file for asset '/Game/Character/Animations/Aiming/CharAim_rifle' while loading ../../../../Prj's/Marduk_0/Content/Character/Animations/Movement/AnimBP_0.uasset.
[2017.06.27-00.50.16:777][621]LoadErrors:Error: Error /Game/Character/Animations/Movement/AnimBP_0 : Can't find file for asset. /Game/Character/Animations/Aiming/CharAim_rifle
[2017.06.27-00.50.17:656][621]LogLinker:Warning: Can't find file '/Game/Character/Animations/Aiming/CharAim_rifle'
[2017.06.27-00.50.17:656][621]LogLinker:Warning: Can't find file for asset '/Game/Character/Animations/Aiming/CharAim_rifle' while loading ../../../../Prj's/Marduk_0/Content/Character/Character_0.uasset.
[2017.06.27-00.50.17:656][621]LoadErrors:Error: Error /Game/Character/Character_0 : Can't find file for asset. /Game/Character/Animations/Aiming/CharAim_rifle
[2017.06.27-00.50.17:657][621]LogLinker:Warning: Can't find file '/Game/Character/Animations/Aiming/CharAim_rifle'
[2017.06.27-00.50.17:657][621]LogLinker:Warning: Can't find file for asset '/Game/Character/Animations/Aiming/CharAim_rifle' while loading ../../../../Prj's/Marduk_0/Content/Character/Character_0.uasset.
[2017.06.27-00.50.17:658][621]LogLinker:Warning: Can't find file '/Game/Character/Animations/Aiming/CharAim_rifle'
[2017.06.27-00.50.17:658][621]LoadErrors: Info Failed to load /Game/Character/Animations/Aiming/CharAim_rifle.CharAim_Rifle Referenced by Default__AnimBP_0_C
[2017.06.27-00.50.17:658][621]LogLinker:Warning: Can't find file for asset '/Game/Character/Animations/Aiming/CharAim_rifle' while loading ../../../../Prj's/Marduk_0/Content/Character/Character_0.uasset.
[2017.06.27-00.50.17:662][621]LogLinker:Warning: Can't find file '/Game/Character/Animations/Aiming/CharAim_rifle'
[2017.06.27-00.50.17:662][621]LoadErrors: Info Failed to load /Game/Character/Animations/Aiming/CharAim_rifle.CharAim_Rifle Referenced by AnimGraphNode_RotationOffsetBlendSpace_0
[2017.06.27-00.50.17:662][621]LogLinker:Warning: Can't find file for asset '/Game/Character/Animations/Aiming/CharAim_rifle' while loading ../../../../Prj's/Marduk_0/Content/Character/Character_0.uasset.
[2017.06.27-00.50.17:838][621]LogBlueprint:Error: [Compiler AnimBP_0] Error  AimOffset '(None)'  references an unknown blend space
[2017.06.27-00.50.17:860][621]LogBlueprint:Error: [Compiler AnimBP_0] Error Missing allocated node for AnimGraphNode_RotationOffsetBlendSpace_1 while searching for node links - likely due to the node having outstanding errors.
[2017.06.27-00.50.17:906][621]LogBlueprint:Warning: [Compiler AnimBP_0] Warning [0155.18] Compile of AnimBP_0 failed. 2 Fatal Issue(s) 0 Warning(s) [in 74 ms] (/Game/Character/Animations/Movement/AnimBP_0.AnimBP_0)
[2017.06.27-00.50.17:906][621]LogBlueprint:Warning: [Compiler AnimBP_0] Warning [0155.18] Compile of AnimBP_0 failed. 2 Fatal Issue(s) 1 Warning(s) [in 0 ms] (/Game/Character/Animations/Movement/AnimBP_0.AnimBP_0)
[2017.06.27-00.50.17:906][621]LogBlueprint:Warning: [Compiler AnimBP_0] Warning [0155.18] Compile of AnimBP_0 failed. 2 Fatal Issue(s) 2 Warning(s) [in 0 ms] (/Game/Character/Animations/Movement/AnimBP_0.AnimBP_0)
[2017.06.27-00.50.17:993][621]LogBlueprint:Error: [Compiler AnimBP_0] Error  AimOffset '(None)'  references an unknown blend space
[2017.06.27-00.50.18:000][621]LogBlueprint:Error: [Compiler AnimBP_0] Error Missing allocated node for AnimGraphNode_RotationOffsetBlendSpace_3 while searching for node links - likely due to the node having outstanding errors.
[2017.06.27-00.50.18:022][621]LogBlueprint:Warning: [Compiler AnimBP_0] Warning [0155.29] Compile of AnimBP_0 failed. 2 Fatal Issue(s) 0 Warning(s) [in 39 ms] (/Game/Character/Animations/Movement/AnimBP_0.AnimBP_0)
[2017.06.27-00.50.18:022][621]LogBlueprint:Warning: [Compiler AnimBP_0] Warning [0155.29] Compile of AnimBP_0 failed. 2 Fatal Issue(s) 1 Warning(s) [in 0 ms] (/Game/Character/Animations/Movement/AnimBP_0.AnimBP_0)
[2017.06.27-00.50.18:022][621]LogBlueprint:Warning: [Compiler AnimBP_0] Warning [0155.29] Compile of AnimBP_0 failed. 2 Fatal Issue(s) 2 Warning(s) [in 0 ms] (/Game/Character/Animations/Movement/AnimBP_0.AnimBP_0)
[2017.06.27-00.50.18:031][621]LogLinker:Warning: Can't find file '/Game/Character/Animations/Aiming/CharAim_rifle'
[2017.06.27-00.50.18:031][621]LogLinker:Warning: Can't find file for asset '/Game/Character/Animations/Aiming/CharAim_rifle' while loading ../../../../Prj's/Marduk_0/Content/Character/Animations/Movement/AnimBP_0.uasset.
[2017.06.27-00.50.21:016][621]LogContentBrowser: Native class hierarchy updated for 'SkeletonEditor' in 0.0008 seconds. Added 1 classes and 2 folders.
[2017.06.27-00.50.21:491][621]LogSlate: Took 0.014529 seconds to synchronously load lazily loaded font '../../../Engine/Content/Slate/Fonts/Roboto-Regular.ttf' (155K)
[2017.06.27-00.50.21:773][621]LogActorComponent: RegisterComponentWithWorld: (/Engine/Transient.World_1:PersistentLevel.Actor_0.DebugSkelMeshComponent_0) Already registered. Aborting.
[2017.06.27-00.50.23:235][621]LogContentBrowser: Native class hierarchy updated for 'BlueprintGraph' in 0.0011 seconds. Added 112 classes and 0 folders.
[2017.06.27-00.50.25:413][621]LogSkeletalMesh: USkeletalMeshComponent::InitArticulated : Bodies already created (/Engine/Transient.World_1:PersistentLevel.Actor_0.DebugSkelMeshComponent_0) - call TermArticulated first.
[2017.06.27-00.50.27:324][621]LogSlate: Took 0.039018 seconds to synchronously load lazily loaded font '../../../Engine/Content/Editor/Slate/Fonts/Roboto-BoldCondensed.ttf' (158K)
[2017.06.27-00.50.27:523][621]LogContentBrowser: Native class hierarchy updated for 'ClothingSystemEditorInterface' in 0.0006 seconds. Added 1 classes and 0 folders.
[2017.06.27-00.50.28:368][622]LogSlate: Took 0.041611 seconds to synchronously load lazily loaded font '../../../Engine/Content/Editor/Slate/Fonts/Roboto-Italic.ttf' (157K)
[2017.06.27-00.50.59:350][860]BlueprintLog: New page: Compile AnimBP_0
[2017.06.27-00.50.59:418][860]LogBlueprint:Error: [Compiler AnimBP_0] Error  AimOffset '(None)'  references an unknown blend space
[2017.06.27-00.50.59:424][860]LogBlueprint:Error: [Compiler AnimBP_0] Error Missing allocated node for AnimGraphNode_RotationOffsetBlendSpace_6 while searching for node links - likely due to the node having outstanding errors.
[2017.06.27-00.50.59:830][860]BlueprintEditorCompileResults:Error: Error  AimOffset '(None)'  references an unknown blend space
[2017.06.27-00.50.59:830][860]BlueprintEditorCompileResults:Error: Error Missing allocated node for AnimGraphNode_RotationOffsetBlendSpace_6 while searching for node links - likely due to the node having outstanding errors.
[2017.06.27-00.50.59:831][860]LogBlueprint:Warning: [Compiler AnimBP_0] Warning [0197.10] Compile of AnimBP_0 failed. 2 Fatal Issue(s) 0 Warning(s) [in 480 ms] (/Game/Character/Animations/Movement/AnimBP_0.AnimBP_0)
[2017.06.27-00.51.03:601][ 10]LogEditorTransaction: Undo Delete current selection
[2017.06.27-00.51.03:828][ 10]LogActorComponent: RegisterComponentWithWorld: (/Engine/Transient.World_1:PersistentLevel.Actor_0.DebugSkelMeshComponent_0) Already registered. Aborting.
[2017.06.27-00.51.05:403][ 62]LogEditorTransaction: Undo Add Node
[2017.06.27-00.51.05:614][ 62]LogActorComponent: RegisterComponentWithWorld: (/Engine/Transient.World_1:PersistentLevel.Actor_0.DebugSkelMeshComponent_0) Already registered. Aborting.
[2017.06.27-00.51.06:343][ 88]LogEditorTransaction: Undo Break Pin Links
[2017.06.27-00.51.06:518][ 88]LogActorComponent: RegisterComponentWithWorld: (/Engine/Transient.World_1:PersistentLevel.Actor_0.DebugSkelMeshComponent_0) Already registered. Aborting.
[2017.06.27-00.51.07:514][126]LogEditorTransaction: Undo Break Pin Links
[2017.06.27-00.51.07:686][126]LogActorComponent: RegisterComponentWithWorld: (/Engine/Transient.World_1:PersistentLevel.Actor_0.DebugSkelMeshComponent_0) Already registered. Aborting.
[2017.06.27-00.51.09:101][185]LogEditorTransaction: Undo Break Pin Links
[2017.06.27-00.51.09:302][185]LogActorComponent: RegisterComponentWithWorld: (/Engine/Transient.World_1:PersistentLevel.Actor_0.DebugSkelMeshComponent_0) Already registered. Aborting.
[2017.06.27-00.51.13:587][362]BlueprintLog: New page: Compile AnimBP_0
[2017.06.27-00.51.13:657][362]LogBlueprint:Error: [Compiler AnimBP_0] Error  AimOffset '(None)'  references an unknown blend space
[2017.06.27-00.51.13:664][362]LogBlueprint:Error: [Compiler AnimBP_0] Error Missing allocated node for AnimGraphNode_RotationOffsetBlendSpace_9 while searching for node links - likely due to the node having outstanding errors.
[2017.06.27-00.51.13:976][362]BlueprintEditorCompileResults:Error: Error  AimOffset '(None)'  references an unknown blend space
[2017.06.27-00.51.13:976][362]BlueprintEditorCompileResults:Error: Error Missing allocated node for AnimGraphNode_RotationOffsetBlendSpace_9 while searching for node links - likely due to the node having outstanding errors.
[2017.06.27-00.51.13:976][362]LogBlueprint:Warning: [Compiler AnimBP_0] Warning [0211.25] Compile of AnimBP_0 failed. 2 Fatal Issue(s) 0 Warning(s) [in 389 ms] (/Game/Character/Animations/Movement/AnimBP_0.AnimBP_0)
[2017.06.27-00.51.19:313][590]LogEditorTransaction: Undo Break Pin Links
[2017.06.27-00.51.19:477][590]LogActorComponent: RegisterComponentWithWorld: (/Engine/Transient.World_1:PersistentLevel.Actor_0.DebugSkelMeshComponent_0) Already registered. Aborting.
[2017.06.27-00.51.20:645][633]LogEditorTransaction: Undo Add Node
[2017.06.27-00.51.20:829][633]LogActorComponent: RegisterComponentWithWorld: (/Engine/Transient.World_1:PersistentLevel.Actor_0.DebugSkelMeshComponent_0) Already registered. Aborting.
[2017.06.27-00.51.21:383][655]LogEditorTransaction: Undo Add Node
[2017.06.27-00.51.21:574][655]LogActorComponent: RegisterComponentWithWorld: (/Engine/Transient.World_1:PersistentLevel.Actor_0.DebugSkelMeshComponent_0) Already registered. Aborting.
[2017.06.27-00.51.22:100][677]LogEditorTransaction: Undo Add Node
[2017.06.27-00.51.22:292][677]LogActorComponent: RegisterComponentWithWorld: (/Engine/Transient.World_1:PersistentLevel.Actor_0.DebugSkelMeshComponent_0) Already registered. Aborting.
[2017.06.27-00.51.22:654][692]LogEditorTransaction: Undo Break Pin Links
[2017.06.27-00.51.22:834][692]LogActorComponent: RegisterComponentWithWorld: (/Engine/Transient.World_1:PersistentLevel.Actor_0.DebugSkelMeshComponent_0) Already registered. Aborting.
[2017.06.27-00.51.23:063][699]LogEditorTransaction: Undo Break Pin Links
[2017.06.27-00.51.23:243][699]LogActorComponent: RegisterComponentWithWorld: (/Engine/Transient.World_1:PersistentLevel.Actor_0.DebugSkelMeshComponent_0) Already registered. Aborting.
[2017.06.27-00.51.23:325][701]LogEditorTransaction: Undo Break Pin Links
[2017.06.27-00.51.23:508][701]LogActorComponent: RegisterComponentWithWorld: (/Engine/Transient.World_1:PersistentLevel.Actor_0.DebugSkelMeshComponent_0) Already registered. Aborting.
[2017.06.27-00.51.23:509][701]LogEditorTransaction: Undo Break Pin Links
[2017.06.27-00.51.23:678][701]LogActorComponent: RegisterComponentWithWorld: (/Engine/Transient.World_1:PersistentLevel.Actor_0.DebugSkelMeshComponent_0) Already registered. Aborting.
[2017.06.27-00.51.23:749][702]LogEditorTransaction: Undo Break Pin Links
[2017.06.27-00.51.23:928][702]LogActorComponent: RegisterComponentWithWorld: (/Engine/Transient.World_1:PersistentLevel.Actor_0.DebugSkelMeshComponent_0) Already registered. Aborting.
[2017.06.27-00.51.23:929][702]LogEditorTransaction: Undo Break Pin Links
[2017.06.27-00.51.24:095][702]LogActorComponent: RegisterComponentWithWorld: (/Engine/Transient.World_1:PersistentLevel.Actor_0.DebugSkelMeshComponent_0) Already registered. Aborting.
[2017.06.27-00.51.24:096][702]LogEditorTransaction: Undo Break Pin Links
[2017.06.27-00.51.24:253][702]LogActorComponent: RegisterComponentWithWorld: (/Engine/Transient.World_1:PersistentLevel.Actor_0.DebugSkelMeshComponent_0) Already registered. Aborting.
[2017.06.27-00.51.24:255][702]LogEditorTransaction: Undo Break Pin Links
[2017.06.27-00.51.24:419][702]LogActorComponent: RegisterComponentWithWorld: (/Engine/Transient.World_1:PersistentLevel.Actor_0.DebugSkelMeshComponent_0) Already registered. Aborting.
[2017.06.27-00.51.25:419][743]LogEditorTransaction: Undo Break Pin Links
[2017.06.27-00.51.25:639][743]LogActorComponent: RegisterComponentWithWorld: (/Engine/Transient.World_1:PersistentLevel.Actor_0.DebugSkelMeshComponent_0) Already registered. Aborting.
[2017.06.27-00.51.49:879][799]LogEditorTransaction: Undo Break Pin Links
[2017.06.27-00.51.50:007][799]LogActorComponent: RegisterComponentWithWorld: (/Engine/Transient.World_1:PersistentLevel.Actor_0.DebugSkelMeshComponent_0) Already registered. Aborting.
[2017.06.27-00.51.50:846][835]LogEditorTransaction: Undo Break Pin Links
[2017.06.27-00.51.50:981][835]LogActorComponent: RegisterComponentWithWorld: (/Engine/Transient.World_1:PersistentLevel.Actor_0.DebugSkelMeshComponent_0) Already registered. Aborting.
[2017.06.27-00.51.51:708][876]LogEditorTransaction: Undo Break Pin Links
[2017.06.27-00.51.51:842][876]LogActorComponent: RegisterComponentWithWorld: (/Engine/Transient.World_1:PersistentLevel.Actor_0.DebugSkelMeshComponent_0) Already registered. Aborting.
[2017.06.27-00.51.52:927][938]LogEditorTransaction: Undo Add Node
[2017.06.27-00.51.53:067][938]LogActorComponent: RegisterComponentWithWorld: (/Engine/Transient.World_1:PersistentLevel.Actor_0.DebugSkelMeshComponent_0) Already registered. Aborting.
[2017.06.27-00.51.53:856][982]LogEditorTransaction: Undo Add Node
[2017.06.27-00.51.53:998][982]LogActorComponent: RegisterComponentWithWorld: (/Engine/Transient.World_1:PersistentLevel.Actor_0.DebugSkelMeshComponent_0) Already registered. Aborting.
[2017.06.27-00.52.05:594][660]BlueprintLog: New page: Compile AnimBP_0
[2017.06.27-00.52.05:638][660]LogBlueprint:Error: [Compiler AnimBP_0] Error  AimOffset '(None)'  references an unknown blend space
[2017.06.27-00.52.05:648][660]LogBlueprint:Error: [Compiler AnimBP_0] Error Missing allocated node for AnimGraphNode_RotationOffsetBlendSpace_11 while searching for node links - likely due to the node having outstanding errors.
[2017.06.27-00.52.05:911][660]BlueprintEditorCompileResults:Error: Error  AimOffset '(None)'  references an unknown blend space
[2017.06.27-00.52.05:911][660]BlueprintEditorCompileResults:Error: Error Missing allocated node for AnimGraphNode_RotationOffsetBlendSpace_11 while searching for node links - likely due to the node having outstanding errors.
[2017.06.27-00.52.05:911][660]LogBlueprint:Warning: [Compiler AnimBP_0] Warning [0263.18] Compile of AnimBP_0 failed. 2 Fatal Issue(s) 0 Warning(s) [in 317 ms] (/Game/Character/Animations/Movement/AnimBP_0.AnimBP_0)
[2017.06.27-00.52.08:156][771]Cmd: OBJ SAVEPACKAGE PACKAGE="/Game/Character/Animations/Movement/AnimBP_0" FILE="../../../../Prj's/Marduk_0/Content/Character/Animations/Movement/AnimBP_0.uasset" SILENT=true
[2017.06.27-00.52.08:664][771]LogSavePackage: Save=365.19ms
[2017.06.27-00.52.08:664][771]LogSavePackage: Moving '../../../../Prj's/Marduk_0/Saved/AnimBP_0CA29A3DF4D4EF12F519A84ACC20B25B7.tmp' to '../../../../Prj's/Marduk_0/Content/Character/Animations/Movement/AnimBP_0.uasset'
[2017.06.27-00.52.08:683][771]LogSavePackage:Display: Finished SavePackage ../../../../Prj's/Marduk_0/Content/Character/Animations/Movement/AnimBP_0.uasset
[2017.06.27-00.52.13:292][853]Cmd: QUIT_EDITOR
[2017.06.27-00.52.13:305][853]LogWindowsTextInputMethodSystem:Display: IME system now deactivated.
[2017.06.27-00.52.13:317][853]LogExit: Preparing to exit.
[2017.06.27-00.52.14:139][853]LogDirectoryWatcher: A directory notification for 'D:/UE4/Prj's/Marduk_0/Content/' was aborted.
[2017.06.27-00.52.14:183][853]LogExit: Editor shut down
[2017.06.27-00.52.14:189][853]LogExit: Transaction tracking system shut down
[2017.06.27-00.52.14:328][853]LogObj: Freed 0b from 0 cluster array pools.
[2017.06.27-00.52.14:328][853]LogExit: Object subsystem successfully closed.
[2017.06.27-00.52.14:352][853]LogD3D11RHI: Shutdown
[2017.06.27-00.52.14:352][853]LogD3D11RHI: CleanupD3DDevice
[2017.06.27-00.52.14:455][853]LogD3D11RHI: ~FD3D11DynamicRHI
[2017.06.27-00.52.14:470][853]LogModuleManager: Shutting down and abandoning module ClothingSystemEditorInterface (534)
[2017.06.27-00.52.14:470][853]LogModuleManager: Shutting down and abandoning module BlueprintGraph (532)
[2017.06.27-00.52.14:470][853]LogModuleManager: Shutting down and abandoning module BlueprintProfiler (530)
[2017.06.27-00.52.14:480][853]LogModuleManager: Shutting down and abandoning module SkeletonEditor (528)
[2017.06.27-00.52.14:480][853]LogModuleManager: Shutting down and abandoning module AnimationBlueprintEditor (526)
[2017.06.27-00.52.14:480][853]LogModuleManager: Shutting down and abandoning module HierarchicalLODOutliner (524)
[2017.06.27-00.52.14:480][853]LogModuleManager: Shutting down and abandoning module CrashTracker (522)
[2017.06.27-00.52.14:480][853]LogModuleManager: Shutting down and abandoning module SceneOutliner (520)
[2017.06.27-00.52.14:480][853]LogModuleManager: Shutting down and abandoning module AddContentDialog (518)
[2017.06.27-00.52.14:480][853]LogDirectoryWatcher: A directory notification for 'D:/UE4/UE_4.16/FeaturePacks/' was aborted.
[2017.06.27-00.52.14:481][853]LogModuleManager: Shutting down and abandoning module WidgetCarousel (517)
[2017.06.27-00.52.14:482][853]LogModuleManager: Shutting down and abandoning module EditorWidgets (514)
[2017.06.27-00.52.14:482][853]LogModuleManager: Shutting down and abandoning module CollectionManager (512)
[2017.06.27-00.52.14:482][853]LogDirectoryWatcher: A directory notification for 'D:/UE4/Prj's/Marduk_0/Content/Collections/' was aborted.
[2017.06.27-00.52.14:482][853]LogDirectoryWatcher: A directory notification for 'D:/UE4/Prj's/Marduk_0/Content/Developers/Joseey/Collections/' was aborted.
[2017.06.27-00.52.14:482][853]LogDirectoryWatcher: A directory notification for 'D:/UE4/Prj's/Marduk_0/Saved/Collections/' was aborted.
[2017.06.27-00.52.14:482][853]LogModuleManager: Shutting down and abandoning module StatsViewer (510)
[2017.06.27-00.52.14:482][853]LogModuleManager: Shutting down and abandoning module FoliageEdit (508)
[2017.06.27-00.52.14:482][853]LogModuleManager: Shutting down and abandoning module LandscapeEditor (506)
[2017.06.27-00.52.14:482][853]LogModuleManager: Shutting down and abandoning module MeshPaintMode (504)
[2017.06.27-00.52.14:482][853]LogModuleManager: Shutting down and abandoning module SceneDepthPickerMode (502)
[2017.06.27-00.52.14:482][853]LogModuleManager: Shutting down and abandoning module ActorPickerMode (500)
[2017.06.27-00.52.14:482][853]LogModuleManager: Shutting down and abandoning module GeometryMode (498)
[2017.06.27-00.52.14:482][853]LogModuleManager: Shutting down and abandoning module TextureAlignMode (496)
[2017.06.27-00.52.14:482][853]LogModuleManager: Shutting down and abandoning module BspMode (494)
[2017.06.27-00.52.14:482][853]LogModuleManager: Shutting down and abandoning module HardwareSurvey (492)
[2017.06.27-00.52.14:482][853]LogModuleManager: Shutting down and abandoning module SequenceRecorderSections (490)
[2017.06.27-00.52.14:482][853]LogModuleManager: Shutting down and abandoning module AutomationWorker (488)
[2017.06.27-00.52.14:482][853]LogModuleManager: Shutting down and abandoning module MatineeToLevelSequence (486)
[2017.06.27-00.52.14:482][853]LogModuleManager: Shutting down and abandoning module LevelSequenceEditor (484)
[2017.06.27-00.52.14:482][853]LogModuleManager: Shutting down and abandoning module PlacementMode (483)
[2017.06.27-00.52.14:482][853]LogModuleManager: Shutting down and abandoning module WmfMediaFactory (480)
[2017.06.27-00.52.14:482][853]LogModuleManager: Shutting down and abandoning module WmfMediaEditor (478)
[2017.06.27-00.52.14:482][853]LogModuleManager: Shutting down and abandoning module AvfMediaFactory (476)
[2017.06.27-00.52.14:482][853]LogModuleManager: Shutting down and abandoning module AvfMediaEditor (474)
[2017.06.27-00.52.14:482][853]LogModuleManager: Shutting down and abandoning module AndroidMediaFactory (472)
[2017.06.27-00.52.14:482][853]LogModuleManager: Shutting down and abandoning module Media (471)
[2017.06.27-00.52.14:482][853]LogModuleManager: Shutting down and abandoning module AndroidMediaEditor (468)
[2017.06.27-00.52.14:482][853]LogModuleManager: Shutting down and abandoning module CharacterAI (466)
[2017.06.27-00.52.14:482][853]LogModuleManager: Shutting down and abandoning module AudioCapture (464)
[2017.06.27-00.52.14:482][853]LogModuleManager: Shutting down and abandoning module SequenceRecorder (463)
[2017.06.27-00.52.14:482][853]LogModuleManager: Shutting down and abandoning module SmartSnapping (460)
[2017.06.27-00.52.14:482][853]LogModuleManager: Shutting down and abandoning module SessionServices (458)
[2017.06.27-00.52.14:482][853]LogModuleManager: Shutting down and abandoning module ViewportSnapping (456)
[2017.06.27-00.52.14:482][853]LogModuleManager: Shutting down and abandoning module ViewportInteraction (454)
[2017.06.27-00.52.14:482][853]LogModuleManager: Shutting down and abandoning module ClothPainter (452)
[2017.06.27-00.52.14:482][853]LogModuleManager: Shutting down and abandoning module LogVisualizer (450)
[2017.06.27-00.52.14:482][853]LogModuleManager: Shutting down and abandoning module IntroTutorials (448)
[2017.06.27-00.52.14:482][853]LogModuleManager: Shutting down and abandoning module GameProjectGeneration (447)
[2017.06.27-00.52.14:482][853]LogModuleManager: Shutting down and abandoning module EditorLiveStreaming (444)
[2017.06.27-00.52.14:482][853]LogModuleManager: Shutting down and abandoning module IOSPlatformEditor (442)
[2017.06.27-00.52.14:483][853]LogModuleManager: Shutting down and abandoning module HTML5PlatformEditor (440)
[2017.06.27-00.52.14:483][853]LogModuleManager: Shutting down and abandoning module AndroidPlatformEditor (438)
[2017.06.27-00.52.14:483][853]LogModuleManager: Shutting down and abandoning module AndroidDeviceDetection (437)
[2017.06.27-00.52.14:605][853]LogModuleManager: Shutting down and abandoning module IOSRuntimeSettings (434)
[2017.06.27-00.52.14:605][853]LogModuleManager: Shutting down and abandoning module AndroidRuntimeSettings (432)
[2017.06.27-00.52.14:605][853]LogModuleManager: Shutting down and abandoning module InputBindingEditor (430)
[2017.06.27-00.52.14:605][853]LogModuleManager: Shutting down and abandoning module MergeActors (428)
[2017.06.27-00.52.14:605][853]LogModuleManager: Shutting down and abandoning module SizeMap (426)
[2017.06.27-00.52.14:605][853]LogModuleManager: Shutting down and abandoning module TreeMap (424)
[2017.06.27-00.52.14:605][853]LogModuleManager: Shutting down and abandoning module ReferenceViewer (422)
[2017.06.27-00.52.14:605][853]LogModuleManager: Shutting down and abandoning module LocalizationDashboard (420)
[2017.06.27-00.52.14:605][853]LogModuleManager: Shutting down and abandoning module LocalizationService (419)
[2017.06.27-00.52.14:605][853]LogModuleManager: Shutting down and abandoning module HardwareTargeting (416)
[2017.06.27-00.52.14:605][853]LogModuleManager: Shutting down and abandoning module DeviceProfileEditor (414)
[2017.06.27-00.52.14:605][853]LogModuleManager: Shutting down and abandoning module UndoHistory (412)
[2017.06.27-00.52.14:605][853]LogModuleManager: Shutting down and abandoning module UserFeedback (410)
[2017.06.27-00.52.14:605][853]LogModuleManager: Shutting down and abandoning module XmlParser (408)
[2017.06.27-00.52.14:605][853]LogModuleManager: Shutting down and abandoning module Blutility (406)
[2017.06.27-00.52.14:606][853]LogModuleManager: Shutting down and abandoning module ProjectSettingsViewer (404)
[2017.06.27-00.52.14:606][853]LogModuleManager: Shutting down and abandoning module ProjectTargetPlatformEditor (403)
[2017.06.27-00.52.14:606][853]LogModuleManager: Shutting down and abandoning module EditorSettingsViewer (400)
[2017.06.27-00.52.14:606][853]LogModuleManager: Shutting down and abandoning module SettingsEditor (398)
[2017.06.27-00.52.14:606][853]LogModuleManager: Shutting down and abandoning module ProjectLauncher (396)
[2017.06.27-00.52.14:606][853]LogModuleManager: Shutting down and abandoning module SessionFrontend (394)
[2017.06.27-00.52.14:606][853]LogModuleManager: Shutting down and abandoning module ProfilerClient (392)
[2017.06.27-00.52.14:606][853]LogModuleManager: Shutting down and abandoning module DeviceManager (390)
[2017.06.27-00.52.14:606][853]LogModuleManager: Shutting down and abandoning module TargetDeviceServices (389)
[2017.06.27-00.52.14:659][853]LogModuleManager: Shutting down and abandoning module AutomationController (386)
[2017.06.27-00.52.14:660][853]LogModuleManager: Shutting down and abandoning module AutomationWindow (384)
[2017.06.27-00.52.14:661][853]LogModuleManager: Shutting down and abandoning module Layers (382)
[2017.06.27-00.52.14:661][853]LogModuleManager: Shutting down and abandoning module ComponentVisualizers (380)
[2017.06.27-00.52.14:661][853]LogModuleManager: Shutting down and abandoning module DetailCustomizations (378)
[2017.06.27-00.52.14:662][853]LogModuleManager: Shutting down and abandoning module PackagesDialog (376)
[2017.06.27-00.52.14:664][853]LogModuleManager: Shutting down and abandoning module Persona (374)
[2017.06.27-00.52.14:664][853]LogModuleManager: Shutting down and abandoning module AdvancedPreviewScene (373)
[2017.06.27-00.52.14:664][853]LogModuleManager: Shutting down and abandoning module AnimGraph (371)
[2017.06.27-00.52.14:664][853]LogModuleManager: Shutting down and abandoning module Kismet (368)
[2017.06.27-00.52.14:687][853]LogModuleManager: Shutting down and abandoning module ClassViewer (366)
[2017.06.27-00.52.14:687][853]LogModuleManager: Shutting down and abandoning module Toolbox (364)
[2017.06.27-00.52.14:687][853]LogModuleManager: Shutting down and abandoning module ModuleUI (362)
[2017.06.27-00.52.14:687][853]LogModuleManager: Shutting down and abandoning module MovieSceneTools (360)
[2017.06.27-00.52.14:688][853]LogModuleManager: Shutting down and abandoning module OutputLog (358)
[2017.06.27-00.52.14:688][853]LogModuleManager: Shutting down and abandoning module GammaUI (356)
[2017.06.27-00.52.14:688][853]LogModuleManager: Shutting down and abandoning module Documentation (354)
[2017.06.27-00.52.14:688][853]LogModuleManager: Shutting down and abandoning module MovieSceneTracks (352)
[2017.06.27-00.52.14:688][853]LogModuleManager: Shutting down and abandoning module MovieScene (350)
[2017.06.27-00.52.14:688][853]LogModuleManager: Shutting down and abandoning module Niagara (348)
[2017.06.27-00.52.14:688][853]LogModuleManager: Shutting down and abandoning module NiagaraEditor (347)
[2017.06.27-00.52.14:688][853]LogModuleManager: Shutting down and abandoning module StreamingPauseRendering (344)
[2017.06.27-00.52.14:688][853]LogModuleManager: Shutting down and abandoning module AnalyticsET (342)
[2017.06.27-00.52.14:688][853]LogModuleManager: Shutting down and abandoning module PortalServices (340)
[2017.06.27-00.52.14:688][853]LogModuleManager: Shutting down and abandoning module PortalRpc (338)
[2017.06.27-00.52.14:688][853]LogModuleManager: Shutting down and abandoning module MessagingRpc (336)
[2017.06.27-00.52.14:688][853]LogModuleManager: Shutting down and abandoning module AIModule (334)
[2017.06.27-00.52.14:688][853]LogModuleManager: Shutting down and abandoning module GameplayDebugger (333)
[2017.06.27-00.52.14:688][853]LogModuleManager: Shutting down and abandoning module AITestSuite (331)
[2017.06.27-00.52.14:688][853]LogModuleManager: Shutting down and abandoning module ProfilerService (328)
[2017.06.27-00.52.14:880][853]LogModuleManager: Shutting down and abandoning module TaskGraph (326)
[2017.06.27-00.52.14:880][853]LogModuleManager: Shutting down and abandoning module SteamVRController (324)
[2017.06.27-00.52.14:880][853]LogModuleManager: Shutting down and abandoning module SteamVR (322)
[2017.06.27-00.52.14:880][853]LogModuleManager: Shutting down and abandoning module ProceduralMeshComponentEditor (320)
[2017.06.27-00.52.14:880][853]LogModuleManager: Shutting down and abandoning module ProceduralMeshComponent (318)
[2017.06.27-00.52.14:880][853]LogModuleManager: Shutting down and abandoning module OculusLibrary (316)
[2017.06.27-00.52.14:881][853]LogModuleManager: Shutting down and abandoning module OculusInput (314)
[2017.06.27-00.52.14:881][853]LogModuleManager: Shutting down and abandoning module MobilePatchingUtils (312)
[2017.06.27-00.52.14:881][853]LogModuleManager: Shutting down and abandoning module CustomMeshComponent (310)
[2017.06.27-00.52.14:881][853]LogModuleManager: Shutting down and abandoning module CableComponent (308)
[2017.06.27-00.52.14:881][853]LogModuleManager: Shutting down and abandoning module ArchVisCharacter (306)
[2017.06.27-00.52.14:881][853]LogModuleManager: Shutting down and abandoning module AndroidPermission (304)
[2017.06.27-00.52.14:881][853]LogModuleManager: Shutting down and abandoning module MediaPlayerEditor (300)
[2017.06.27-00.52.14:881][853]LogModuleManager: Shutting down and abandoning module HTML5Networking (298)
[2017.06.27-00.52.14:881][853]LogModuleManager: Shutting down and abandoning module AlembicImporter (296)
[2017.06.27-00.52.14:881][853]LogModuleManager: Shutting down and abandoning module AlembicLibrary (295)
[2017.06.27-00.52.14:881][853]LogModuleManager: Shutting down and abandoning module GeometryCache (294)
[2017.06.27-00.52.14:881][853]LogModuleManager: Shutting down and abandoning module GeometryCacheEd (293)
[2017.06.27-00.52.14:881][853]LogModuleManager: Shutting down and abandoning module SuperSearchEditor (288)
[2017.06.27-00.52.14:881][853]LogModuleManager: Shutting down and abandoning module SuperSearch (287)
[2017.06.27-00.52.14:881][853]LogModuleManager: Shutting down and abandoning module SpeedTreeImporter (284)
[2017.06.27-00.52.14:881][853]LogModuleManager: Shutting down and abandoning module PluginBrowser (282)
[2017.06.27-00.52.14:881][853]LogModuleManager: Shutting down and abandoning module MobileLauncherProfileWizard (280)
[2017.06.27-00.52.14:882][853]LogModuleManager: Shutting down and abandoning module VisualStudioSourceCodeAccess (278)
[2017.06.27-00.52.14:882][853]LogModuleManager: Shutting down and abandoning module DesktopPlatform (277)
[2017.06.27-00.52.14:882][853]LogModuleManager: Shutting down and abandoning module UObjectPlugin (274)
[2017.06.27-00.52.14:882][853]LogModuleManager: Shutting down and abandoning module SubversionSourceControl (272)
[2017.06.27-00.52.14:882][853]LogModuleManager: Shutting down and abandoning module PerforceSourceControl (270)
[2017.06.27-00.52.14:882][853]LogModuleManager: Shutting down and abandoning module GitSourceControl (268)
[2017.06.27-00.52.14:882][853]LogModuleManager: Shutting down and abandoning module SourceControl (267)
[2017.06.27-00.52.14:882][853]LogModuleManager: Shutting down and abandoning module LightPropagationVolumeEditor (264)
[2017.06.27-00.52.14:882][853]LogModuleManager: Shutting down and abandoning module PaperTiledImporter (262)
[2017.06.27-00.52.14:882][853]LogModuleManager: Shutting down and abandoning module PaperSpriteSheetImporter (260)
[2017.06.27-00.52.14:883][853]LogModuleManager: Shutting down and abandoning module Paper2DEditor (258)
[2017.06.27-00.52.14:883][853]LogModuleManager: Shutting down and abandoning module MeshPaint (257)
[2017.06.27-00.52.14:883][853]LogModuleManager: Shutting down and abandoning module LevelEditor (255)
[2017.06.27-00.52.14:886][853]LogModuleManager: Shutting down and abandoning module PixelInspectorModule (254)
[2017.06.27-00.52.14:886][853]LogModuleManager: Shutting down and abandoning module MainFrame (252)
[2017.06.27-00.52.14:886][853]LogModuleManager: Shutting down and abandoning module HotReload (251)
[2017.06.27-00.52.14:888][853]LogModuleManager: Shutting down and abandoning module PhysXVehiclesEditor (246)
[2017.06.27-00.52.14:888][853]LogModuleManager: Shutting down and abandoning module PhysXVehicles (244)
[2017.06.27-00.52.14:888][853]LogModuleManager: Shutting down and abandoning module LocationServicesBPLibrary (242)
[2017.06.27-00.52.14:888][853]LogModuleManager: Shutting down and abandoning module ImmediatePhysicsEditor (240)
[2017.06.27-00.52.14:888][853]LogModuleManager: Shutting down and abandoning module ImmediatePhysics (238)
[2017.06.27-00.52.14:888][853]LogModuleManager: Shutting down and abandoning module UdpMessaging (236)
[2017.06.27-00.52.14:989][853]LogModuleManager: Shutting down and abandoning module TcpMessaging (234)
[2017.06.27-00.52.15:090][853]LogModuleManager: Shutting down and abandoning module GameplayTagsEditor (232)
[2017.06.27-00.52.15:090][853]LogModuleManager: Shutting down and abandoning module FacialAnimationEditor (230)
[2017.06.27-00.52.15:090][853]LogModuleManager: Shutting down and abandoning module FacialAnimation (228)
[2017.06.27-00.52.15:090][853]LogModuleManager: Shutting down and abandoning module AssetManagerEditor (226)
[2017.06.27-00.52.15:090][853]LogModuleManager: Shutting down and abandoning module GraphEditor (225)
[2017.06.27-00.52.15:090][853]LogModuleManager: Shutting down and abandoning module ContentBrowser (223)
[2017.06.27-00.52.15:092][853]LogModuleManager: Shutting down and abandoning module LightPropagationVolumeRuntime (220)
[2017.06.27-00.52.15:092][853]LogModuleManager: Shutting down and abandoning module Paper2D (218)
[2017.06.27-00.52.15:092][853]LogModuleManager: Shutting down and abandoning module WindowsMoviePlayer (216)
[2017.06.27-00.52.15:092][853]LogModuleManager: Shutting down and abandoning module WmfMedia (214)
[2017.06.27-00.52.15:092][853]LogModuleManager: Shutting down and abandoning module ClothingSystemEditor (212)
[2017.06.27-00.52.15:092][853]LogModuleManager: Shutting down and abandoning module ClothingSystemRuntime (210)
[2017.06.27-00.52.15:092][853]LogModuleManager: Shutting down and abandoning module MediaAssets (208)
[2017.06.27-00.52.15:092][853]LogModuleManager: Shutting down and abandoning module GameLiveStreaming (206)
[2017.06.27-00.52.15:092][853]LogModuleManager: Shutting down and abandoning module VREditor (204)
[2017.06.27-00.52.15:092][853]LogModuleManager: Shutting down and abandoning module StringTableEditor (202)
[2017.06.27-00.52.15:092][853]LogModuleManager: Shutting down and abandoning module GameplayTasksEditor (200)
[2017.06.27-00.52.15:092][853]LogModuleManager: Shutting down and abandoning module BehaviorTreeEditor (198)
[2017.06.27-00.52.15:092][853]LogModuleManager: Shutting down and abandoning module FunctionalTesting (196)
[2017.06.27-00.52.15:092][853]LogModuleManager: Shutting down and abandoning module CollisionAnalyzer (194)
[2017.06.27-00.52.15:092][853]LogModuleManager: Shutting down and abandoning module UMG (192)
[2017.06.27-00.52.15:092][853]LogModuleManager: Shutting down and abandoning module UMGEditor (191)
[2017.06.27-00.52.15:093][853]LogModuleManager: Shutting down and abandoning module Sequencer (190)
[2017.06.27-00.52.15:093][853]LogModuleManager: Shutting down and abandoning module AssetTools (188)
[2017.06.27-00.52.15:093][853]LogModuleManager: Shutting down and abandoning module MessageLog (187)
[2017.06.27-00.52.15:093][853]LogModuleManager: Shutting down and abandoning module WorkspaceMenuStructure (186)
[2017.06.27-00.52.15:093][853]LogModuleManager: Shutting down and abandoning module SlateReflector (180)
[2017.06.27-00.52.15:093][853]LogModuleManager: Shutting down and abandoning module Slate (178)
[2017.06.27-00.52.15:093][853]LogModuleManager: Shutting down and abandoning module EditorStyle (176)
[2017.06.27-00.52.15:096][853]LogModuleManager: Shutting down and abandoning module SourceCodeAccess (174)
[2017.06.27-00.52.15:097][853]LogModuleManager: Shutting down and abandoning module HeadMountedDisplay (172)
[2017.06.27-00.52.15:097][853]LogModuleManager: Shutting down and abandoning module XAudio2 (170)
[2017.06.27-00.52.15:097][853]LogModuleManager: Shutting down and abandoning module Networking (168)
[2017.06.27-00.52.15:097][853]LogModuleManager: Shutting down and abandoning module Core (164)
[2017.06.27-00.52.15:097][853]LogModuleManager: Shutting down and abandoning module AssetRegistry (162)
[2017.06.27-00.52.15:214][853]LogDirectoryWatcher: A directory notification for '../../../Engine/Content/' was aborted.
[2017.06.27-00.52.15:214][853]LogDirectoryWatcher: A directory notification for '../../../../Prj's/Marduk_0/Content/' was aborted.
[2017.06.27-00.52.15:214][853]LogDirectoryWatcher: A directory notification for '../../../Engine/Plugins/2D/Paper2D/Content/' was aborted.
[2017.06.27-00.52.15:214][853]LogDirectoryWatcher: A directory notification for '../../../Engine/Plugins/Runtime/GearVR/Content/' was aborted.
[2017.06.27-00.52.15:217][853]LogModuleManager: Shutting down and abandoning module DirectoryWatcher (161)
[2017.06.27-00.52.15:218][853]LogModuleManager: Shutting down and abandoning module KismetCompiler (158)
[2017.06.27-00.52.15:218][853]LogModuleManager: Shutting down and abandoning module LevelSequence (156)
[2017.06.27-00.52.15:218][853]LogModuleManager: Shutting down and abandoning module PhysXFormats (154)
[2017.06.27-00.52.15:218][853]LogModuleManager: Shutting down and abandoning module MeshUtilities (152)
[2017.06.27-00.52.15:218][853]LogModuleManager: Shutting down and abandoning module SimplygonSwarm (151)
[2017.06.27-00.52.15:218][853]LogModuleManager: Shutting down and abandoning module SimplygonMeshReduction (149)
[2017.06.27-00.52.15:218][853]LogModuleManager: Shutting down and abandoning module QuadricMeshReduction (147)
[2017.06.27-00.52.15:218][853]LogModuleManager: Shutting down and abandoning module DerivedDataCache (144)
[2017.06.27-00.52.15:290][853]LogDerivedDataCache: Shutdown
[2017.06.27-00.52.15:290][853]LogModuleManager: Shutting down and abandoning module TargetPlatform (142)
[2017.06.27-00.52.15:290][853]LogModuleManager: Shutting down and abandoning module VulkanShaderFormat (141)
[2017.06.27-00.52.15:290][853]LogModuleManager: Shutting down and abandoning module ShaderFormatVectorVM (139)
[2017.06.27-00.52.15:290][853]LogModuleManager: Shutting down and abandoning module ShaderFormatOpenGL (137)
[2017.06.27-00.52.15:290][853]LogModuleManager: Shutting down and abandoning module ShaderFormatD3D (135)
[2017.06.27-00.52.15:290][853]LogModuleManager: Shutting down and abandoning module MetalShaderFormat (133)
[2017.06.27-00.52.15:290][853]LogModuleManager: Shutting down and abandoning module TextureFormatUncompressed (131)
[2017.06.27-00.52.15:290][853]LogModuleManager: Shutting down and abandoning module TextureFormatPVR (129)
[2017.06.27-00.52.15:290][853]LogModuleManager: Shutting down and abandoning module TextureFormatDXT (127)
[2017.06.27-00.52.15:290][853]LogModuleManager: Shutting down and abandoning module TextureFormatIntelISPCTexComp (125)
[2017.06.27-00.52.15:290][853]LogModuleManager: Shutting down and abandoning module TextureFormatASTC (123)
[2017.06.27-00.52.15:290][853]LogModuleManager: Shutting down and abandoning module ImageWrapper (122)
[2017.06.27-00.52.15:290][853]LogModuleManager: Shutting down and abandoning module TextureFormatAndroid (119)
[2017.06.27-00.52.15:290][853]LogModuleManager: Shutting down and abandoning module AudioFormatOpus (117)
[2017.06.27-00.52.15:290][853]LogModuleManager: Shutting down and abandoning module AudioFormatOgg (115)
[2017.06.27-00.52.15:290][853]LogModuleManager: Shutting down and abandoning module AudioFormatADPCM (113)
[2017.06.27-00.52.15:290][853]LogModuleManager: Shutting down and abandoning module LinuxTargetPlatform (111)
[2017.06.27-00.52.15:290][853]LogModuleManager: Shutting down and abandoning module LinuxServerTargetPlatform (109)
[2017.06.27-00.52.15:290][853]LogModuleManager: Shutting down and abandoning module LinuxNoEditorTargetPlatform (107)
[2017.06.27-00.52.15:290][853]LogModuleManager: Shutting down and abandoning module LinuxClientTargetPlatform (105)
[2017.06.27-00.52.15:290][853]LogModuleManager: Shutting down and abandoning module TVOSTargetPlatform (103)
[2017.06.27-00.52.15:291][853]LogModuleManager: Shutting down and abandoning module Messaging (101)
[2017.06.27-00.52.15:291][853]LogModuleManager: Shutting down and abandoning module IOSTargetPlatform (99)
[2017.06.27-00.52.15:291][853]LogModuleManager: Shutting down and abandoning module HTML5TargetPlatform (97)
[2017.06.27-00.52.15:291][853]LogModuleManager: Shutting down and abandoning module Android_PVRTCTargetPlatform (95)
[2017.06.27-00.52.15:291][853]LogModuleManager: Shutting down and abandoning module Android_MultiTargetPlatform (93)
[2017.06.27-00.52.15:291][853]LogModuleManager: Shutting down and abandoning module Android_ETC2TargetPlatform (91)
[2017.06.27-00.52.15:291][853]LogModuleManager: Shutting down and abandoning module Android_ETC1TargetPlatform (89)
[2017.06.27-00.52.15:291][853]LogModuleManager: Shutting down and abandoning module Android_DXTTargetPlatform (87)
[2017.06.27-00.52.15:291][853]LogModuleManager: Shutting down and abandoning module Android_ATCTargetPlatform (85)
[2017.06.27-00.52.15:291][853]LogModuleManager: Shutting down and abandoning module Android_ASTCTargetPlatform (83)
[2017.06.27-00.52.15:291][853]LogModuleManager: Shutting down and abandoning module AndroidTargetPlatform (81)
[2017.06.27-00.52.15:291][853]LogModuleManager: Shutting down and abandoning module WindowsTargetPlatform (79)
[2017.06.27-00.52.15:291][853]LogModuleManager: Shutting down and abandoning module WindowsServerTargetPlatform (77)
[2017.06.27-00.52.15:291][853]LogModuleManager: Shutting down and abandoning module WindowsNoEditorTargetPlatform (75)
[2017.06.27-00.52.15:291][853]LogModuleManager: Shutting down and abandoning module WindowsClientTargetPlatform (73)
[2017.06.27-00.52.15:291][853]LogModuleManager: Shutting down and abandoning module MacTargetPlatform (71)
[2017.06.27-00.52.15:291][853]LogModuleManager: Shutting down and abandoning module MacServerTargetPlatform (69)
[2017.06.27-00.52.15:291][853]LogModuleManager: Shutting down and abandoning module MacNoEditorTargetPlatform (67)
[2017.06.27-00.52.15:291][853]LogModuleManager: Shutting down and abandoning module MacClientTargetPlatform (65)
[2017.06.27-00.52.15:291][853]LogModuleManager: Shutting down and abandoning module AllDesktopTargetPlatform (63)
[2017.06.27-00.52.15:291][853]LogModuleManager: Shutting down and abandoning module InputCore (60)
[2017.06.27-00.52.15:291][853]LogModuleManager: Shutting down and abandoning module Settings (58)
[2017.06.27-00.52.15:291][853]LogModuleManager: Shutting down and abandoning module OculusRift (56)
[2017.06.27-00.52.15:291][853]LogModuleManager: Shutting down and abandoning module GearVRController (54)
[2017.06.27-00.52.15:291][853]LogModuleManager: Shutting down and abandoning module GearVR (52)
[2017.06.27-00.52.15:291][853]LogModuleManager: Shutting down and abandoning module ExampleDeviceProfileSelector (50)
[2017.06.27-00.52.15:291][853]LogModuleManager: Shutting down and abandoning module OnlineBlueprintSupport (48)
[2017.06.27-00.52.15:291][853]LogModuleManager: Shutting down and abandoning module OnlineSubsystem (44)
[2017.06.27-00.52.15:291][853]LogOnline:Display: Unloading online subsystem: NULL
[2017.06.27-00.52.15:291][853]LogModuleManager: Shutting down and abandoning module XMPP (43)
[2017.06.27-00.52.15:291][853]LogModuleManager: Shutting down and abandoning module HTTP (41)
[2017.06.27-00.52.15:291][853]LogHttp:Display: Http module shutting down, but needs to wait on 1 outstanding Http requests:
[2017.06.27-00.52.15:291][853]LogHttp:Display: 	verb=[POST] url=[https://datarouter.ol.epicgames.com/datarouter/api/v1/public/data?SessionID=%7BC8F92DE2-44D1-4CC8-2709-1784630F19C5%7D&AppID=UEEditor.Rocket.Release&AppVersion=4.16.1-3466753%2B%2B%2BUE4%2BRelease-4.16&UserID=bdeffd3145ecc402f501289985501c39%7C4048e155b6f540278336d9208e4db2cf%7C78a2f0d2-5fa1-4a18-b541-71c5d8a24c24&AppEnvironment=datacollector-binary&UploadType=eteventstream] status=Processing
[2017.06.27-00.52.15:315][853]LogModuleManager: Shutting down and abandoning module SSL (40)
[2017.06.27-00.52.15:316][853]LogModuleManager: Shutting down and abandoning module HTTPChunkInstaller (36)
[2017.06.27-00.52.15:317][853]LogModuleManager: Shutting down and abandoning module AnimationModifiers (34)
[2017.06.27-00.52.15:317][853]LogModuleManager: Shutting down and abandoning module PropertyEditor (33)
[2017.06.27-00.52.15:317][853]LogModuleManager: Shutting down and abandoning module AudioEditor (30)
[2017.06.27-00.52.15:317][853]LogModuleManager: Shutting down and abandoning module TextureCompressor (28)
[2017.06.27-00.52.15:317][853]LogModuleManager: Shutting down and abandoning module ShaderCore (26)
[2017.06.27-00.52.15:317][853]LogModuleManager: Shutting down and abandoning module Landscape (24)
[2017.06.27-00.52.15:317][853]LogModuleManager: Shutting down and abandoning module SlateRHIRenderer (22)
[2017.06.27-00.52.15:318][853]LogModuleManager: Shutting down and abandoning module OpenGLDrv (20)
[2017.06.27-00.52.15:318][853]LogModuleManager: Shutting down and abandoning module D3D11RHI (18)
[2017.06.27-00.52.15:318][853]LogModuleManager: Shutting down and abandoning module AnimGraphRuntime (16)
[2017.06.27-00.52.15:318][853]LogModuleManager: Shutting down and abandoning module Renderer (14)
[2017.06.27-00.52.15:318][853]LogModuleManager: Shutting down and abandoning module Engine (12)
[2017.06.27-00.52.15:318][853]LogModuleManager: Shutting down and abandoning module CoreUObject (10)
[2017.06.27-00.52.15:318][853]LogModuleManager: Shutting down and abandoning module NetworkFile (8)
[2017.06.27-00.52.15:318][853]LogModuleManager: Shutting down and abandoning module StreamingFile (6)
[2017.06.27-00.52.15:318][853]LogModuleManager: Shutting down and abandoning module SandboxFile (4)
[2017.06.27-00.52.15:318][853]LogModuleManager: Shutting down and abandoning module PakFile (2)
[2017.06.27-00.52.15:319][853]LogExit: Exiting.
[2017.06.27-00.52.15:337][853]Log file closed, 06/27/17 03:52:15
