Log file open, 06/18/17 17:18:51
LogInit:Display: Running engine for game: Marduk0
LogPlatformFile: Not using cached read wrapper
LogInit:Display: RandInit(-1502963370) SRandInit(-1502963370).
LogTaskGraph: Started task graph with 5 named threads and 8 total threads with 1 sets of task threads.
LogStats: Stats thread started at 0.204946
LogInit: Using libcurl 7.47.1
LogInit:  - built for x86_64-pc-win32
LogInit:  - supports SSL with OpenSSL/1.0.2g
LogInit:  - supports HTTP deflate (compression) using libz 1.2.8
LogInit:  - other features:
LogInit:      CURL_VERSION_SSL
LogInit:      CURL_VERSION_LIBZ
LogInit:      CURL_VERSION_IPV6
LogInit:      CURL_VERSION_ASYNCHDNS
LogInit:      CURL_VERSION_LARGEFILE
LogInit:      CURL_VERSION_IDN
LogInit:  CurlRequestOptions (configurable via config and command line):
LogInit:  - bVerifyPeer = false  - Libcurl will NOT verify peer certificate
LogInit:  - bUseHttpProxy = false  - Libcurl will NOT use HTTP proxy
LogInit:  - bDontReuseConnections = false  - Libcurl will reuse connections
LogInit:  - CertBundlePath = nullptr  - Libcurl will use whatever was configured at build time.
LogInit: Build: ++UE4+Release-4.16-CL-3466753
LogInit: Engine Version: 4.16.1-3466753+++UE4+Release-4.16
LogInit: Compatible Engine Version: 4.16.0-3452394+++UE4+Release-4.16
LogInit: Net CL: 3452394
LogDevObjectVersion: Number of dev versions registered: 16
LogDevObjectVersion:   Dev-Blueprints (B0D832E4-1F89-4F0D-ACCF-7EB736FD4AA2): 9
LogDevObjectVersion:   Dev-Build (E1C64328-A22C-4D53-A36C-8E866417BD8C): 0
LogDevObjectVersion:   Dev-Core (375EC13C-06E4-48FB-B500-84F0262A717E): 2
LogDevObjectVersion:   Dev-Editor (E4B068ED-F494-42E9-A231-DA0B2E46BB41): 17
LogDevObjectVersion:   Dev-Framework (CFFC743F-43B0-4480-9391-14DF171D2073): 23
LogDevObjectVersion:   Dev-Mobile (B02B49B5-BB20-44E9-A304-32B752E40360): 0
LogDevObjectVersion:   Dev-Networking (A4E4105C-59A1-49B5-A7C5-40C4547EDFEE): 0
LogDevObjectVersion:   Dev-Online (39C831C9-5AE6-47DC-9A44-9C173E1C8E7C): 0
LogDevObjectVersion:   Dev-Physics (78F01B33-EBEA-4F98-B9B4-84EACCB95AA2): 0
LogDevObjectVersion:   Dev-Platform (6631380F-2D4D-43E0-8009-CF276956A95A): 0
LogDevObjectVersion:   Dev-Rendering (12F88B9F-8875-4AFC-A67C-D90C383ABD29): 15
LogDevObjectVersion:   Dev-Sequencer (7B5AE74C-D270-4C10-A958-57980B212A5A): 4
LogDevObjectVersion:   Dev-VR (D7296918-1DD6-4BDD-9DE2-64A83CC13884): 0
LogDevObjectVersion:   Dev-LoadTimes (C2A15278-BFE7-4AFE-6C17-90FF531DF755): 1
LogDevObjectVersion:   Private-Geometry (6EACA3D4-40EC-4CC1-B786-8BED09428FC5): 1
LogDevObjectVersion:   Dev-AnimPhys (29E575DD-E0A3-4627-9D10-D276232CDCEA): 3
LogInit: Compiled (64-bit): May 31 2017 02:03:30
LogInit: Compiled with Visual C++: 19.00.24215.01
LogInit: Build Configuration: Development
LogInit: Branch Name: ++UE4+Release-4.16
LogInit: Command line: -EpicPortal 
LogInit: Base directory: D:/Workspace/Programs/UE_4.16/Engine/Binaries/Win64/
LogInit: Installed Engine Build: 1
LogInit: Presizing for max 8388607 objects, including 0 objects not considered by GC, pre-allocating 0 bytes for permanent pool.
LogInit: Object subsystem initialized
[2017.06.18-14.18.52:664][  0]LogInit: Selected Device Profile: [Windows]
[2017.06.18-14.18.52:664][  0]LogInit: Applying CVar settings loaded from the selected device profile: [Windows]
[2017.06.18-14.18.52:701][  0]LogInit: Computer: SKAIA
[2017.06.18-14.18.52:701][  0]LogInit: User: SyfeNora
[2017.06.18-14.18.52:701][  0]LogInit: CPU Page size=4096, Cores=4
[2017.06.18-14.18.52:701][  0]LogInit: High frequency timer resolution =1.754522 MHz
[2017.06.18-14.18.52:702][  0]LogMemory: Memory total: Physical=6.9GB (7GB approx)
[2017.06.18-14.18.52:702][  0]LogMemory: Platform Memory Stats for Windows
[2017.06.18-14.18.52:702][  0]LogMemory: Process Physical Memory: 270.84 MB used, 270.84 MB peak
[2017.06.18-14.18.52:702][  0]LogMemory: Process Virtual Memory: 266.47 MB used, 266.47 MB peak
[2017.06.18-14.18.52:702][  0]LogMemory: Physical Memory: 1552.48 MB used,  5540.18 MB free, 7092.66 MB total
[2017.06.18-14.18.52:702][  0]LogMemory: Virtual Memory: 622.84 MB used,  5540.18 MB free, 134217728.00 MB total
[2017.06.18-14.18.52:942][  0]LogInit: Using OS detected language (ru-RU).
[2017.06.18-14.18.52:942][  0]LogInit: Using OS detected locale (ru-RU).
[2017.06.18-14.18.52:951][  0]LogTextLocalizationManager: No localization for 'ru-RU' exists, so 'en' will be used for the language.
[2017.06.18-14.18.52:952][  0]LogTextLocalizationManager: No localization for 'ru-RU' exists, so 'en' will be used for the locale.
[2017.06.18-14.18.55:349][  0]LogD3D11RHI: D3D11 adapters:
[2017.06.18-14.18.55:382][  0]LogD3D11RHI:    0. 'AMD Radeon(TM) R3 Graphics' (Feature Level 11_0)
[2017.06.18-14.18.55:382][  0]LogD3D11RHI:       1005/0/3328 MB DedicatedVideo/DedicatedSystem/SharedSystem, Outputs:1, VendorId:0x1002
[2017.06.18-14.18.55:385][  0]LogD3D11RHI:    1. 'Microsoft Basic Render Driver' (Feature Level 11_0)
[2017.06.18-14.18.55:385][  0]LogD3D11RHI:       0/0/256 MB DedicatedVideo/DedicatedSystem/SharedSystem, Outputs:0, VendorId:0x1414
[2017.06.18-14.18.55:385][  0]LogD3D11RHI: Chosen D3D11 Adapter: 0
[2017.06.18-14.18.55:394][  0]LogD3D11RHI: Creating new Direct3DDevice
[2017.06.18-14.18.55:394][  0]LogD3D11RHI:     GPU DeviceId: 0x9850 (for the marketing name, search the web for "GPU Device Id")
[2017.06.18-14.18.55:394][  0]LogWindows: EnumDisplayDevices:
[2017.06.18-14.18.55:394][  0]LogWindows:    0. 'AMD Radeon(TM) R3 Graphics' (P:1 D:1)
[2017.06.18-14.18.55:396][  0]LogWindows:    1. 'AMD Radeon(TM) R3 Graphics' (P:0 D:0)
[2017.06.18-14.18.55:396][  0]LogWindows: DebugString: FoundDriverCount:2 
[2017.06.18-14.18.55:396][  0]LogD3D11RHI:     Adapter Name: AMD Radeon(TM) R3 Graphics
[2017.06.18-14.18.55:396][  0]LogD3D11RHI:   Driver Version: Crimson ReLive 16.12.2 (internal:21.19.407.0, unified:21.19.407.0)
[2017.06.18-14.18.55:396][  0]LogD3D11RHI:      Driver Date: 12-23-2016
[2017.06.18-14.18.55:396][  0]LogRHI: Texture pool is 703 MB (70% of 1005 MB)
[2017.06.18-14.18.55:461][  0]LogD3D11RHI: Async texture creation enabled
[2017.06.18-14.18.55:480][  0]LogD3D11RHI: GPU Timing Frequency: 100.000000 (Debug: 2 1)
[2017.06.18-14.18.55:482][  0]LogShaderCompilers: Guid format shader working directory is 15 characters bigger than the processId version (../../../../../UEProjects/Marduk_0/Intermediate/Shaders/WorkingDirectory/1500/).
[2017.06.18-14.18.55:482][  0]LogShaderCompilers: Cleaned the shader compiler working directory 'C:/Users/SyfeNora/AppData/Local/Temp/UnrealShaderWorkingDir/5AFAB47E457737440687EE8E4F1F240D/'.
[2017.06.18-14.18.55:482][  0]LogShaderCompilers:Display: Using Local Shader Compiler.
[2017.06.18-14.18.59:431][  0]LogTemp:Display: Loaded TP AllDesktopTargetPlatform
[2017.06.18-14.18.59:613][  0]LogTemp:Display: Loaded TP MacClientTargetPlatform
[2017.06.18-14.18.59:796][  0]LogTemp:Display: Loaded TP MacNoEditorTargetPlatform
[2017.06.18-14.18.59:974][  0]LogTemp:Display: Loaded TP MacServerTargetPlatform
[2017.06.18-14.19.00:154][  0]LogTemp:Display: Loaded TP MacTargetPlatform
[2017.06.18-14.19.00:332][  0]LogTemp:Display: Loaded TP WindowsClientTargetPlatform
[2017.06.18-14.19.00:509][  0]LogTemp:Display: Loaded TP WindowsNoEditorTargetPlatform
[2017.06.18-14.19.00:689][  0]LogTemp:Display: Loaded TP WindowsServerTargetPlatform
[2017.06.18-14.19.00:841][  0]LogTemp:Display: Loaded TP WindowsTargetPlatform
[2017.06.18-14.19.01:016][  0]LogTemp:Display: Loaded TP AndroidTargetPlatform
[2017.06.18-14.19.01:195][  0]LogTemp:Display: Loaded TP Android_ASTCTargetPlatform
[2017.06.18-14.19.01:368][  0]LogTemp:Display: Loaded TP Android_ATCTargetPlatform
[2017.06.18-14.19.01:544][  0]LogTemp:Display: Loaded TP Android_DXTTargetPlatform
[2017.06.18-14.19.01:723][  0]LogTemp:Display: Loaded TP Android_ETC1TargetPlatform
[2017.06.18-14.19.01:898][  0]LogTemp:Display: Loaded TP Android_ETC2TargetPlatform
[2017.06.18-14.19.02:248][  0]LogTemp:Display: Loaded TP Android_MultiTargetPlatform
[2017.06.18-14.19.02:248][  0]LogTemp:Display: Loaded TP Android_PVRTCTargetPlatform
[2017.06.18-14.19.02:383][  0]LogTemp:Display: Loaded TP HTML5TargetPlatform
[2017.06.18-14.19.02:667][  0]LogTemp:Display: Loaded TP IOSTargetPlatform
[2017.06.18-14.19.02:783][  0]LogTemp:Display: Loaded TP TVOSTargetPlatform
[2017.06.18-14.19.02:964][  0]LogTemp:Display: Loaded TP LinuxClientTargetPlatform
[2017.06.18-14.19.03:151][  0]LogTemp:Display: Loaded TP LinuxNoEditorTargetPlatform
[2017.06.18-14.19.03:327][  0]LogTemp:Display: Loaded TP LinuxServerTargetPlatform
[2017.06.18-14.19.03:506][  0]LogTemp:Display: Loaded TP LinuxTargetPlatform
[2017.06.18-14.19.03:506][  0]LogTargetPlatformManager:Display: Building Assets For Windows
[2017.06.18-14.19.05:183][  0]LogDerivedDataCache:Display: Max Cache Size: 512 MB
[2017.06.18-14.19.05:537][  0]LogDerivedDataCache: Loaded boot cache 0.35s 90MB C:/Users/SyfeNora/AppData/Local/UnrealEngine/4.16/DerivedDataCache/Boot.ddc.
[2017.06.18-14.19.05:537][  0]LogDerivedDataCache:Display: Loaded Boot cache: C:/Users/SyfeNora/AppData/Local/UnrealEngine/4.16/DerivedDataCache/Boot.ddc
[2017.06.18-14.19.05:537][  0]LogDerivedDataCache: FDerivedDataBackendGraph:  Pak pak cache file ../../../../../UEProjects/Marduk_0/DerivedDataCache/DDC.ddp not found, will not use a pak cache.
[2017.06.18-14.19.05:537][  0]LogDerivedDataCache: Unable to find inner node Pak for hierarchical cache Hierarchy.
[2017.06.18-14.19.05:537][  0]LogDerivedDataCache: FDerivedDataBackendGraph:  CompressedPak pak cache file ../../../../../UEProjects/Marduk_0/DerivedDataCache/Compressed.ddp not found, will not use a pak cache.
[2017.06.18-14.19.05:537][  0]LogDerivedDataCache: Unable to find inner node CompressedPak for hierarchical cache Hierarchy.
[2017.06.18-14.19.05:615][  0]LogDerivedDataCache:Display: Pak cache opened for reading ../../../Engine/DerivedDataCache/Compressed.ddp.
[2017.06.18-14.19.05:630][  0]LogDerivedDataCache: Using Local data cache path C:/Users/SyfeNora/AppData/Local/UnrealEngine/Common/DerivedDataCache: Writable
[2017.06.18-14.19.05:670][  0]LogMaterial: Verifying Global Shaders for PCD3D_SM5
[2017.06.18-14.19.05:671][  0]LogSlate: Using Freetype 2.6.0
[2017.06.18-14.19.05:672][  0]LogSlate: SlateFontCache - WITH_FREETYPE: 1, WITH_HARFBUZZ: 1
[2017.06.18-14.19.05:672][  0]LogSlate: SlateFontCache - WITH_FREETYPE: 1, WITH_HARFBUZZ: 1
[2017.06.18-14.19.06:949][  0]LogInit: Selected Device Profile: [Windows]
[2017.06.18-14.19.07:264][  0]LogContentStreaming: Texture pool size is 0.00 MB
[2017.06.18-14.19.07:814][  0]LogMeshUtilities: Using QuadricMeshReduction for automatic static mesh reduction
[2017.06.18-14.19.07:966][  0]LogSimplygon: Simplygon DLL not present - disabling.
[2017.06.18-14.19.08:128][  0]LogMeshUtilities: Using SimplygonSwarm for distributed automatic mesh merging
[2017.06.18-14.19.08:128][  0]LogMeshUtilities: No automatic skeletal mesh reduction module available
[2017.06.18-14.19.08:128][  0]LogMeshUtilities: No automatic mesh merging module available
[2017.06.18-14.19.10:094][  0]LogNetVersion: Marduk0 , NetCL: 3452394, EngineNetVer: 2, GameNetVer: 0 (Checksum: 2744008900)
[2017.06.18-14.19.10:255][  0]LogAssetRegistry: FAssetRegistry took 0.0403 seconds to start up
[2017.06.18-14.19.10:392][  0]LogPackageLocalizationCache: Processed 4 localized package path(s) for 1 prioritized culture(s) in 0.058032 seconds
[2017.06.18-14.19.10:415][  0]LogUObjectArray: 34194 objects as part of root set at end of initial load.
[2017.06.18-14.19.10:415][  0]LogUObjectAllocator: 7260424 out of 0 bytes used by permanent object pool.
[2017.06.18-14.19.10:415][  0]LogUObjectArray: CloseDisregardForGC: 0/0 objects in disregard for GC pool
[2017.06.18-14.19.10:633][  0]LogInit: WinSock: version 1.1 (2.2), MaxSocks=32767, MaxUdp=65467
[2017.06.18-14.19.18:330][  0]LogTcpMessaging: Initializing TcpMessaging bridge
[2017.06.18-14.19.18:440][  0]LogUdpMessaging: Initializing bridge on interface 0.0.0.0:0 to multicast group 230.0.0.1:6666.
[2017.06.18-14.19.20:078][  0]LogMaterial: Uniform references updated for custom material expression Custom.
[2017.06.18-14.19.21:467][  0]SourceControl: Info Source control is disabled
[2017.06.18-14.19.21:663][  0]SourceControl: Info Source control is disabled
[2017.06.18-14.19.21:824][  0]SourceControl: Info Source control is disabled
[2017.06.18-14.19.21:983][  0]SourceControl: Info Source control is disabled
[2017.06.18-14.19.24:266][  0]LogAndroidPermission: UAndroidPermissionCallbackProxy::GetInstance
[2017.06.18-14.19.26:248][  0]LogEngine: Initializing Engine...
[2017.06.18-14.19.26:250][  0]LogHMD: Failed to initialize OpenVR with code 110
[2017.06.18-14.19.26:978][  0]LogStats: UGameplayTagsManager::ConstructGameplayTagTree: Construct from data asset -  0.000 s
[2017.06.18-14.19.26:979][  0]LogStats: UGameplayTagsManager::ConstructGameplayTagTree: GameplayTagTreeChangedEvent.Broadcast -  0.000 s
[2017.06.18-14.19.27:471][  0]LogAIModule: Creating AISystem for world Untitled
[2017.06.18-14.19.27:489][  0]LogInit: XAudio2 using 'Динамики (Устройство с поддержкой High Definition Audio)' : 2 channels at 44.1 kHz using 16 bits per sample (channel mask 0x3)
[2017.06.18-14.19.27:524][  0]LogInit: FAudioDevice initialized.
[2017.06.18-14.19.27:668][  0]LogDerivedDataCache: Saved boot cache 0.14s 90MB C:/Users/SyfeNora/AppData/Local/UnrealEngine/4.16/DerivedDataCache/Boot.ddc.
[2017.06.18-14.19.27:728][  0]LogInit: Texture streaming: Enabled
[2017.06.18-14.19.28:058][  0]LogEngineSessionManager: EngineSessionManager initialized
[2017.06.18-14.19.28:058][  0]LogEngineSessionManager: EngineSessionManager sent abnormal shutdown report. Type=AbnormalShutdown, SessionId={B1D3DEC3-4567-A194-1F73-25AAEBC1406E}
[2017.06.18-14.19.28:784][  0]LogInit: Transaction tracking system initialized
[2017.06.18-14.19.29:873][  0]BlueprintLog: New page: Editor Load
[2017.06.18-14.19.33:047][  0]LocalizationService: Info Localization service is disabled
[2017.06.18-14.19.35:314][  0]LogConsoleResponse:Display: 
[2017.06.18-14.19.35:787][  0]LogCook:Display: Max memory allowance for cook 16384mb min free memory 0mb
[2017.06.18-14.19.35:788][  0]LogCook:Display: Mobile HDR setting 1
[2017.06.18-14.19.35:967][  0]LogFileCache: Scanning file cache for directory 'D:/Workspace/UEProjects/Marduk_0/Content/' took 0.02s
[2017.06.18-14.19.39:203][  0]SourceControl: Info Source control is disabled
[2017.06.18-14.19.39:203][  0]Cmd: MAP LOAD FILE="../../../Engine/Content/Maps/Templates/Template_Default.umap" TEMPLATE=1 SHOWPROGRESS=1 FEATURELEVEL=3
[2017.06.18-14.19.39:205][  0]LightingResults: New page: Lighting Build
[2017.06.18-14.19.39:346][  0]MapCheck: New page: Map Check
[2017.06.18-14.19.39:347][  0]LightingResults: New page: Lighting Build
[2017.06.18-14.19.40:196][  0]LogAIModule: Creating AISystem for world Untitled_1
[2017.06.18-14.19.40:198][  0]LogActorComponent: RegisterComponentWithWorld: (/Temp/Untitled_1.Untitled_1:PersistentLevel.WorldSettings_1.StaticMeshComponent0) Trying to register component with IsPendingKill() == true. Aborting.
[2017.06.18-14.19.40:211][  0]LogEditorServer: Finished looking for orphan Actors (0.000 secs)
[2017.06.18-14.19.40:257][  0]Cmd: MAP CHECKDEP NOCLEARLOG
[2017.06.18-14.19.40:376][  0]MapCheck: Info Map check complete: 0 Error(s), 0 Warning(s), took 119.292ms to complete.
[2017.06.18-14.19.40:376][  0]LogFileHelpers: Loading map 'Template_Default' took 1.173
[2017.06.18-14.19.40:449][  0]LogWindowsTextInputMethodSystem:Display: IME system now deactivated.
[2017.06.18-14.19.40:705][  0]LogCollectionManager: Loaded 0 collections in 0.004723 seconds
[2017.06.18-14.19.40:895][  0]LogFileCache: Scanning file cache for directory 'D:/Workspace/UEProjects/Marduk_0/Saved/Collections/' took 0.01s
[2017.06.18-14.19.40:895][  0]LogFileCache: Scanning file cache for directory 'D:/Workspace/UEProjects/Marduk_0/Content/Developers/SyfeNora/Collections/' took 0.01s
[2017.06.18-14.19.40:895][  0]LogFileCache: Scanning file cache for directory 'D:/Workspace/UEProjects/Marduk_0/Content/Collections/' took 0.01s
[2017.06.18-14.19.40:895][  0]LogCollectionManager: Rebuilt the GUID cache for 0 collections in 0.000005 seconds
[2017.06.18-14.19.40:932][  0]LogContentBrowser: Native class hierarchy populated in 0.0369 seconds. Added 2329 classes and 491 folders.
[2017.06.18-14.19.41:147][  0]LogContentBrowser: Native class hierarchy updated for 'WidgetCarousel' in 0.0017 seconds. Added 0 classes and 0 folders.
[2017.06.18-14.19.41:261][  0]LogContentBrowser: Native class hierarchy updated for 'AddContentDialog' in 0.0018 seconds. Added 0 classes and 0 folders.
[2017.06.18-14.19.41:411][  0]LogContentBrowser: Native class hierarchy updated for 'SceneOutliner' in 0.0018 seconds. Added 1 classes and 2 folders.
[2017.06.18-14.19.41:539][  0]LogCrashTracker: Crashtracker disabled due to settings.
[2017.06.18-14.19.41:548][  0]LogSlate: Took 0.000438 seconds to synchronously load lazily loaded font '../../../Engine/Content/Slate/Fonts/Roboto-Regular.ttf' (155K)
[2017.06.18-14.19.41:560][  0]LogSlate: Took 0.000581 seconds to synchronously load lazily loaded font '../../../Engine/Content/Slate/Fonts/Roboto-Bold.ttf' (160K)
[2017.06.18-14.19.41:567][  0]LogSlate: Took 0.000555 seconds to synchronously load lazily loaded font '../../../Engine/Content/Editor/Slate/Fonts/FontAwesome.ttf' (139K)
[2017.06.18-14.19.41:839][  0]LogRenderer: Reallocating scene render targets to support 1048x612 NumSamples 1 (Frame:1).
[2017.06.18-14.19.42:161][  0]LogUObjectGlobals:Warning: Failed to find object 'Class None.'
[2017.06.18-14.19.42:333][  0]LogContentBrowser: Native class hierarchy updated for 'HierarchicalLODOutliner' in 0.0019 seconds. Added 1 classes and 2 folders.
[2017.06.18-14.19.42:334][  0]LogLoad: (Engine Initialization) Total time: 54.34 seconds
[2017.06.18-14.19.42:334][  0]LogLoad: (Engine Initialization) Total Blueprint compile time: 0.35 seconds
[2017.06.18-14.19.42:334][  0]LogExternalProfiler: Found external profiler: VSPerf
[2017.06.18-14.19.42:334][  0]LogExternalProfiler: Using external profiler: VSPerf
[2017.06.18-14.19.42:353][  0]LogOcInput: OculusInput pre-init called
[2017.06.18-14.19.42:353][  0]LogHMD: Starting GearVRController plugin
[2017.06.18-14.19.42:382][  0]LogContentStreaming: Texture pool size now 400 MB
[2017.06.18-14.19.42:671][  4]LogAssetRegistry: Asset discovery search completed in 32.4396 seconds
[2017.06.18-14.19.42:680][  4]LogCollectionManager: Rebuilt the object cache for 0 collections in 0.000002 seconds (found 0 objects)
[2017.06.18-14.19.42:680][  4]LogCollectionManager: Fixed up redirectors for 0 collections in 0.000144 seconds (updated 0 objects)
[2017.06.18-14.19.43:477][ 17]LogSlate: Took 0.000664 seconds to synchronously load lazily loaded font '../../../Engine/Content/Slate/Fonts/Roboto-Light.ttf' (159K)
[2017.06.18-14.19.46:542][112]LogSlate: Took 0.000712 seconds to synchronously load lazily loaded font '../../../Engine/Content/Slate/Fonts/Roboto-Light.ttf' (159K)
[2017.06.18-14.20.41:681][364]LogSlate: Took 0.000522 seconds to synchronously load lazily loaded font '../../../Engine/Content/Slate/Fonts/Roboto-Light.ttf' (159K)
[2017.06.18-14.20.42:002][364]LogContentBrowser: Native class hierarchy updated for 'SkeletonEditor' in 0.0019 seconds. Added 1 classes and 2 folders.
[2017.06.18-14.20.42:434][364]LogSlate: Took 0.000672 seconds to synchronously load lazily loaded font '../../../Engine/Content/Slate/Fonts/Roboto-Regular.ttf' (155K)
[2017.06.18-14.20.42:482][364]LogActorComponent: RegisterComponentWithWorld: (/Engine/Transient.World_1:PersistentLevel.Actor_0.DebugSkelMeshComponent_0) Already registered. Aborting.
[2017.06.18-14.20.43:919][364]LogContentBrowser: Native class hierarchy updated for 'BlueprintGraph' in 0.0034 seconds. Added 112 classes and 0 folders.
[2017.06.18-14.20.46:277][364]LogSkeletalMesh: USkeletalMeshComponent::InitArticulated : Bodies already created (/Engine/Transient.World_1:PersistentLevel.Actor_0.DebugSkelMeshComponent_0) - call TermArticulated first.
[2017.06.18-14.20.47:249][364]LogSlate: Took 0.000516 seconds to synchronously load lazily loaded font '../../../Engine/Content/Editor/Slate/Fonts/Roboto-BoldCondensed.ttf' (158K)
[2017.06.18-14.20.47:427][364]LogContentBrowser: Native class hierarchy updated for 'ClothingSystemEditorInterface' in 0.0018 seconds. Added 1 classes and 0 folders.
[2017.06.18-14.20.47:705][365]LogSlate: Took 0.001031 seconds to synchronously load lazily loaded font '../../../Engine/Content/Editor/Slate/Fonts/Roboto-Italic.ttf' (157K)
[2017.06.18-14.21.48:348][441]LogTemp: Repeting last play command: Selected Viewport
[2017.06.18-14.21.48:501][441]LogPlayLevel: PlayLevel: No blueprints needed recompiling
[2017.06.18-14.21.48:502][441]PIE: New page: PIE session: Untitled_1 (Jun 18, 2017, 8:21:48 PM)
[2017.06.18-14.21.48:502][441]LogPlayLevel: Creating play world package: /Temp/UEDPIE_0_Untitled_1
[2017.06.18-14.21.48:510][441]LogPlayLevel: PIE: StaticDuplicateObject took: (0.007660s)
[2017.06.18-14.21.48:512][441]LogAIModule: Creating AISystem for world Untitled_1
[2017.06.18-14.21.48:513][441]LogPlayLevel: PIE: World Init took: (0.003029s)
[2017.06.18-14.21.48:513][441]LogPlayLevel: PIE: Created PIE world by copying editor world from /Temp/Untitled_1.Untitled_1 to /Temp/UEDPIE_0_Untitled_1.Untitled_1 (0.011285s)
[2017.06.18-14.21.48:589][441]LogInit: XAudio2 using 'Динамики (Устройство с поддержкой High Definition Audio)' : 2 channels at 44.1 kHz using 16 bits per sample (channel mask 0x3)
[2017.06.18-14.21.48:607][441]LogInit: FAudioDevice initialized.
[2017.06.18-14.21.48:701][441]LogLoad: Game class is 'GameMode_0_C'
[2017.06.18-14.21.48:706][441]LogWorld: Bringing World /Temp/UEDPIE_0_Untitled_1.Untitled_1 up for play (max tick rate 60) at 2017.06.18-17.21.48
[2017.06.18-14.21.48:707][441]LogWorld: Bringing up level for play took: 0.002840
[2017.06.18-14.21.48:850][441]LogContentBrowser: Native class hierarchy updated for 'MovieSceneCapture' in 0.0020 seconds. Added 11 classes and 0 folders.
[2017.06.18-14.21.48:852][441]LogScript:Warning: Accessed None trying to read property SpringArm
	AnimBP_0_C /Temp/UEDPIE_0_Untitled_1.Untitled_1:PersistentLevel.Character_0_C_0.CharacterMesh0.AnimBP_0_C_0
	Function /Game/Character/Animations/Movement/AnimBP_0.AnimBP_0_C:ExecuteUbergraph_AnimBP_0:082F
[2017.06.18-14.21.48:853][441]PIE:Error: Error Blueprint Runtime Error: Accessed None trying to read property SpringArm from function: 'ExecuteUbergraph_AnimBP_0' from node: Set in graph: EventGraph in object: AnimBP_0 with description: Accessed None trying to read property SpringArm
[2017.06.18-14.21.48:858][441]PIE: Info Play in editor start time for /Temp/UEDPIE_0_Untitled_1 0.027
[2017.06.18-14.23.05:556][982]BlueprintLog: New page: Compile AnimBP_0
[2017.06.18-14.23.06:219][982]BlueprintEditorCompileResults: Info  Base Pose  was visible but ignored
[2017.06.18-14.23.07:568][995]Cmd: OBJ SAVEPACKAGE PACKAGE="/Game/Character/Animations/Movement/AnimBP_0" FILE="../../../../../UEProjects/Marduk_0/Content/Character/Animations/Movement/AnimBP_0.uasset" SILENT=true
[2017.06.18-14.23.08:343][995]LogSavePackage: Save=714.37ms
[2017.06.18-14.23.08:343][995]LogSavePackage: Moving '../../../../../UEProjects/Marduk_0/Saved/AnimBP_022BCF0744373A9EB824AE3876EBB1E2B.tmp' to '../../../../../UEProjects/Marduk_0/Content/Character/Animations/Movement/AnimBP_0.uasset'
[2017.06.18-14.23.08:360][995]LogSavePackage:Display: Finished SavePackage ../../../../../UEProjects/Marduk_0/Content/Character/Animations/Movement/AnimBP_0.uasset
[2017.06.18-14.23.09:953][ 24]LogTemp: Repeting last play command: Selected Viewport
[2017.06.18-14.23.10:017][ 24]LogPlayLevel: PlayLevel: No blueprints needed recompiling
[2017.06.18-14.23.10:017][ 24]PIE: New page: PIE session: Untitled_1 (Jun 18, 2017, 8:23:10 PM)
[2017.06.18-14.23.10:017][ 24]LogPlayLevel: Creating play world package: /Temp/UEDPIE_0_Untitled_1
[2017.06.18-14.23.10:027][ 24]LogPlayLevel: PIE: StaticDuplicateObject took: (0.009205s)
[2017.06.18-14.23.10:029][ 24]LogAIModule: Creating AISystem for world Untitled_1
[2017.06.18-14.23.10:030][ 24]LogPlayLevel: PIE: World Init took: (0.003091s)
[2017.06.18-14.23.10:030][ 24]LogPlayLevel: PIE: Created PIE world by copying editor world from /Temp/Untitled_1.Untitled_1 to /Temp/UEDPIE_0_Untitled_1.Untitled_1 (0.013019s)
[2017.06.18-14.23.10:102][ 24]LogInit: XAudio2 using 'Динамики (Устройство с поддержкой High Definition Audio)' : 2 channels at 44.1 kHz using 16 bits per sample (channel mask 0x3)
[2017.06.18-14.23.10:125][ 24]LogInit: FAudioDevice initialized.
[2017.06.18-14.23.10:178][ 24]LogLoad: Game class is 'GameMode_0_C'
[2017.06.18-14.23.10:184][ 24]LogWorld: Bringing World /Temp/UEDPIE_0_Untitled_1.Untitled_1 up for play (max tick rate 60) at 2017.06.18-17.23.10
[2017.06.18-14.23.10:185][ 24]LogWorld: Bringing up level for play took: 0.003582
[2017.06.18-14.23.10:189][ 24]LogScript:Warning: Accessed None trying to read property SpringArm
	AnimBP_0_C /Temp/UEDPIE_0_Untitled_1.Untitled_1:PersistentLevel.Character_0_C_0.CharacterMesh0.AnimBP_0_C_0
	Function /Game/Character/Animations/Movement/AnimBP_0.AnimBP_0_C:ExecuteUbergraph_AnimBP_0:082F
[2017.06.18-14.23.10:189][ 24]PIE:Error: Error Blueprint Runtime Error: Accessed None trying to read property SpringArm from function: 'ExecuteUbergraph_AnimBP_0' from node: Set in graph: EventGraph in object: AnimBP_0 with description: Accessed None trying to read property SpringArm
[2017.06.18-14.23.10:195][ 24]PIE: Info Play in editor start time for /Temp/UEDPIE_0_Untitled_1 -0.636
[2017.06.18-14.23.26:954][366]LogActorComponent: RegisterComponentWithWorld: (/Engine/Transient.World_7:PersistentLevel.Actor_1.DebugSkelMeshComponent_2) Already registered. Aborting.
[2017.06.18-14.23.27:048][366]LogSkeletalMesh: USkeletalMeshComponent::InitArticulated : Bodies already created (/Engine/Transient.World_7:PersistentLevel.Actor_1.DebugSkelMeshComponent_2) - call TermArticulated first.
[2017.06.18-14.23.27:730][366]LogContentBrowser:Verbose: The majority of assets in the view are of type: AnimSequence
[2017.06.18-14.26.13:272][474]LogScript:Warning: Accessed None trying to read property SpringArm
	AnimBP_0_C /Engine/Transient.World_10:PersistentLevel.Character_0_C_0.CharacterMesh0.AnimBP_0_C_3
	Function /Game/Character/Animations/Movement/AnimBP_0.AnimBP_0_C:ExecuteUbergraph_AnimBP_0:082F
[2017.06.18-14.26.42:354][955]LogWindowsTextInputMethodSystem:Display: IME system now deactivated.
[2017.06.18-14.26.42:354][955]LogWindowsTextInputMethodSystem:Display: IME system now deactivated.
[2017.06.18-14.27.03:960][319]LogTemp: Repeting last play command: Selected Viewport
[2017.06.18-14.27.04:022][319]LogPlayLevel: PlayLevel: No blueprints needed recompiling
[2017.06.18-14.27.04:023][319]PIE: New page: PIE session: Untitled_1 (Jun 18, 2017, 8:27:04 PM)
[2017.06.18-14.27.04:023][319]LogPlayLevel: Creating play world package: /Temp/UEDPIE_0_Untitled_1
[2017.06.18-14.27.04:033][319]LogPlayLevel: PIE: StaticDuplicateObject took: (0.009544s)
[2017.06.18-14.27.04:035][319]LogAIModule: Creating AISystem for world Untitled_1
[2017.06.18-14.27.04:036][319]LogPlayLevel: PIE: World Init took: (0.002765s)
[2017.06.18-14.27.04:036][319]LogPlayLevel: PIE: Created PIE world by copying editor world from /Temp/Untitled_1.Untitled_1 to /Temp/UEDPIE_0_Untitled_1.Untitled_1 (0.012988s)
[2017.06.18-14.27.04:138][319]LogInit: XAudio2 using 'Динамики (Устройство с поддержкой High Definition Audio)' : 2 channels at 44.1 kHz using 16 bits per sample (channel mask 0x3)
[2017.06.18-14.27.04:160][319]LogInit: FAudioDevice initialized.
[2017.06.18-14.27.04:213][319]LogLoad: Game class is 'GameMode_0_C'
[2017.06.18-14.27.04:219][319]LogWorld: Bringing World /Temp/UEDPIE_0_Untitled_1.Untitled_1 up for play (max tick rate 60) at 2017.06.18-17.27.04
[2017.06.18-14.27.04:220][319]LogWorld: Bringing up level for play took: 0.003710
[2017.06.18-14.27.04:223][319]LogScript:Warning: Accessed None trying to read property SpringArm
	AnimBP_0_C /Temp/UEDPIE_0_Untitled_1.Untitled_1:PersistentLevel.Character_0_C_0.CharacterMesh0.AnimBP_0_C_0
	Function /Game/Character/Animations/Movement/AnimBP_0.AnimBP_0_C:ExecuteUbergraph_AnimBP_0:082F
[2017.06.18-14.27.04:223][319]PIE:Error: Error Blueprint Runtime Error: Accessed None trying to read property SpringArm from function: 'ExecuteUbergraph_AnimBP_0' from node: Set in graph: EventGraph in object: AnimBP_0 with description: Accessed None trying to read property SpringArm
[2017.06.18-14.27.04:228][319]PIE: Info Play in editor start time for /Temp/UEDPIE_0_Untitled_1 -0.603
[2017.06.18-14.27.12:646][485]LogActorComponent: RegisterComponentWithWorld: (/Engine/Transient.World_12:PersistentLevel.Actor_2.DebugSkelMeshComponent_5) Already registered. Aborting.
[2017.06.18-14.27.13:500][485]LogSkeletalMesh: USkeletalMeshComponent::InitArticulated : Bodies already created (/Engine/Transient.World_12:PersistentLevel.Actor_2.DebugSkelMeshComponent_5) - call TermArticulated first.
[2017.06.18-14.27.14:164][485]LogBlueprint:Warning: Unknown type of hyperlinked object
[2017.06.18-14.27.14:172][485]LogBlueprint:Warning: Unknown type of hyperlinked object
[2017.06.18-14.28.03:425][ 58]BlueprintLog: New page: Compile AnimBP_0
[2017.06.18-14.28.04:138][ 58]BlueprintEditorCompileResults: Info  Base Pose  was visible but ignored
[2017.06.18-14.28.05:085][ 66]Cmd: OBJ SAVEPACKAGE PACKAGE="/Game/Character/Animations/Movement/AnimBP_0" FILE="../../../../../UEProjects/Marduk_0/Content/Character/Animations/Movement/AnimBP_0.uasset" SILENT=true
[2017.06.18-14.28.05:771][ 66]LogSavePackage: Save=664.69ms
[2017.06.18-14.28.05:771][ 66]LogSavePackage: Moving '../../../../../UEProjects/Marduk_0/Saved/AnimBP_04CB777ED4C9E464C639B889DBAF5C5A9.tmp' to '../../../../../UEProjects/Marduk_0/Content/Character/Animations/Movement/AnimBP_0.uasset'
[2017.06.18-14.28.05:780][ 66]LogSavePackage:Display: Finished SavePackage ../../../../../UEProjects/Marduk_0/Content/Character/Animations/Movement/AnimBP_0.uasset
[2017.06.18-14.28.08:315][108]LogTemp: Repeting last play command: Selected Viewport
[2017.06.18-14.28.08:378][108]LogPlayLevel: PlayLevel: No blueprints needed recompiling
[2017.06.18-14.28.08:379][108]PIE: New page: PIE session: Untitled_1 (Jun 18, 2017, 8:28:08 PM)
[2017.06.18-14.28.08:379][108]LogPlayLevel: Creating play world package: /Temp/UEDPIE_0_Untitled_1
[2017.06.18-14.28.08:388][108]LogPlayLevel: PIE: StaticDuplicateObject took: (0.008772s)
[2017.06.18-14.28.08:391][108]LogAIModule: Creating AISystem for world Untitled_1
[2017.06.18-14.28.08:391][108]LogPlayLevel: PIE: World Init took: (0.003190s)
[2017.06.18-14.28.08:392][108]LogPlayLevel: PIE: Created PIE world by copying editor world from /Temp/Untitled_1.Untitled_1 to /Temp/UEDPIE_0_Untitled_1.Untitled_1 (0.012703s)
[2017.06.18-14.28.08:459][108]LogInit: XAudio2 using 'Динамики (Устройство с поддержкой High Definition Audio)' : 2 channels at 44.1 kHz using 16 bits per sample (channel mask 0x3)
[2017.06.18-14.28.08:481][108]LogInit: FAudioDevice initialized.
[2017.06.18-14.28.08:531][108]LogLoad: Game class is 'GameMode_0_C'
[2017.06.18-14.28.08:537][108]LogWorld: Bringing World /Temp/UEDPIE_0_Untitled_1.Untitled_1 up for play (max tick rate 60) at 2017.06.18-17.28.08
[2017.06.18-14.28.08:538][108]LogWorld: Bringing up level for play took: 0.003382
[2017.06.18-14.28.08:541][108]LogScript:Warning: Accessed None trying to read property SpringArm
	AnimBP_0_C /Temp/UEDPIE_0_Untitled_1.Untitled_1:PersistentLevel.Character_0_C_0.CharacterMesh0.AnimBP_0_C_0
	Function /Game/Character/Animations/Movement/AnimBP_0.AnimBP_0_C:ExecuteUbergraph_AnimBP_0:082F
[2017.06.18-14.28.08:541][108]PIE:Error: Error Blueprint Runtime Error: Accessed None trying to read property SpringArm from function: 'ExecuteUbergraph_AnimBP_0' from node: Set in graph: EventGraph in object: AnimBP_0 with description: Accessed None trying to read property SpringArm
[2017.06.18-14.28.08:547][108]PIE: Info Play in editor start time for /Temp/UEDPIE_0_Untitled_1 -0.285
[2017.06.18-14.29.16:214][949]LogBlueprint:Warning: Unknown type of hyperlinked object
[2017.06.18-14.29.16:225][949]LogBlueprint:Warning: Unknown type of hyperlinked object
[2017.06.18-14.31.26:942][495]BlueprintLog: New page: Compile AnimBP_0
[2017.06.18-14.31.27:614][495]BlueprintEditorCompileResults: Info  Base Pose  was visible but ignored
[2017.06.18-14.31.29:054][509]Cmd: OBJ SAVEPACKAGE PACKAGE="/Game/Character/Animations/Movement/AnimBP_0" FILE="../../../../../UEProjects/Marduk_0/Content/Character/Animations/Movement/AnimBP_0.uasset" SILENT=true
[2017.06.18-14.31.29:765][509]LogSavePackage: Save=662.66ms
[2017.06.18-14.31.29:765][509]LogSavePackage: Moving '../../../../../UEProjects/Marduk_0/Saved/AnimBP_0A62179C64571B928D030CBB7B8125CED.tmp' to '../../../../../UEProjects/Marduk_0/Content/Character/Animations/Movement/AnimBP_0.uasset'
[2017.06.18-14.31.29:774][509]LogSavePackage:Display: Finished SavePackage ../../../../../UEProjects/Marduk_0/Content/Character/Animations/Movement/AnimBP_0.uasset
[2017.06.18-14.31.33:284][564]LogTemp: Repeting last play command: Selected Viewport
[2017.06.18-14.31.33:346][564]LogPlayLevel: PlayLevel: No blueprints needed recompiling
[2017.06.18-14.31.33:347][564]PIE: New page: PIE session: Untitled_1 (Jun 18, 2017, 8:31:33 PM)
[2017.06.18-14.31.33:347][564]LogPlayLevel: Creating play world package: /Temp/UEDPIE_0_Untitled_1
[2017.06.18-14.31.33:355][564]LogPlayLevel: PIE: StaticDuplicateObject took: (0.007860s)
[2017.06.18-14.31.33:357][564]LogAIModule: Creating AISystem for world Untitled_1
[2017.06.18-14.31.33:358][564]LogPlayLevel: PIE: World Init took: (0.002496s)
[2017.06.18-14.31.33:358][564]LogPlayLevel: PIE: Created PIE world by copying editor world from /Temp/Untitled_1.Untitled_1 to /Temp/UEDPIE_0_Untitled_1.Untitled_1 (0.010982s)
[2017.06.18-14.31.33:428][564]LogInit: XAudio2 using 'Динамики (Устройство с поддержкой High Definition Audio)' : 2 channels at 44.1 kHz using 16 bits per sample (channel mask 0x3)
[2017.06.18-14.31.33:450][564]LogInit: FAudioDevice initialized.
[2017.06.18-14.31.33:503][564]LogLoad: Game class is 'GameMode_0_C'
[2017.06.18-14.31.33:510][564]LogWorld: Bringing World /Temp/UEDPIE_0_Untitled_1.Untitled_1 up for play (max tick rate 60) at 2017.06.18-17.31.33
[2017.06.18-14.31.33:510][564]LogWorld: Bringing up level for play took: 0.003473
[2017.06.18-14.31.33:513][564]LogScript:Warning: Accessed None trying to read property SpringArm
	AnimBP_0_C /Temp/UEDPIE_0_Untitled_1.Untitled_1:PersistentLevel.Character_0_C_0.CharacterMesh0.AnimBP_0_C_0
	Function /Game/Character/Animations/Movement/AnimBP_0.AnimBP_0_C:ExecuteUbergraph_AnimBP_0:082F
[2017.06.18-14.31.33:514][564]PIE:Error: Error Blueprint Runtime Error: Accessed None trying to read property SpringArm from function: 'ExecuteUbergraph_AnimBP_0' from node: Set in graph: EventGraph in object: AnimBP_0 with description: Accessed None trying to read property SpringArm
[2017.06.18-14.31.33:519][564]PIE: Info Play in editor start time for /Temp/UEDPIE_0_Untitled_1 0.688
[2017.06.18-14.32.15:937][604]BlueprintLog: New page: Compile AnimBP_0
[2017.06.18-14.32.16:605][604]BlueprintEditorCompileResults: Info  Base Pose  was visible but ignored
[2017.06.18-14.32.18:057][618]Cmd: OBJ SAVEPACKAGE PACKAGE="/Game/Character/Animations/Movement/AnimBP_0" FILE="../../../../../UEProjects/Marduk_0/Content/Character/Animations/Movement/AnimBP_0.uasset" SILENT=true
[2017.06.18-14.32.18:744][618]LogSavePackage: Save=667.84ms
[2017.06.18-14.32.18:744][618]LogSavePackage: Moving '../../../../../UEProjects/Marduk_0/Saved/AnimBP_06B6B69F84F6660036CAB15A1E5411185.tmp' to '../../../../../UEProjects/Marduk_0/Content/Character/Animations/Movement/AnimBP_0.uasset'
[2017.06.18-14.32.18:753][618]LogSavePackage:Display: Finished SavePackage ../../../../../UEProjects/Marduk_0/Content/Character/Animations/Movement/AnimBP_0.uasset
[2017.06.18-14.33.29:372][462]Cmd: OBJ SAVEPACKAGE PACKAGE="/Game/Character/Animations/Movement/AnimBP_0" FILE="../../../../../UEProjects/Marduk_0/Content/Character/Animations/Movement/AnimBP_0.uasset" SILENT=true
[2017.06.18-14.33.30:054][462]LogSavePackage: Save=664.63ms
[2017.06.18-14.33.30:054][462]LogSavePackage: Moving '../../../../../UEProjects/Marduk_0/Saved/AnimBP_0FB406C4F4902C07291D680AFFE0B2063.tmp' to '../../../../../UEProjects/Marduk_0/Content/Character/Animations/Movement/AnimBP_0.uasset'
[2017.06.18-14.33.30:063][462]LogSavePackage:Display: Finished SavePackage ../../../../../UEProjects/Marduk_0/Content/Character/Animations/Movement/AnimBP_0.uasset
[2017.06.18-14.33.31:308][478]BlueprintLog: New page: Compile AnimBP_0
[2017.06.18-14.33.31:992][478]BlueprintEditorCompileResults: Info  Base Pose  was visible but ignored
[2017.06.18-14.33.33:098][488]Cmd: OBJ SAVEPACKAGE PACKAGE="/Game/Character/Animations/Movement/AnimBP_0" FILE="../../../../../UEProjects/Marduk_0/Content/Character/Animations/Movement/AnimBP_0.uasset" SILENT=true
[2017.06.18-14.33.33:790][488]LogSavePackage: Save=674.74ms
[2017.06.18-14.33.33:791][488]LogSavePackage: Moving '../../../../../UEProjects/Marduk_0/Saved/AnimBP_0ABAEDA1243F35B0DECE311872F818016.tmp' to '../../../../../UEProjects/Marduk_0/Content/Character/Animations/Movement/AnimBP_0.uasset'
[2017.06.18-14.33.33:795][488]LogSavePackage:Display: Finished SavePackage ../../../../../UEProjects/Marduk_0/Content/Character/Animations/Movement/AnimBP_0.uasset
[2017.06.18-14.33.35:886][517]LogTemp: Repeting last play command: Selected Viewport
[2017.06.18-14.33.35:950][517]LogPlayLevel: PlayLevel: No blueprints needed recompiling
[2017.06.18-14.33.35:951][517]PIE: New page: PIE session: Untitled_1 (Jun 18, 2017, 8:33:35 PM)
[2017.06.18-14.33.35:951][517]LogPlayLevel: Creating play world package: /Temp/UEDPIE_0_Untitled_1
[2017.06.18-14.33.35:959][517]LogPlayLevel: PIE: StaticDuplicateObject took: (0.008766s)
[2017.06.18-14.33.35:961][517]LogAIModule: Creating AISystem for world Untitled_1
[2017.06.18-14.33.35:962][517]LogPlayLevel: PIE: World Init took: (0.002863s)
[2017.06.18-14.33.35:962][517]LogPlayLevel: PIE: Created PIE world by copying editor world from /Temp/Untitled_1.Untitled_1 to /Temp/UEDPIE_0_Untitled_1.Untitled_1 (0.012276s)
[2017.06.18-14.33.36:035][517]LogInit: XAudio2 using 'Динамики (Устройство с поддержкой High Definition Audio)' : 2 channels at 44.1 kHz using 16 bits per sample (channel mask 0x3)
[2017.06.18-14.33.36:057][517]LogInit: FAudioDevice initialized.
[2017.06.18-14.33.36:108][517]LogLoad: Game class is 'GameMode_0_C'
[2017.06.18-14.33.36:114][517]LogWorld: Bringing World /Temp/UEDPIE_0_Untitled_1.Untitled_1 up for play (max tick rate 60) at 2017.06.18-17.33.36
[2017.06.18-14.33.36:116][517]LogWorld: Bringing up level for play took: 0.003501
[2017.06.18-14.33.36:119][517]LogScript:Warning: Accessed None trying to read property SpringArm
	AnimBP_0_C /Temp/UEDPIE_0_Untitled_1.Untitled_1:PersistentLevel.Character_0_C_0.CharacterMesh0.AnimBP_0_C_0
	Function /Game/Character/Animations/Movement/AnimBP_0.AnimBP_0_C:ExecuteUbergraph_AnimBP_0:082F
[2017.06.18-14.33.36:119][517]PIE:Error: Error Blueprint Runtime Error: Accessed None trying to read property SpringArm from function: 'ExecuteUbergraph_AnimBP_0' from node: Set in graph: EventGraph in object: AnimBP_0 with description: Accessed None trying to read property SpringArm
[2017.06.18-14.33.36:126][517]PIE: Info Play in editor start time for /Temp/UEDPIE_0_Untitled_1 -0.706
[2017.06.18-14.33.39:923][595]LogTemp: Repeting last play command: Selected Viewport
[2017.06.18-14.33.39:988][595]LogPlayLevel: PlayLevel: No blueprints needed recompiling
[2017.06.18-14.33.39:988][595]PIE: New page: PIE session: Untitled_1 (Jun 18, 2017, 8:33:39 PM)
[2017.06.18-14.33.39:988][595]LogPlayLevel: Creating play world package: /Temp/UEDPIE_0_Untitled_1
[2017.06.18-14.33.39:997][595]LogPlayLevel: PIE: StaticDuplicateObject took: (0.008657s)
[2017.06.18-14.33.39:999][595]LogAIModule: Creating AISystem for world Untitled_1
[2017.06.18-14.33.40:000][595]LogPlayLevel: PIE: World Init took: (0.002757s)
[2017.06.18-14.33.40:000][595]LogPlayLevel: PIE: Created PIE world by copying editor world from /Temp/Untitled_1.Untitled_1 to /Temp/UEDPIE_0_Untitled_1.Untitled_1 (0.012100s)
[2017.06.18-14.33.40:064][595]LogInit: XAudio2 using 'Динамики (Устройство с поддержкой High Definition Audio)' : 2 channels at 44.1 kHz using 16 bits per sample (channel mask 0x3)
[2017.06.18-14.33.40:086][595]LogInit: FAudioDevice initialized.
[2017.06.18-14.33.40:139][595]LogLoad: Game class is 'GameMode_0_C'
[2017.06.18-14.33.40:146][595]LogWorld: Bringing World /Temp/UEDPIE_0_Untitled_1.Untitled_1 up for play (max tick rate 60) at 2017.06.18-17.33.40
[2017.06.18-14.33.40:147][595]LogWorld: Bringing up level for play took: 0.003856
[2017.06.18-14.33.40:150][595]LogScript:Warning: Accessed None trying to read property SpringArm
	AnimBP_0_C /Temp/UEDPIE_0_Untitled_1.Untitled_1:PersistentLevel.Character_0_C_0.CharacterMesh0.AnimBP_0_C_0
	Function /Game/Character/Animations/Movement/AnimBP_0.AnimBP_0_C:ExecuteUbergraph_AnimBP_0:082F
[2017.06.18-14.33.40:151][595]PIE:Error: Error Blueprint Runtime Error: Accessed None trying to read property SpringArm from function: 'ExecuteUbergraph_AnimBP_0' from node: Set in graph: EventGraph in object: AnimBP_0 with description: Accessed None trying to read property SpringArm
[2017.06.18-14.33.40:157][595]PIE: Info Play in editor start time for /Temp/UEDPIE_0_Untitled_1 -0.674
[2017.06.18-14.35.51:742][702]LogActorComponent: RegisterComponentWithWorld: (/Engine/Transient.World_14:PersistentLevel.Actor_3.DebugSkelMeshComponent_7) Already registered. Aborting.
[2017.06.18-14.35.51:834][702]LogSkeletalMesh: USkeletalMeshComponent::InitArticulated : Bodies already created (/Engine/Transient.World_14:PersistentLevel.Actor_3.DebugSkelMeshComponent_7) - call TermArticulated first.
[2017.06.18-14.35.52:229][702]LogContentBrowser:Verbose: The majority of assets in the view are of type: AnimSequence
[2017.06.18-14.35.57:664][774]Cmd: TRANSACTION UNDO
[2017.06.18-14.35.57:664][774]LogEditorTransaction: Undo Moving Blend Grid Sample
[2017.06.18-14.35.58:110][774]LogActorComponent: RegisterComponentWithWorld: (/Engine/Transient.World_14:PersistentLevel.Actor_3.DebugSkelMeshComponent_7) Already registered. Aborting.
[2017.06.18-14.35.58:116][774]LogActorComponent: RegisterComponentWithWorld: (/Engine/Transient.World_12:PersistentLevel.Actor_2.DebugSkelMeshComponent_5) Already registered. Aborting.
[2017.06.18-14.36.41:155][327]Cmd: TRANSACTION UNDO
[2017.06.18-14.36.41:155][327]LogEditorTransaction: Undo Moving Blend Grid Sample
[2017.06.18-14.36.41:581][327]LogActorComponent: RegisterComponentWithWorld: (/Engine/Transient.World_14:PersistentLevel.Actor_3.DebugSkelMeshComponent_7) Already registered. Aborting.
[2017.06.18-14.36.41:586][327]LogActorComponent: RegisterComponentWithWorld: (/Engine/Transient.World_12:PersistentLevel.Actor_2.DebugSkelMeshComponent_5) Already registered. Aborting.
[2017.06.18-14.36.43:046][347]Cmd: TRANSACTION UNDO
[2017.06.18-14.36.43:046][347]LogEditorTransaction: Undo Moving Blend Grid Sample
[2017.06.18-14.36.43:480][347]LogActorComponent: RegisterComponentWithWorld: (/Engine/Transient.World_14:PersistentLevel.Actor_3.DebugSkelMeshComponent_7) Already registered. Aborting.
[2017.06.18-14.36.43:486][347]LogActorComponent: RegisterComponentWithWorld: (/Engine/Transient.World_12:PersistentLevel.Actor_2.DebugSkelMeshComponent_5) Already registered. Aborting.
[2017.06.18-14.37.26:478][889]LogActorComponent: RegisterComponentWithWorld: (/Engine/Transient.World_17:PersistentLevel.Actor_4.DebugSkelMeshComponent_9) Already registered. Aborting.
[2017.06.18-14.37.27:349][889]LogSkeletalMesh: USkeletalMeshComponent::InitArticulated : Bodies already created (/Engine/Transient.World_17:PersistentLevel.Actor_4.DebugSkelMeshComponent_9) - call TermArticulated first.
[2017.06.18-14.38.50:342][127]LogMetaData: Removing '/Game/Character/Components/Stats.SKEL_Stats_C' ref from Metadata '/Game/Character/Stats.PackageMetaData'
[2017.06.18-14.38.50:342][127]LogMetaData: Removing '/Game/Character/Components/Stats.Stats_C' ref from Metadata '/Game/Character/Stats.PackageMetaData'
[2017.06.18-14.38.50:342][127]LogMetaData: Removing '/Game/Character/Components/Stats.Stats:EventGraph.K2Node_Event_0' ref from Metadata '/Game/Character/Stats.PackageMetaData'
[2017.06.18-14.38.50:342][127]LogMetaData: Removing '/Game/Character/Components/Stats.Stats:EventGraph.K2Node_Event_1' ref from Metadata '/Game/Character/Stats.PackageMetaData'
[2017.06.18-14.38.50:434][127]Cmd: OBJ SAVEPACKAGE PACKAGE="/Game/Character/Components/Stats" FILE="../../../../../UEProjects/Marduk_0/Content/Character/Components/Stats.uasset" SILENT=true
[2017.06.18-14.38.50:453][127]LogSavePackage: Save=15.35ms
[2017.06.18-14.38.50:453][127]LogSavePackage: Moving '../../../../../UEProjects/Marduk_0/Saved/StatsC07C16AF41B1C68EA73B359D9BDC06FA.tmp' to '../../../../../UEProjects/Marduk_0/Content/Character/Components/Stats.uasset'
[2017.06.18-14.38.50:462][127]LogSavePackage:Display: Finished SavePackage ../../../../../UEProjects/Marduk_0/Content/Character/Components/Stats.uasset
[2017.06.18-14.39.04:253][338]LogSlate: Took 0.077346 seconds to synchronously load lazily loaded font '../../../Engine/Content/Editor/Slate/Fonts/Roboto-BoldCondensedItalic.ttf' (160K)
[2017.06.18-14.40.27:497][634]LogFileHelpers: Editor autosave (incl. sublevels) for '/Temp/Untitled_1' took 0.063
[2017.06.18-14.40.27:526][634]OBJ SavePackage: Generating thumbnails for [0] asset(s) in package [/Game/Character/Components/Stats] ([1] browsable assets)...
[2017.06.18-14.40.27:526][634]OBJ SavePackage: Finished generating thumbnails for package [/Game/Character/Components/Stats]
[2017.06.18-14.40.27:526][634]Cmd: OBJ SAVEPACKAGE PACKAGE="/Game/Character/Components/Stats" FILE="../../../../../UEProjects/Marduk_0/Saved/Autosaves/Game/Character/Components/Stats_Auto1.uasset" SILENT=false AUTOSAVING=true
[2017.06.18-14.40.27:564][634]LogSavePackage: Save=17.37ms
[2017.06.18-14.40.27:564][634]LogSavePackage: Moving '../../../../../UEProjects/Marduk_0/Saved/Stats_Auto1702A18CF4C0E4D2AACEBADB7C0E0AFCD.tmp' to '../../../../../UEProjects/Marduk_0/Saved/Autosaves/Game/Character/Components/Stats_Auto1.uasset'
[2017.06.18-14.40.27:569][634]LogSavePackage:Display: Finished SavePackage ../../../../../UEProjects/Marduk_0/Saved/Autosaves/Game/Character/Components/Stats_Auto1.uasset
[2017.06.18-14.40.27:569][634]LogFileHelpers: Auto-saving content packages took 0.070
[2017.06.18-14.45.17:670][120]BlueprintLog: New page: Compile Stats
[2017.06.18-14.45.48:882][598]BlueprintLog: New page: Compile Stats
[2017.06.18-14.47.46:482][396]LogTokenParser:Error: FErrorState::Throw: FBasicTokenParser Error (ParseError): Unhandled trailing 'bonus HP' at the end of the expression
[2017.06.18-14.47.46:503][396]LogBlueprint:Error: [Compiler ] Error PARSE ERROR in ' Calculation bonus HP ': Unhandled trailing 'bonus HP' at the end of the expression
[2017.06.18-14.47.46:630][396]LogTokenParser:Error: FErrorState::Throw: FBasicTokenParser Error (ParseError): Unhandled trailing 'bonus HP' at the end of the expression
[2017.06.18-14.48.59:695][478]BlueprintLog: New page: Compile Stats
[2017.06.18-14.49.00:492][478]BlueprintEditorCompileResults:Error: Error PARSE ERROR in ' Calculation bonus HP ': Unhandled trailing 'bonus HP' at the end of the expression
[2017.06.18-14.49.00:493][478]BlueprintEditorCompileResults:Error: Error PARSE ERROR in ' Calculation bonus HP ': Unhandled trailing 'bonus HP' at the end of the expression
[2017.06.18-14.49.00:494][478]LogBlueprint:Warning: [Compiler Stats] Warning [1812.50] Compile of Stats failed. 2 Fatal Issue(s) 0 Warning(s) [in 798 ms] (/Game/Character/Components/Stats.Stats)
[2017.06.18-14.49.00:591][478]LogSlate:Warning: WidgetMapToItem length (1) does not match ItemsWithGeneratedWidgets length (2). This is often because the same item is in the list more than once in SListView< TSharedRef<FTokenizedMessage> > [SMessageLogListing.cpp(65)]. Diagnostics follow.
[2017.06.18-14.49.00:591][478]LogSlate:Warning: 
[2017.06.18-14.49.00:591][478]LogSlate:Warning: ItemToWidgetMap :
[2017.06.18-14.49.00:591][478]LogSlate:Warning: 0xb43bf480 -> 0xacf9d620 @ SMessageLogMessageListRow [SMessageLogListing.cpp(285)]
[2017.06.18-14.49.00:591][478]LogSlate:Warning: 
[2017.06.18-14.49.00:591][478]LogSlate:Warning: WidgetMapToItem:
[2017.06.18-14.49.00:591][478]LogSlate:Warning: 0xacf9d610 -> 0xb43bf480
[2017.06.18-14.49.00:591][478]LogSlate:Warning: 
[2017.06.18-14.49.00:591][478]LogSlate:Warning: ItemsWithGeneratedWidgets:
[2017.06.18-14.49.00:591][478]LogSlate:Warning: [0] 0xb43bf480
[2017.06.18-14.49.00:591][478]LogSlate:Warning: [1] 0xb43bf480
[2017.06.18-14.49.00:593][478]LogWindows: Windows GetLastError: Операция успешно завершена. (0)
[2017.06.18-14.49.30:297][478]LogCrashTracker: 


[2017.06.18-14.49.30:297][478]LogCrashTracker: 


[2017.06.18-14.49.30:297][478]LogWindows:Error: === Critical error: ===
[2017.06.18-14.49.30:297][478]LogWindows:Error: 
[2017.06.18-14.49.30:297][478]LogWindows:Error: Assertion failed: false [File:d:\build\++ue4+release-4.16+compile\sync\engine\source\runtime\slate\public\Widgets/Views/SListView.h] [Line: 627] 
[2017.06.18-14.49.30:297][478]LogWindows:Error: SListView< TSharedRef<FTokenizedMessage> > [SMessageLogListing.cpp(65)] detected a critical error. See diagnostic dump above. Provide a custom 'OnItemToString_Debug' for more detailed diagnostics.
[2017.06.18-14.49.30:297][478]LogWindows:Error: 
[2017.06.18-14.49.30:297][478]LogWindows:Error: 
[2017.06.18-14.49.30:297][478]LogWindows:Error: KERNELBASE.dll!0x00000000A4F995FC
[2017.06.18-14.49.30:297][478]LogWindows:Error: UE4Editor-Core.dll!FOutputDeviceWindowsError::Serialize() [d:\build\++ue4+release-4.16+compile\sync\engine\source\runtime\core\private\windows\windowsplatformoutputdevices.cpp:120]
[2017.06.18-14.49.30:297][478]LogWindows:Error: UE4Editor-Core.dll!FOutputDevice::Logf__VA() [d:\build\++ue4+release-4.16+compile\sync\engine\source\runtime\core\private\misc\outputdevice.cpp:70]
[2017.06.18-14.49.30:297][478]LogWindows:Error: UE4Editor-Core.dll!FDebug::AssertFailed() [d:\build\++ue4+release-4.16+compile\sync\engine\source\runtime\core\private\misc\assertionmacros.cpp:349]
[2017.06.18-14.49.30:297][478]LogWindows:Error: UE4Editor-MessageLog.dll!SListView<TSharedRef<FTokenizedMessage,0> >::FWidgetGenerator::ValidateWidgetGeneration() [d:\build\++ue4+release-4.16+compile\sync\engine\source\runtime\slate\public\widgets\views\slistview.h:627]
[2017.06.18-14.49.30:297][478]LogWindows:Error: UE4Editor-MessageLog.dll!SListView<TSharedRef<FTokenizedMessage,0> >::FWidgetGenerator::OnEndGenerationPass() [d:\build\++ue4+release-4.16+compile\sync\engine\source\runtime\slate\public\widgets\views\slistview.h:546]
[2017.06.18-14.49.30:297][478]LogWindows:Error: UE4Editor-MessageLog.dll!SListView<TSharedRef<FTokenizedMessage,0> >::ReGenerateItems() [d:\build\++ue4+release-4.16+compile\sync\engine\source\runtime\slate\public\widgets\views\slistview.h:993]
[2017.06.18-14.49.30:297][478]LogWindows:Error: UE4Editor-Slate.dll!STableViewBase::Tick() [d:\build\++ue4+release-4.16+compile\sync\engine\source\runtime\slate\private\widgets\views\stableviewbase.cpp:251]
[2017.06.18-14.49.30:297][478]LogWindows:Error: UE4Editor-SlateCore.dll!SWidget::Paint() [d:\build\++ue4+release-4.16+compile\sync\engine\source\runtime\slatecore\private\widgets\swidget.cpp:773]
[2017.06.18-14.49.30:297][478]LogWindows:Error: UE4Editor-SlateCore.dll!SPanel::PaintArrangedChildren() [d:\build\++ue4+release-4.16+compile\sync\engine\source\runtime\slatecore\private\widgets\spanel.cpp:46]
[2017.06.18-14.49.30:297][478]LogWindows:Error: UE4Editor-SlateCore.dll!SPanel::OnPaint() [d:\build\++ue4+release-4.16+compile\sync\engine\source\runtime\slatecore\private\widgets\spanel.cpp:21]
[2017.06.18-14.49.30:297][478]LogWindows:Error: UE4Editor-SlateCore.dll!SWidget::Paint() [d:\build\++ue4+release-4.16+compile\sync\engine\source\runtime\slatecore\private\widgets\swidget.cpp:776]
[2017.06.18-14.49.30:297][478]LogWindows:Error: UE4Editor-SlateCore.dll!SOverlay::OnPaint() [d:\build\++ue4+release-4.16+compile\sync\engine\source\runtime\slatecore\private\widgets\soverlay.cpp:102]
[2017.06.18-14.49.30:297][478]LogWindows:Error: UE4Editor-SlateCore.dll!SWidget::Paint() [d:\build\++ue4+release-4.16+compile\sync\engine\source\runtime\slatecore\private\widgets\swidget.cpp:776]
[2017.06.18-14.49.30:297][478]LogWindows:Error: UE4Editor-SlateCore.dll!SPanel::PaintArrangedChildren() [d:\build\++ue4+release-4.16+compile\sync\engine\source\runtime\slatecore\private\widgets\spanel.cpp:46]
[2017.06.18-14.49.30:297][478]LogWindows:Error: UE4Editor-SlateCore.dll!SPanel::OnPaint() [d:\build\++ue4+release-4.16+compile\sync\engine\source\runtime\slatecore\private\widgets\spanel.cpp:21]
[2017.06.18-14.49.30:297][478]LogWindows:Error: UE4Editor-SlateCore.dll!SWidget::Paint() [d:\build\++ue4+release-4.16+compile\sync\engine\source\runtime\slatecore\private\widgets\swidget.cpp:776]
[2017.06.18-14.49.30:297][478]LogWindows:Error: UE4Editor-SlateCore.dll!SCompoundWidget::OnPaint() [d:\build\++ue4+release-4.16+compile\sync\engine\source\runtime\slatecore\private\widgets\scompoundwidget.cpp:37]
[2017.06.18-14.49.30:298][478]LogWindows:Error: UE4Editor-Slate.dll!SScrollBox::OnPaint() [d:\build\++ue4+release-4.16+compile\sync\engine\source\runtime\slate\private\widgets\layout\sscrollbox.cpp:960]
[2017.06.18-14.49.30:298][478]LogWindows:Error: UE4Editor-SlateCore.dll!SWidget::Paint() [d:\build\++ue4+release-4.16+compile\sync\engine\source\runtime\slatecore\private\widgets\swidget.cpp:776]
[2017.06.18-14.49.30:298][478]LogWindows:Error: UE4Editor-SlateCore.dll!SPanel::PaintArrangedChildren() [d:\build\++ue4+release-4.16+compile\sync\engine\source\runtime\slatecore\private\widgets\spanel.cpp:46]
[2017.06.18-14.49.30:298][478]LogWindows:Error: UE4Editor-SlateCore.dll!SPanel::OnPaint() [d:\build\++ue4+release-4.16+compile\sync\engine\source\runtime\slatecore\private\widgets\spanel.cpp:21]
[2017.06.18-14.49.30:298][478]LogWindows:Error: UE4Editor-SlateCore.dll!SWidget::Paint() [d:\build\++ue4+release-4.16+compile\sync\engine\source\runtime\slatecore\private\widgets\swidget.cpp:776]
[2017.06.18-14.49.30:298][478]LogWindows:Error: UE4Editor-SlateCore.dll!SCompoundWidget::OnPaint() [d:\build\++ue4+release-4.16+compile\sync\engine\source\runtime\slatecore\private\widgets\scompoundwidget.cpp:37]
[2017.06.18-14.49.30:298][478]LogWindows:Error: UE4Editor-Slate.dll!SBorder::OnPaint() [d:\build\++ue4+release-4.16+compile\sync\engine\source\runtime\slate\private\widgets\layout\sborder.cpp:86]
[2017.06.18-14.49.30:298][478]LogWindows:Error: UE4Editor-SlateCore.dll!SWidget::Paint() [d:\build\++ue4+release-4.16+compile\sync\engine\source\runtime\slatecore\private\widgets\swidget.cpp:776]
[2017.06.18-14.49.30:298][478]LogWindows:Error: UE4Editor-SlateCore.dll!SPanel::PaintArrangedChildren() [d:\build\++ue4+release-4.16+compile\sync\engine\source\runtime\slatecore\private\widgets\spanel.cpp:46]
[2017.06.18-14.49.30:298][478]LogWindows:Error: UE4Editor-SlateCore.dll!SPanel::OnPaint() [d:\build\++ue4+release-4.16+compile\sync\engine\source\runtime\slatecore\private\widgets\spanel.cpp:21]
[2017.06.18-14.49.30:298][478]LogWindows:Error: UE4Editor-SlateCore.dll!SWidget::Paint() [d:\build\++ue4+release-4.16+compile\sync\engine\source\runtime\slatecore\private\widgets\swidget.cpp:776]
[2017.06.18-14.49.30:298][478]LogWindows:Error: UE4Editor-SlateCore.dll!SCompoundWidget::OnPaint() [d:\build\++ue4+release-4.16+compile\sync\engine\source\runtime\slatecore\private\widgets\scompoundwidget.cpp:37]
[2017.06.18-14.49.30:298][478]LogWindows:Error: UE4Editor-Slate.dll!SBorder::OnPaint() [d:\build\++ue4+release-4.16+compile\sync\engine\source\runtime\slate\private\widgets\layout\sborder.cpp:86]
[2017.06.18-14.49.30:298][478]LogWindows:Error: UE4Editor-SlateCore.dll!SWidget::Paint() [d:\build\++ue4+release-4.16+compile\sync\engine\source\runtime\slatecore\private\widgets\swidget.cpp:776]
[2017.06.18-14.49.30:298][478]LogWindows:Error: UE4Editor-SlateCore.dll!SCompoundWidget::OnPaint() [d:\build\++ue4+release-4.16+compile\sync\engine\source\runtime\slatecore\private\widgets\scompoundwidget.cpp:37]
[2017.06.18-14.49.30:298][478]LogWindows:Error: UE4Editor-SlateCore.dll!SWidget::Paint() [d:\build\++ue4+release-4.16+compile\sync\engine\source\runtime\slatecore\private\widgets\swidget.cpp:776]
[2017.06.18-14.49.30:298][478]LogWindows:Error: UE4Editor-SlateCore.dll!SCompoundWidget::OnPaint() [d:\build\++ue4+release-4.16+compile\sync\engine\source\runtime\slatecore\private\widgets\scompoundwidget.cpp:37]
[2017.06.18-14.49.30:298][478]LogWindows:Error: UE4Editor-Slate.dll!SBorder::OnPaint() [d:\build\++ue4+release-4.16+compile\sync\engine\source\runtime\slate\private\widgets\layout\sborder.cpp:86]
[2017.06.18-14.49.30:298][478]LogWindows:Error: UE4Editor-SlateCore.dll!SWidget::Paint() [d:\build\++ue4+release-4.16+compile\sync\engine\source\runtime\slatecore\private\widgets\swidget.cpp:776]
[2017.06.18-14.49.30:298][478]LogWindows:Error: UE4Editor-SlateCore.dll!SOverlay::OnPaint() [d:\build\++ue4+release-4.16+compile\sync\engine\source\runtime\slatecore\private\widgets\soverlay.cpp:102]
[2017.06.18-14.49.30:298][478]LogWindows:Error: UE4Editor-SlateCore.dll!SWidget::Paint() [d:\build\++ue4+release-4.16+compile\sync\engine\source\runtime\slatecore\private\widgets\swidget.cpp:776]
[2017.06.18-14.49.30:298][478]LogWindows:Error: UE4Editor-SlateCore.dll!SPanel::PaintArrangedChildren() [d:\build\++ue4+release-4.16+compile\sync\engine\source\runtime\slatecore\private\widgets\spanel.cpp:46]
[2017.06.18-14.49.30:298][478]LogWindows:Error: UE4Editor-SlateCore.dll!SPanel::OnPaint() [d:\build\++ue4+release-4.16+compile\sync\engine\source\runtime\slatecore\private\widgets\spanel.cpp:21]
[2017.06.18-14.49.30:298][478]LogWindows:Error: UE4Editor-SlateCore.dll!SWidget::Paint() [d:\build\++ue4+release-4.16+compile\sync\engine\source\runtime\slatecore\private\widgets\swidget.cpp:776]
[2017.06.18-14.49.30:298][478]LogWindows:Error: UE4Editor-SlateCore.dll!SCompoundWidget::OnPaint() [d:\build\++ue4+release-4.16+compile\sync\engine\source\runtime\slatecore\private\widgets\scompoundwidget.cpp:37]
[2017.06.18-14.49.30:298][478]LogWindows:Error: UE4Editor-SlateCore.dll!SWidget::Paint() [d:\build\++ue4+release-4.16+compile\sync\engine\source\runtime\slatecore\private\widgets\swidget.cpp:776]
[2017.06.18-14.49.30:298][478]LogWindows:Error: UE4Editor-SlateCore.dll!SPanel::PaintArrangedChildren() [d:\build\++ue4+release-4.16+compile\sync\engine\source\runtime\slatecore\private\widgets\spanel.cpp:46]
[2017.06.18-14.49.30:298][478]LogWindows:Error: UE4Editor-Slate.dll!SSplitter::OnPaint() [d:\build\++ue4+release-4.16+compile\sync\engine\source\runtime\slate\private\widgets\layout\ssplitter.cpp:168]
[2017.06.18-14.49.30:298][478]LogWindows:Error: UE4Editor-SlateCore.dll!SWidget::Paint() [d:\build\++ue4+release-4.16+compile\sync\engine\source\runtime\slatecore\private\widgets\swidget.cpp:776]
[2017.06.18-14.49.30:298][478]LogWindows:Error: UE4Editor-SlateCore.dll!SCompoundWidget::OnPaint() [d:\build\++ue4+release-4.16+compile\sync\engine\source\runtime\slatecore\private\widgets\scompoundwidget.cpp:37]
[2017.06.18-14.49.30:298][478]LogWindows:Error: UE4Editor-SlateCore.dll!SWidget::Paint() [d:\build\++ue4+release-4.16+compile\sync\engine\source\runtime\slatecore\private\widgets\swidget.cpp:776]
[2017.06.18-14.49.30:298][478]LogWindows:Error: UE4Editor-SlateCore.dll!SPanel::PaintArrangedChildren() [d:\build\++ue4+release-4.16+compile\sync\engine\source\runtime\slatecore\private\widgets\spanel.cpp:46]
[2017.06.18-14.49.30:299][478]LogWindows:Error: UE4Editor-Slate.dll!SSplitter::OnPaint() [d:\build\++ue4+release-4.16+compile\sync\engine\source\runtime\slate\private\widgets\layout\ssplitter.cpp:168]
[2017.06.18-14.49.30:299][478]LogWindows:Error: UE4Editor-SlateCore.dll!SWidget::Paint() [d:\build\++ue4+release-4.16+compile\sync\engine\source\runtime\slatecore\private\widgets\swidget.cpp:776]
[2017.06.18-14.49.30:299][478]LogWindows:Error: UE4Editor-SlateCore.dll!SOverlay::OnPaint() [d:\build\++ue4+release-4.16+compile\sync\engine\source\runtime\slatecore\private\widgets\soverlay.cpp:102]
[2017.06.18-14.49.30:299][478]LogWindows:Error: UE4Editor-SlateCore.dll!SWidget::Paint() [d:\build\++ue4+release-4.16+compile\sync\engine\source\runtime\slatecore\private\widgets\swidget.cpp:776]
[2017.06.18-14.49.30:299][478]LogWindows:Error: UE4Editor-SlateCore.dll!SCompoundWidget::OnPaint() [d:\build\++ue4+release-4.16+compile\sync\engine\source\runtime\slatecore\private\widgets\scompoundwidget.cpp:37]
[2017.06.18-14.49.30:299][478]LogWindows:Error: UE4Editor-SlateCore.dll!SWidget::Paint() [d:\build\++ue4+release-4.16+compile\sync\engine\source\runtime\slatecore\private\widgets\swidget.cpp:776]
[2017.06.18-14.49.30:299][478]LogWindows:Error: UE4Editor-SlateCore.dll!SPanel::PaintArrangedChildren() [d:\build\++ue4+release-4.16+compile\sync\engine\source\runtime\slatecore\private\widgets\spanel.cpp:46]
[2017.06.18-14.49.30:299][478]LogWindows:Error: UE4Editor-SlateCore.dll!SPanel::OnPaint() [d:\build\++ue4+release-4.16+compile\sync\engine\source\runtime\slatecore\private\widgets\spanel.cpp:21]
[2017.06.18-14.49.30:299][478]LogWindows:Error: UE4Editor-SlateCore.dll!SWidget::Paint() [d:\build\++ue4+release-4.16+compile\sync\engine\source\runtime\slatecore\private\widgets\swidget.cpp:776]
[2017.06.18-14.49.30:299][478]LogWindows:Error: UE4Editor-SlateCore.dll!SCompoundWidget::OnPaint() [d:\build\++ue4+release-4.16+compile\sync\engine\source\runtime\slatecore\private\widgets\scompoundwidget.cpp:37]
[2017.06.18-14.49.30:299][478]LogWindows:Error: UE4Editor-SlateCore.dll!SWidget::Paint() [d:\build\++ue4+release-4.16+compile\sync\engine\source\runtime\slatecore\private\widgets\swidget.cpp:776]
[2017.06.18-14.49.30:299][478]LogWindows:Error: UE4Editor-SlateCore.dll!SCompoundWidget::OnPaint() [d:\build\++ue4+release-4.16+compile\sync\engine\source\runtime\slatecore\private\widgets\scompoundwidget.cpp:37]
[2017.06.18-14.49.30:299][478]LogWindows:Error: UE4Editor-Slate.dll!SBorder::OnPaint() [d:\build\++ue4+release-4.16+compile\sync\engine\source\runtime\slate\private\widgets\layout\sborder.cpp:86]
[2017.06.18-14.49.30:299][478]LogWindows:Error: UE4Editor-SlateCore.dll!SWidget::Paint() [d:\build\++ue4+release-4.16+compile\sync\engine\source\runtime\slatecore\private\widgets\swidget.cpp:776]
[2017.06.18-14.49.30:299][478]LogWindows:Error: UE4Editor-SlateCore.dll!SOverlay::OnPaint() [d:\build\++ue4+release-4.16+compile\sync\engine\source\runtime\slatecore\private\widgets\soverlay.cpp:102]
[2017.06.18-14.49.30:299][478]LogWindows:Error: UE4Editor-SlateCore.dll!SWidget::Paint() [d:\build\++ue4+release-4.16+compile\sync\engine\source\runtime\slatecore\private\widgets\swidget.cpp:776]
[2017.06.18-14.49.30:299][478]LogWindows:Error: UE4Editor-SlateCore.dll!SPanel::PaintArrangedChildren() [d:\build\++ue4+release-4.16+compile\sync\engine\source\runtime\slatecore\private\widgets\spanel.cpp:46]
[2017.06.18-14.49.30:299][478]LogWindows:Error: UE4Editor-SlateCore.dll!SPanel::OnPaint() [d:\build\++ue4+release-4.16+compile\sync\engine\source\runtime\slatecore\private\widgets\spanel.cpp:21]
[2017.06.18-14.49.30:299][478]LogWindows:Error: UE4Editor-SlateCore.dll!SWidget::Paint() [d:\build\++ue4+release-4.16+compile\sync\engine\source\runtime\slatecore\private\widgets\swidget.cpp:776]
[2017.06.18-14.49.30:299][478]LogWindows:Error: UE4Editor-SlateCore.dll!SCompoundWidget::OnPaint() [d:\build\++ue4+release-4.16+compile\sync\engine\source\runtime\slatecore\private\widgets\scompoundwidget.cpp:37]
[2017.06.18-14.49.30:299][478]LogWindows:Error: UE4Editor-SlateCore.dll!SWidget::Paint() [d:\build\++ue4+release-4.16+compile\sync\engine\source\runtime\slatecore\private\widgets\swidget.cpp:776]
[2017.06.18-14.49.30:299][478]LogWindows:Error: UE4Editor-SlateCore.dll!SPanel::PaintArrangedChildren() [d:\build\++ue4+release-4.16+compile\sync\engine\source\runtime\slatecore\private\widgets\spanel.cpp:46]
[2017.06.18-14.49.30:299][478]LogWindows:Error: UE4Editor-Slate.dll!SSplitter::OnPaint() [d:\build\++ue4+release-4.16+compile\sync\engine\source\runtime\slate\private\widgets\layout\ssplitter.cpp:168]
[2017.06.18-14.49.30:299][478]LogWindows:Error: UE4Editor-SlateCore.dll!SWidget::Paint() [d:\build\++ue4+release-4.16+compile\sync\engine\source\runtime\slatecore\private\widgets\swidget.cpp:776]
[2017.06.18-14.49.30:299][478]LogWindows:Error: UE4Editor-SlateCore.dll!SOverlay::OnPaint() [d:\build\++ue4+release-4.16+compile\sync\engine\source\runtime\slatecore\private\widgets\soverlay.cpp:102]
[2017.06.18-14.49.30:299][478]LogWindows:Error: UE4Editor-SlateCore.dll!SWidget::Paint() [d:\build\++ue4+release-4.16+compile\sync\engine\source\runtime\slatecore\private\widgets\swidget.cpp:776]
[2017.06.18-14.49.30:299][478]LogWindows:Error: UE4Editor-SlateCore.dll!SCompoundWidget::OnPaint() [d:\build\++ue4+release-4.16+compile\sync\engine\source\runtime\slatecore\private\widgets\scompoundwidget.cpp:37]
[2017.06.18-14.49.30:299][478]LogWindows:Error: UE4Editor-SlateCore.dll!SWidget::Paint() [d:\build\++ue4+release-4.16+compile\sync\engine\source\runtime\slatecore\private\widgets\swidget.cpp:776]
[2017.06.18-14.49.30:299][478]LogWindows:Error: UE4Editor-SlateCore.dll!SPanel::PaintArrangedChildren() [d:\build\++ue4+release-4.16+compile\sync\engine\source\runtime\slatecore\private\widgets\spanel.cpp:46]
[2017.06.18-14.49.30:299][478]LogWindows:Error: UE4Editor-SlateCore.dll!SPanel::OnPaint() [d:\build\++ue4+release-4.16+compile\sync\engine\source\runtime\slatecore\private\widgets\spanel.cpp:21]
[2017.06.18-14.49.30:299][478]LogWindows:Error: UE4Editor-SlateCore.dll!SWidget::Paint() [d:\build\++ue4+release-4.16+compile\sync\engine\source\runtime\slatecore\private\widgets\swidget.cpp:776]
[2017.06.18-14.49.30:300][478]LogWindows:Error: UE4Editor-SlateCore.dll!SPanel::PaintArrangedChildren() [d:\build\++ue4+release-4.16+compile\sync\engine\source\runtime\slatecore\private\widgets\spanel.cpp:46]
[2017.06.18-14.49.30:300][478]LogWindows:Error: UE4Editor-SlateCore.dll!SPanel::OnPaint() [d:\build\++ue4+release-4.16+compile\sync\engine\source\runtime\slatecore\private\widgets\spanel.cpp:21]
[2017.06.18-14.49.30:300][478]LogWindows:Error: UE4Editor-SlateCore.dll!SWidget::Paint() [d:\build\++ue4+release-4.16+compile\sync\engine\source\runtime\slatecore\private\widgets\swidget.cpp:776]
[2017.06.18-14.49.30:300][478]LogWindows:Error: UE4Editor-SlateCore.dll!SOverlay::OnPaint() [d:\build\++ue4+release-4.16+compile\sync\engine\source\runtime\slatecore\private\widgets\soverlay.cpp:102]
[2017.06.18-14.49.30:300][478]LogWindows:Error: UE4Editor-SlateCore.dll!SWidget::Paint() [d:\build\++ue4+release-4.16+compile\sync\engine\source\runtime\slatecore\private\widgets\swidget.cpp:776]
[2017.06.18-14.49.30:300][478]LogWindows:Error: UE4Editor-SlateCore.dll!SCompoundWidget::OnPaint() [d:\build\++ue4+release-4.16+compile\sync\engine\source\runtime\slatecore\private\widgets\scompoundwidget.cpp:37]
[2017.06.18-14.49.30:300][478]LogWindows:Error: UE4Editor-SlateCore.dll!SWindow::OnPaint() [d:\build\++ue4+release-4.16+compile\sync\engine\source\runtime\slatecore\private\widgets\swindow.cpp:1838]
[2017.06.18-14.49.30:300][478]LogWindows:Error: UE4Editor-SlateCore.dll!SWidget::Paint() [d:\build\++ue4+release-4.16+compile\sync\engine\source\runtime\slatecore\private\widgets\swidget.cpp:776]
[2017.06.18-14.49.30:300][478]LogWindows:Error: UE4Editor-Slate.dll!FSlateApplication::DrawWindowAndChildren() [d:\build\++ue4+release-4.16+compile\sync\engine\source\runtime\slate\private\framework\application\slateapplication.cpp:1192]
[2017.06.18-14.49.30:300][478]LogWindows:Error: UE4Editor-Slate.dll!FSlateApplication::DrawWindowAndChildren() [d:\build\++ue4+release-4.16+compile\sync\engine\source\runtime\slate\private\framework\application\slateapplication.cpp:1281]
[2017.06.18-14.49.30:300][478]LogWindows:Error: UE4Editor-Slate.dll!FSlateApplication::PrivateDrawWindows() [d:\build\++ue4+release-4.16+compile\sync\engine\source\runtime\slate\private\framework\application\slateapplication.cpp:1432]
[2017.06.18-14.49.30:300][478]LogWindows:Error: UE4Editor-Slate.dll!FSlateApplication::DrawWindows() [d:\build\++ue4+release-4.16+compile\sync\engine\source\runtime\slate\private\framework\application\slateapplication.cpp:1149]
[2017.06.18-14.49.30:300][478]LogWindows:Error: UE4Editor-Slate.dll!FSlateApplication::TickApplication() [d:\build\++ue4+release-4.16+compile\sync\engine\source\runtime\slate\private\framework\application\slateapplication.cpp:1726]
[2017.06.18-14.49.30:300][478]LogWindows:Error: UE4Editor-Slate.dll!FSlateApplication::Tick() [d:\build\++ue4+release-4.16+compile\sync\engine\source\runtime\slate\private\framework\application\slateapplication.cpp:1548]
[2017.06.18-14.49.30:300][478]LogWindows:Error: UE4Editor.exe!FEngineLoop::Tick() [d:\build\++ue4+release-4.16+compile\sync\engine\source\runtime\launch\private\launchengineloop.cpp:3182]
[2017.06.18-14.49.30:300][478]LogWindows:Error: UE4Editor.exe!GuardedMain() [d:\build\++ue4+release-4.16+compile\sync\engine\source\runtime\launch\private\launch.cpp:166]
[2017.06.18-14.49.30:300][478]LogWindows:Error: UE4Editor.exe!GuardedMainWrapper() [d:\build\++ue4+release-4.16+compile\sync\engine\source\runtime\launch\private\windows\launchwindows.cpp:134]
[2017.06.18-14.49.30:300][478]LogWindows:Error: UE4Editor.exe!WinMain() [d:\build\++ue4+release-4.16+compile\sync\engine\source\runtime\launch\private\windows\launchwindows.cpp:210]
[2017.06.18-14.49.30:300][478]LogWindows:Error: UE4Editor.exe!__scrt_common_main_seh() [f:\dd\vctools\crt\vcstartup\src\startup\exe_common.inl:253]
[2017.06.18-14.49.30:300][478]LogWindows:Error: 
[2017.06.18-14.49.30:327][478]LogExit: Executing StaticShutdownAfterError
[2017.06.18-14.49.30:373][478]LogWindows: FPlatformMisc::RequestExit(1)
[2017.06.18-14.49.30:392][478]Log file closed, 06/18/17 17:49:30
