Log file open, 06/17/17 17:40:55
LogInit:Display: Running engine for game: Marduk0
LogPlatformFile: Not using cached read wrapper
LogInit:Display: RandInit(1433314848) SRandInit(1433314848).
LogTaskGraph: Started task graph with 5 named threads and 6 total threads with 1 sets of task threads.
LogStats: Stats thread started at 0.089295
LogInit: Using libcurl 7.47.1
LogInit:  - built for x86_64-pc-win32
LogInit:  - supports SSL with OpenSSL/1.0.2g
LogInit:  - supports HTTP deflate (compression) using libz 1.2.8
LogInit:  - other features:
LogInit:      CURL_VERSION_SSL
LogInit:      CURL_VERSION_LIBZ
LogInit:      CURL_VERSION_IPV6
LogInit:      CURL_VERSION_ASYNCHDNS
LogInit:      CURL_VERSION_LARGEFILE
LogInit:      CURL_VERSION_IDN
LogInit:  CurlRequestOptions (configurable via config and command line):
LogInit:  - bVerifyPeer = false  - Libcurl will NOT verify peer certificate
LogInit:  - bUseHttpProxy = false  - Libcurl will NOT use HTTP proxy
LogInit:  - bDontReuseConnections = false  - Libcurl will reuse connections
LogInit:  - CertBundlePath = nullptr  - Libcurl will use whatever was configured at build time.
LogInit: Build: ++UE4+Release-4.16-CL-3466753
LogInit: Engine Version: 4.16.1-3466753+++UE4+Release-4.16
LogInit: Compatible Engine Version: 4.16.0-3452394+++UE4+Release-4.16
LogInit: Net CL: 3452394
LogDevObjectVersion: Number of dev versions registered: 16
LogDevObjectVersion:   Dev-Blueprints (B0D832E4-1F89-4F0D-ACCF-7EB736FD4AA2): 9
LogDevObjectVersion:   Dev-Build (E1C64328-A22C-4D53-A36C-8E866417BD8C): 0
LogDevObjectVersion:   Dev-Core (375EC13C-06E4-48FB-B500-84F0262A717E): 2
LogDevObjectVersion:   Dev-Editor (E4B068ED-F494-42E9-A231-DA0B2E46BB41): 17
LogDevObjectVersion:   Dev-Framework (CFFC743F-43B0-4480-9391-14DF171D2073): 23
LogDevObjectVersion:   Dev-Mobile (B02B49B5-BB20-44E9-A304-32B752E40360): 0
LogDevObjectVersion:   Dev-Networking (A4E4105C-59A1-49B5-A7C5-40C4547EDFEE): 0
LogDevObjectVersion:   Dev-Online (39C831C9-5AE6-47DC-9A44-9C173E1C8E7C): 0
LogDevObjectVersion:   Dev-Physics (78F01B33-EBEA-4F98-B9B4-84EACCB95AA2): 0
LogDevObjectVersion:   Dev-Platform (6631380F-2D4D-43E0-8009-CF276956A95A): 0
LogDevObjectVersion:   Dev-Rendering (12F88B9F-8875-4AFC-A67C-D90C383ABD29): 15
LogDevObjectVersion:   Dev-Sequencer (7B5AE74C-D270-4C10-A958-57980B212A5A): 4
LogDevObjectVersion:   Dev-VR (D7296918-1DD6-4BDD-9DE2-64A83CC13884): 0
LogDevObjectVersion:   Dev-LoadTimes (C2A15278-BFE7-4AFE-6C17-90FF531DF755): 1
LogDevObjectVersion:   Private-Geometry (6EACA3D4-40EC-4CC1-B786-8BED09428FC5): 1
LogDevObjectVersion:   Dev-AnimPhys (29E575DD-E0A3-4627-9D10-D276232CDCEA): 3
LogInit: Compiled (64-bit): May 31 2017 02:03:30
LogInit: Compiled with Visual C++: 19.00.24215.01
LogInit: Build Configuration: Development
LogInit: Branch Name: ++UE4+Release-4.16
LogInit: Command line: -EpicPortal 
LogInit: Base directory: D:/UE4/UE_4.16/Engine/Binaries/Win64/
LogInit: Installed Engine Build: 1
LogInit: Presizing for max 8388607 objects, including 0 objects not considered by GC, pre-allocating 0 bytes for permanent pool.
LogInit: Object subsystem initialized
[2017.06.17-14.40.56:155][  0]LogInit: Selected Device Profile: [Windows]
[2017.06.17-14.40.56:155][  0]LogInit: Applying CVar settings loaded from the selected device profile: [Windows]
[2017.06.17-14.40.56:191][  0]LogInit: Computer: SNUEGA
[2017.06.17-14.40.56:191][  0]LogInit: User: Joseey
[2017.06.17-14.40.56:191][  0]LogInit: CPU Page size=4096, Cores=2
[2017.06.17-14.40.56:191][  0]LogInit: High frequency timer resolution =2.435778 MHz
[2017.06.17-14.40.56:191][  0]LogMemory: Memory total: Physical=7.9GB (8GB approx)
[2017.06.17-14.40.56:191][  0]LogMemory: Platform Memory Stats for Windows
[2017.06.17-14.40.56:191][  0]LogMemory: Process Physical Memory: 271.05 MB used, 271.05 MB peak
[2017.06.17-14.40.56:191][  0]LogMemory: Process Virtual Memory: 266.40 MB used, 266.40 MB peak
[2017.06.17-14.40.56:191][  0]LogMemory: Physical Memory: 4396.99 MB used,  3714.74 MB free, 8111.73 MB total
[2017.06.17-14.40.56:191][  0]LogMemory: Virtual Memory: 624.19 MB used,  3714.74 MB free, 134217728.00 MB total
[2017.06.17-14.40.56:235][  0]LogInit: Using OS detected language (ru-RU).
[2017.06.17-14.40.56:235][  0]LogInit: Using OS detected locale (ru-RU).
[2017.06.17-14.40.56:237][  0]LogTextLocalizationManager: No localization for 'ru-RU' exists, so 'en' will be used for the language.
[2017.06.17-14.40.56:237][  0]LogTextLocalizationManager: No localization for 'ru-RU' exists, so 'en' will be used for the locale.
[2017.06.17-14.41.06:953][  0]LogD3D11RHI: D3D11 adapters:
[2017.06.17-14.41.06:999][  0]LogD3D11RHI:    0. 'Intel(R) HD Graphics 4600' (Feature Level 11_0)
[2017.06.17-14.41.06:999][  0]LogD3D11RHI:       128/0/1792 MB DedicatedVideo/DedicatedSystem/SharedSystem, Outputs:1, VendorId:0x8086
[2017.06.17-14.41.07:018][  0]LogD3D11RHI:    1. 'NVIDIA GeForce GT 750M' (Feature Level 11_0)
[2017.06.17-14.41.07:018][  0]LogD3D11RHI:       1987/0/2048 MB DedicatedVideo/DedicatedSystem/SharedSystem, Outputs:0, VendorId:0x10de
[2017.06.17-14.41.07:019][  0]LogD3D11RHI:    2. 'Microsoft Basic Render Driver' (Feature Level 11_0)
[2017.06.17-14.41.07:019][  0]LogD3D11RHI:       0/0/256 MB DedicatedVideo/DedicatedSystem/SharedSystem, Outputs:0, VendorId:0x1414
[2017.06.17-14.41.07:019][  0]LogD3D11RHI: Chosen D3D11 Adapter: 1
[2017.06.17-14.41.07:025][  0]LogD3D11RHI: Creating new Direct3DDevice
[2017.06.17-14.41.07:025][  0]LogD3D11RHI:     GPU DeviceId: 0xfe4 (for the marketing name, search the web for "GPU Device Id")
[2017.06.17-14.41.07:025][  0]LogWindows: EnumDisplayDevices:
[2017.06.17-14.41.07:025][  0]LogWindows:    0. 'Intel(R) HD Graphics 4600' (P:1 D:1)
[2017.06.17-14.41.07:025][  0]LogWindows:    1. 'Intel(R) HD Graphics 4600' (P:0 D:0)
[2017.06.17-14.41.07:025][  0]LogWindows:    2. 'Intel(R) HD Graphics 4600' (P:0 D:0)
[2017.06.17-14.41.07:026][  0]LogWindows:    3. 'NVIDIA GeForce GT 750M' (P:0 D:0)
[2017.06.17-14.41.07:026][  0]LogWindows: DebugString: PrimaryIsNotTheChoosenAdapter PrimaryIsNotTheChoosenAdapter PrimaryIsNotTheChoosenAdapter 
[2017.06.17-14.41.07:026][  0]LogD3D11RHI:     Adapter Name: NVIDIA GeForce GT 750M
[2017.06.17-14.41.07:026][  0]LogD3D11RHI:   Driver Version: 369.09 (internal:21.21.13.6909, unified:369.09)
[2017.06.17-14.41.07:026][  0]LogD3D11RHI:      Driver Date: 8-1-2016
[2017.06.17-14.41.07:026][  0]LogRHI: Texture pool is 1361 MB (70% of 1945 MB)
[2017.06.17-14.41.07:041][  0]LogD3D11RHI: Async texture creation enabled
[2017.06.17-14.41.07:059][  0]LogD3D11RHI: GPU Timing Frequency: 1000.000000 (Debug: 2 2)
[2017.06.17-14.41.07:059][  0]LogShaderCompilers: Guid format shader working directory is 21 characters bigger than the processId version (../../../../Prj's/Marduk_0/Intermediate/Shaders/WorkingDirectory/4932/).
[2017.06.17-14.41.07:059][  0]LogShaderCompilers: Cleaned the shader compiler working directory 'C:/Users/Joseey/AppData/Local/Temp/UnrealShaderWorkingDir/CBB8193148FF27EE64FB9EA85E286E65/'.
[2017.06.17-14.41.07:059][  0]LogShaderCompilers:Display: Using Local Shader Compiler.
[2017.06.17-14.41.11:176][  0]LogTemp:Display: Loaded TP AllDesktopTargetPlatform
[2017.06.17-14.41.11:215][  0]LogTemp:Display: Loaded TP MacClientTargetPlatform
[2017.06.17-14.41.11:254][  0]LogTemp:Display: Loaded TP MacNoEditorTargetPlatform
[2017.06.17-14.41.11:289][  0]LogTemp:Display: Loaded TP MacServerTargetPlatform
[2017.06.17-14.41.11:394][  0]LogTemp:Display: Loaded TP MacTargetPlatform
[2017.06.17-14.41.11:450][  0]LogTemp:Display: Loaded TP WindowsClientTargetPlatform
[2017.06.17-14.41.11:490][  0]LogTemp:Display: Loaded TP WindowsNoEditorTargetPlatform
[2017.06.17-14.41.11:530][  0]LogTemp:Display: Loaded TP WindowsServerTargetPlatform
[2017.06.17-14.41.11:560][  0]LogTemp:Display: Loaded TP WindowsTargetPlatform
[2017.06.17-14.41.11:621][  0]LogTemp:Display: Loaded TP AndroidTargetPlatform
[2017.06.17-14.41.11:664][  0]LogTemp:Display: Loaded TP Android_ASTCTargetPlatform
[2017.06.17-14.41.11:699][  0]LogTemp:Display: Loaded TP Android_ATCTargetPlatform
[2017.06.17-14.41.11:734][  0]LogTemp:Display: Loaded TP Android_DXTTargetPlatform
[2017.06.17-14.41.11:770][  0]LogTemp:Display: Loaded TP Android_ETC1TargetPlatform
[2017.06.17-14.41.11:807][  0]LogTemp:Display: Loaded TP Android_ETC2TargetPlatform
[2017.06.17-14.41.11:879][  0]LogTemp:Display: Loaded TP Android_MultiTargetPlatform
[2017.06.17-14.41.11:879][  0]LogTemp:Display: Loaded TP Android_PVRTCTargetPlatform
[2017.06.17-14.41.11:906][  0]LogTemp:Display: Loaded TP HTML5TargetPlatform
[2017.06.17-14.41.12:084][  0]LogTemp:Display: Loaded TP IOSTargetPlatform
[2017.06.17-14.41.12:109][  0]LogTemp:Display: Loaded TP TVOSTargetPlatform
[2017.06.17-14.41.12:147][  0]LogTemp:Display: Loaded TP LinuxClientTargetPlatform
[2017.06.17-14.41.12:198][  0]LogTemp:Display: Loaded TP LinuxNoEditorTargetPlatform
[2017.06.17-14.41.12:244][  0]LogTemp:Display: Loaded TP LinuxServerTargetPlatform
[2017.06.17-14.41.12:300][  0]LogTemp:Display: Loaded TP LinuxTargetPlatform
[2017.06.17-14.41.12:300][  0]LogTargetPlatformManager:Display: Building Assets For Windows
[2017.06.17-14.41.12:612][  0]LogDerivedDataCache:Display: Max Cache Size: 512 MB
[2017.06.17-14.41.12:730][  0]LogDerivedDataCache: Loaded boot cache 0.12s 90MB C:/Users/Joseey/AppData/Local/UnrealEngine/4.16/DerivedDataCache/Boot.ddc.
[2017.06.17-14.41.12:730][  0]LogDerivedDataCache:Display: Loaded Boot cache: C:/Users/Joseey/AppData/Local/UnrealEngine/4.16/DerivedDataCache/Boot.ddc
[2017.06.17-14.41.12:730][  0]LogDerivedDataCache: FDerivedDataBackendGraph:  Pak pak cache file ../../../../Prj's/Marduk_0/DerivedDataCache/DDC.ddp not found, will not use a pak cache.
[2017.06.17-14.41.12:730][  0]LogDerivedDataCache: Unable to find inner node Pak for hierarchical cache Hierarchy.
[2017.06.17-14.41.12:730][  0]LogDerivedDataCache: FDerivedDataBackendGraph:  CompressedPak pak cache file ../../../../Prj's/Marduk_0/DerivedDataCache/Compressed.ddp not found, will not use a pak cache.
[2017.06.17-14.41.12:730][  0]LogDerivedDataCache: Unable to find inner node CompressedPak for hierarchical cache Hierarchy.
[2017.06.17-14.41.12:752][  0]LogDerivedDataCache:Display: Pak cache opened for reading ../../../Engine/DerivedDataCache/Compressed.ddp.
[2017.06.17-14.41.12:764][  0]LogDerivedDataCache: Using Local data cache path C:/Users/Joseey/AppData/Local/UnrealEngine/Common/DerivedDataCache: Writable
[2017.06.17-14.41.12:779][  0]LogMaterial: Verifying Global Shaders for PCD3D_SM5
[2017.06.17-14.41.12:779][  0]LogSlate: Using Freetype 2.6.0
[2017.06.17-14.41.12:841][  0]LogSlate: SlateFontCache - WITH_FREETYPE: 1, WITH_HARFBUZZ: 1
[2017.06.17-14.41.12:841][  0]LogSlate: SlateFontCache - WITH_FREETYPE: 1, WITH_HARFBUZZ: 1
[2017.06.17-14.41.14:313][  0]LogInit: Selected Device Profile: [Windows]
[2017.06.17-14.41.14:406][  0]LogContentStreaming: Texture pool size is 0.00 MB
[2017.06.17-14.41.14:562][  0]LogMeshUtilities: Using QuadricMeshReduction for automatic static mesh reduction
[2017.06.17-14.41.14:633][  0]LogSimplygon: Simplygon DLL not present - disabling.
[2017.06.17-14.41.14:665][  0]LogMeshUtilities: Using SimplygonSwarm for distributed automatic mesh merging
[2017.06.17-14.41.14:665][  0]LogMeshUtilities: No automatic skeletal mesh reduction module available
[2017.06.17-14.41.14:666][  0]LogMeshUtilities: No automatic mesh merging module available
[2017.06.17-14.41.15:225][  0]LogNetVersion: Marduk0 , NetCL: 3452394, EngineNetVer: 2, GameNetVer: 0 (Checksum: 2744008900)
[2017.06.17-14.41.15:283][  0]LogAssetRegistry: FAssetRegistry took 0.0260 seconds to start up
[2017.06.17-14.41.15:331][  0]LogPackageLocalizationCache: Processed 4 localized package path(s) for 1 prioritized culture(s) in 0.025448 seconds
[2017.06.17-14.41.15:337][  0]LogUObjectArray: 34194 objects as part of root set at end of initial load.
[2017.06.17-14.41.15:337][  0]LogUObjectAllocator: 7260424 out of 0 bytes used by permanent object pool.
[2017.06.17-14.41.15:337][  0]LogUObjectArray: CloseDisregardForGC: 0/0 objects in disregard for GC pool
[2017.06.17-14.41.15:380][  0]LogInit: WinSock: version 1.1 (2.2), MaxSocks=32767, MaxUdp=65467
[2017.06.17-14.41.17:509][  0]LogTcpMessaging: Initializing TcpMessaging bridge
[2017.06.17-14.41.17:541][  0]LogUdpMessaging: Initializing bridge on interface 0.0.0.0:0 to multicast group 230.0.0.1:6666.
[2017.06.17-14.41.17:982][  0]LogMaterial: Uniform references updated for custom material expression Custom.
[2017.06.17-14.41.18:359][  0]SourceControl: Info Source control is disabled
[2017.06.17-14.41.18:401][  0]SourceControl: Info Source control is disabled
[2017.06.17-14.41.18:432][  0]SourceControl: Info Source control is disabled
[2017.06.17-14.41.18:462][  0]SourceControl: Info Source control is disabled
[2017.06.17-14.41.19:246][  0]LogAndroidPermission: UAndroidPermissionCallbackProxy::GetInstance
[2017.06.17-14.41.19:725][  0]LogEngine: Initializing Engine...
[2017.06.17-14.41.19:726][  0]LogHMD: Failed to initialize OpenVR with code 110
[2017.06.17-14.41.19:973][  0]LogStats: UGameplayTagsManager::ConstructGameplayTagTree: Construct from data asset -  0.000 s
[2017.06.17-14.41.19:973][  0]LogStats: UGameplayTagsManager::ConstructGameplayTagTree: GameplayTagTreeChangedEvent.Broadcast -  0.000 s
[2017.06.17-14.41.20:089][  0]LogAIModule: Creating AISystem for world Untitled
[2017.06.17-14.41.20:098][  0]LogInit: XAudio2 using 'jack (2- Устройство с поддержкой High Definition Audio)' : 2 channels at 48 kHz using 32 bits per sample (channel mask 0x3)
[2017.06.17-14.41.20:106][  0]LogInit: FAudioDevice initialized.
[2017.06.17-14.41.20:164][  0]LogDerivedDataCache: Saved boot cache 0.06s 90MB C:/Users/Joseey/AppData/Local/UnrealEngine/4.16/DerivedDataCache/Boot.ddc.
[2017.06.17-14.41.20:177][  0]LogInit: Texture streaming: Enabled
[2017.06.17-14.41.20:247][  0]LogEngineSessionManager: EngineSessionManager initialized
[2017.06.17-14.41.20:799][  0]LogInit: Transaction tracking system initialized
[2017.06.17-14.41.21:060][  0]BlueprintLog: New page: Editor Load
[2017.06.17-14.41.21:658][  0]LocalizationService: Info Localization service is disabled
[2017.06.17-14.41.22:126][  0]LogConsoleResponse:Display: 
[2017.06.17-14.41.22:522][  0]LogCook:Display: Max memory allowance for cook 16384mb min free memory 0mb
[2017.06.17-14.41.22:522][  0]LogCook:Display: Mobile HDR setting 1
[2017.06.17-14.41.23:195][  0]LogFileCache: Scanning file cache for directory 'D:/UE4/Prj's/Marduk_0/Content/' took 0.03s
[2017.06.17-14.41.23:227][  0]SourceControl: Info Source control is disabled
[2017.06.17-14.41.23:227][  0]Cmd: MAP LOAD FILE="../../../Engine/Content/Maps/Templates/Template_Default.umap" TEMPLATE=1 SHOWPROGRESS=1 FEATURELEVEL=3
[2017.06.17-14.41.23:227][  0]LightingResults: New page: Lighting Build
[2017.06.17-14.41.23:255][  0]MapCheck: New page: Map Check
[2017.06.17-14.41.23:255][  0]LightingResults: New page: Lighting Build
[2017.06.17-14.41.23:487][  0]LogAIModule: Creating AISystem for world Untitled_1
[2017.06.17-14.41.23:488][  0]LogActorComponent: RegisterComponentWithWorld: (/Temp/Untitled_1.Untitled_1:PersistentLevel.WorldSettings_1.StaticMeshComponent0) Trying to register component with IsPendingKill() == true. Aborting.
[2017.06.17-14.41.23:493][  0]LogEditorServer: Finished looking for orphan Actors (0.000 secs)
[2017.06.17-14.41.23:523][  0]Cmd: MAP CHECKDEP NOCLEARLOG
[2017.06.17-14.41.23:563][  0]MapCheck: Info Map check complete: 0 Error(s), 0 Warning(s), took 39.996ms to complete.
[2017.06.17-14.41.23:563][  0]LogFileHelpers: Loading map 'Template_Default' took 0.337
[2017.06.17-14.41.23:679][  0]LogWindowsTextInputMethodSystem:Display: IME system now deactivated.
[2017.06.17-14.41.28:906][  0]LogCollectionManager: Loaded 0 collections in 0.001305 seconds
[2017.06.17-14.41.29:517][  0]LogFileCache: Scanning file cache for directory 'D:/UE4/Prj's/Marduk_0/Saved/Collections/' took 0.01s
[2017.06.17-14.41.29:517][  0]LogFileCache: Scanning file cache for directory 'D:/UE4/Prj's/Marduk_0/Content/Developers/Joseey/Collections/' took 0.01s
[2017.06.17-14.41.29:517][  0]LogFileCache: Scanning file cache for directory 'D:/UE4/Prj's/Marduk_0/Content/Collections/' took 0.01s
[2017.06.17-14.41.29:517][  0]LogCollectionManager: Rebuilt the GUID cache for 0 collections in 0.000003 seconds
[2017.06.17-14.41.29:537][  0]LogContentBrowser: Native class hierarchy populated in 0.0205 seconds. Added 2329 classes and 491 folders.
[2017.06.17-14.41.29:861][  0]LogContentBrowser: Native class hierarchy updated for 'WidgetCarousel' in 0.0012 seconds. Added 0 classes and 0 folders.
[2017.06.17-14.41.35:479][  0]LogContentBrowser: Native class hierarchy updated for 'AddContentDialog' in 0.0038 seconds. Added 0 classes and 0 folders.
[2017.06.17-14.41.36:495][  0]LogContentBrowser: Native class hierarchy updated for 'SceneOutliner' in 0.0008 seconds. Added 1 classes and 2 folders.
[2017.06.17-14.41.41:135][  0]LogCrashTracker: Crashtracker disabled due to settings.
[2017.06.17-14.41.41:339][  0]LogSlate: Took 0.000989 seconds to synchronously load lazily loaded font '../../../Engine/Content/Slate/Fonts/Roboto-Regular.ttf' (155K)
[2017.06.17-14.41.41:370][  0]LogSlate: Took 0.001211 seconds to synchronously load lazily loaded font '../../../Engine/Content/Slate/Fonts/Roboto-Bold.ttf' (160K)
[2017.06.17-14.41.41:686][  0]LogSlate: Took 0.262095 seconds to synchronously load lazily loaded font '../../../Engine/Content/Editor/Slate/Fonts/FontAwesome.ttf' (139K)
[2017.06.17-14.41.42:198][  0]LogRenderer: Reallocating scene render targets to support 1404x964 NumSamples 1 (Frame:1).
[2017.06.17-14.41.43:576][  0]LogUObjectGlobals:Warning: Failed to find object 'Class None.'
[2017.06.17-14.41.43:656][  0]LogContentBrowser: Native class hierarchy updated for 'HierarchicalLODOutliner' in 0.0006 seconds. Added 1 classes and 2 folders.
[2017.06.17-14.41.43:656][  0]LogLoad: (Engine Initialization) Total time: 49.75 seconds
[2017.06.17-14.41.43:656][  0]LogLoad: (Engine Initialization) Total Blueprint compile time: 0.08 seconds
[2017.06.17-14.41.43:656][  0]LogExternalProfiler: Found external profiler: VSPerf
[2017.06.17-14.41.43:656][  0]LogExternalProfiler: Using external profiler: VSPerf
[2017.06.17-14.41.44:082][  0]LogEditorViewport: Clicking on Actor (LMB): StaticMeshActor (Floor)
[2017.06.17-14.41.46:279][  0]LogOcInput: OculusInput pre-init called
[2017.06.17-14.41.46:279][  0]LogHMD: Starting GearVRController plugin
[2017.06.17-14.41.46:319][  0]LogContentStreaming: Texture pool size now 400 MB
[2017.06.17-14.41.57:201][401]LogAssetRegistry: Asset discovery search completed in 41.9399 seconds
[2017.06.17-14.41.57:486][401]LogCollectionManager: Rebuilt the object cache for 0 collections in 0.000000 seconds (found 0 objects)
[2017.06.17-14.41.57:486][401]LogCollectionManager: Fixed up redirectors for 0 collections in 0.000044 seconds (updated 0 objects)
[2017.06.17-14.50.48:771][354]LogSlate: Took 0.024594 seconds to synchronously load lazily loaded font '../../../Engine/Content/Slate/Fonts/Roboto-Light.ttf' (159K)
[2017.06.17-14.50.49:807][354]LogSlate: Took 0.000294 seconds to synchronously load lazily loaded font '../../../Engine/Content/Slate/Fonts/Roboto-Regular.ttf' (155K)
[2017.06.17-14.50.50:931][354]LogContentBrowser: Native class hierarchy updated for 'BlueprintGraph' in 0.0017 seconds. Added 112 classes and 0 folders.
[2017.06.17-14.50.54:485][354]LogSlate: Took 0.043379 seconds to synchronously load lazily loaded font '../../../Engine/Content/Editor/Slate/Fonts/Roboto-BoldCondensed.ttf' (158K)
[2017.06.17-14.50.55:243][355]LogSlate: Took 0.023759 seconds to synchronously load lazily loaded font '../../../Engine/Content/Editor/Slate/Fonts/Roboto-Italic.ttf' (157K)
[2017.06.17-14.51.14:558][173]LogWindowsTextInputMethodSystem:Display: IME system now deactivated.
[2017.06.17-14.51.14:558][173]LogWindowsTextInputMethodSystem:Display: IME system now deactivated.
[2017.06.17-14.52.21:819][826]LogSlate: Took 0.000579 seconds to synchronously load lazily loaded font '../../../Engine/Content/Slate/Fonts/Roboto-Light.ttf' (159K)
[2017.06.17-14.52.30:962][853]LogFileHelpers: Editor autosave (incl. sublevels) for '/Temp/Untitled_1' took 0.090
[2017.06.17-14.52.31:015][853]OBJ SavePackage: Generating thumbnails for [1] asset(s) in package [/Game/Character/Character_0] ([1] browsable assets)...
[2017.06.17-14.52.31:046][853]OBJ SavePackage:     Rendered thumbnail for [Blueprint /Game/Character/Character_0.Character_0]
[2017.06.17-14.52.31:046][853]OBJ SavePackage: Finished generating thumbnails for package [/Game/Character/Character_0]
[2017.06.17-14.52.31:046][853]Cmd: OBJ SAVEPACKAGE PACKAGE="/Game/Character/Character_0" FILE="../../../../Prj's/Marduk_0/Saved/Autosaves/Game/Character/Character_0_Auto1.uasset" SILENT=false AUTOSAVING=true
[2017.06.17-14.52.31:261][853]LogSavePackage: Save=202.83ms
[2017.06.17-14.52.31:261][853]LogSavePackage: Moving '../../../../Prj's/Marduk_0/Saved/Character_0_Auto100A0579F43ABF90AF980DE89D74BEBA8.tmp' to '../../../../Prj's/Marduk_0/Saved/Autosaves/Game/Character/Character_0_Auto1.uasset'
[2017.06.17-14.52.31:263][853]LogSavePackage:Display: Finished SavePackage ../../../../Prj's/Marduk_0/Saved/Autosaves/Game/Character/Character_0_Auto1.uasset
[2017.06.17-14.52.31:263][853]LogFileHelpers: Auto-saving content packages took 0.300
[2017.06.17-14.52.51:064][273]LogContentBrowser: Native class hierarchy updated for 'SkeletonEditor' in 0.0008 seconds. Added 1 classes and 2 folders.
[2017.06.17-14.52.52:049][273]LogActorComponent: RegisterComponentWithWorld: (/Engine/Transient.World_5:PersistentLevel.Actor_0.DebugSkelMeshComponent_0) Already registered. Aborting.
[2017.06.17-14.52.52:910][273]LogSkeletalMesh: USkeletalMeshComponent::InitArticulated : Bodies already created (/Engine/Transient.World_5:PersistentLevel.Actor_0.DebugSkelMeshComponent_0) - call TermArticulated first.
[2017.06.17-14.52.54:753][273]LogContentBrowser: Native class hierarchy updated for 'ClothingSystemEditorInterface' in 0.0006 seconds. Added 1 classes and 0 folders.
[2017.06.17-14.53.03:473][654]LogUObjectBase:Warning: Object is not registered
[2017.06.17-14.53.04:677][654]LogStats: FPlatformStackWalk::StackWalkAndDump -  1.191 s
[2017.06.17-14.53.04:677][654]LogOutputDevice:Error: === Handled ensure: ===
[2017.06.17-14.53.04:677][654]LogOutputDevice:Error: 
[2017.06.17-14.53.04:677][654]LogOutputDevice:Error: Ensure condition failed: false [File:D:\Build\++UE4+Release-4.16+Compile\Sync\Engine\Source\Editor\UnrealEd\Private\Kismet2\KismetDebugUtilities.cpp] [Line: 1037]
[2017.06.17-14.53.04:677][654]LogOutputDevice:Error: Error: Invalid (but non-null) property associated with pin; cannot get variable value
[2017.06.17-14.53.04:677][654]LogOutputDevice:Error: Stack: 
[2017.06.17-14.53.04:677][654]LogOutputDevice:Error: UE4Editor-Core.dll!0x00000000FD80E1C6
[2017.06.17-14.53.04:677][654]LogOutputDevice:Error: UE4Editor-Core.dll!0x00000000FD5BB7D2
[2017.06.17-14.53.04:677][654]LogOutputDevice:Error: UE4Editor-Core.dll!0x00000000FD5D1D96
[2017.06.17-14.53.04:677][654]LogOutputDevice:Error: UE4Editor-UnrealEd.dll!0x00000000F87E72D6
[2017.06.17-14.53.04:677][654]LogOutputDevice:Error: UE4Editor-BlueprintGraph.dll!0x00000000F592D27B
[2017.06.17-14.53.04:677][654]LogOutputDevice:Error: UE4Editor-GraphEditor.dll!0x00000000F4CB24EA
[2017.06.17-14.53.04:677][654]LogOutputDevice:Error: UE4Editor-GraphEditor.dll!0x00000000F4B572CC
[2017.06.17-14.53.04:677][654]LogOutputDevice:Error: UE4Editor-GraphEditor.dll!0x00000000F4B5A6D9
[2017.06.17-14.53.04:677][654]LogOutputDevice:Error: UE4Editor-GraphEditor.dll!0x00000000F4C780A5
[2017.06.17-14.53.04:677][654]LogOutputDevice:Error: UE4Editor-Slate.dll!0x00000000F9AFDB57
[2017.06.17-14.53.04:677][654]LogOutputDevice:Error: UE4Editor-Slate.dll!0x00000000F9B04B61
[2017.06.17-14.53.04:677][654]LogOutputDevice:Error: UE4Editor-Slate.dll!0x00000000F9D248D3
[2017.06.17-14.53.04:677][654]LogOutputDevice:Error: UE4Editor-Slate.dll!0x00000000F9B5F604
[2017.06.17-14.53.04:677][654]LogOutputDevice:Error: UE4Editor-Slate.dll!0x00000000F9B377FC
[2017.06.17-14.53.04:677][654]LogOutputDevice:Error: UE4Editor-Slate.dll!0x00000000F9B2814C
[2017.06.17-14.53.04:677][654]LogOutputDevice:Error: UE4Editor-Core.dll!0x00000000FD8014C0
[2017.06.17-14.53.04:677][654]LogOutputDevice:Error: UE4Editor-Core.dll!0x00000000FD7EB6E1
[2017.06.17-14.53.04:677][654]LogOutputDevice:Error: UE4Editor-Core.dll!0x00000000FD8032EB
[2017.06.17-14.53.04:677][654]LogOutputDevice:Error: UE4Editor-Core.dll!0x00000000FD7E7A32
[2017.06.17-14.53.04:677][654]LogOutputDevice:Error: USER32.dll!0x00000000210E24FD
[2017.06.17-14.53.04:677][654]LogOutputDevice:Error: USER32.dll!0x00000000210E2357
[2017.06.17-14.53.04:677][654]LogOutputDevice:Error: UE4Editor-Core.dll!0x00000000FD803BF6
[2017.06.17-14.53.04:677][654]LogOutputDevice:Error: UE4Editor.exe!0x000000006CE5DB44
[2017.06.17-14.53.04:677][654]LogOutputDevice:Error: UE4Editor.exe!0x000000006CE4F0B0
[2017.06.17-14.53.04:677][654]LogOutputDevice:Error: UE4Editor.exe!0x000000006CE4F12A
[2017.06.17-14.53.04:677][654]LogOutputDevice:Error: UE4Editor.exe!0x000000006CE60CF9
[2017.06.17-14.53.04:677][654]LogOutputDevice:Error: UE4Editor.exe!0x000000006CE625F7
[2017.06.17-14.53.04:677][654]LogOutputDevice:Error: KERNEL32.DLL!0x00000000219E13D2
[2017.06.17-14.53.04:677][654]LogOutputDevice:Error: ntdll.dll!0x00000000238B54E4
[2017.06.17-14.53.04:677][654]LogOutputDevice:Error: 
[2017.06.17-14.53.04:680][654]LogStats:                SubmitErrorReport -  0.000 s
[2017.06.17-14.53.22:370][654]LogStats:                    SendNewReport - 17.690 s
[2017.06.17-14.53.22:370][654]LogStats:             FDebug::EnsureFailed - 18.898 s
[2017.06.17-14.53.22:371][654]LogUObjectBase:Warning: Object is not registered
[2017.06.17-14.53.27:475][854]LogUObjectBase:Warning: Object is not registered
[2017.06.17-14.53.27:475][854]LogUObjectBase:Warning: Object is not registered
[2017.06.17-14.53.27:476][854]LogUObjectBase:Warning: Object is not registered
[2017.06.17-14.53.27:480][854]LogUObjectBase:Warning: Object is not registered
[2017.06.17-14.54.31:752][ 91]LogUObjectBase:Warning: Object is not registered
[2017.06.17-14.54.31:753][ 91]LogUObjectBase:Warning: Object is not registered
[2017.06.17-14.54.31:755][ 91]LogUObjectBase:Warning: Object is not registered
[2017.06.17-14.54.31:758][ 91]LogUObjectBase:Warning: Object is not registered
[2017.06.17-14.54.31:773][ 92]LogUObjectBase:Warning: Object is not registered
[2017.06.17-14.54.31:776][ 92]LogUObjectBase:Warning: Object is not registered
[2017.06.17-14.54.45:668][688]LogUObjectBase:Warning: Object is not registered
[2017.06.17-14.54.45:668][688]LogUObjectBase:Warning: Object is not registered
[2017.06.17-14.55.01:071][967]LogUObjectBase:Warning: Object is not registered
[2017.06.17-14.55.01:071][967]LogUObjectBase:Warning: Object is not registered
[2017.06.17-14.55.01:073][967]LogUObjectBase:Warning: Object is not registered
[2017.06.17-14.55.01:076][967]LogUObjectBase:Warning: Object is not registered
[2017.06.17-14.55.01:085][968]LogUObjectBase:Warning: Object is not registered
[2017.06.17-14.55.01:091][968]LogUObjectBase:Warning: Object is not registered
[2017.06.17-14.55.01:099][968]LogUObjectBase:Warning: Object is not registered
[2017.06.17-14.55.08:635][327]LogUObjectBase:Warning: Object is not registered
[2017.06.17-14.55.09:611][362]BlueprintLog: New page: Compile AnimBP_0
[2017.06.17-14.55.09:654][362]LogBlueprint:Warning: [Compiler AnimBP_0] Warning Could not find a variable named "IsSprinting" in 'Character_0_C'.
Make sure 'Character_0_C' has been compiled for  Get IsSprinting
[2017.06.17-14.55.09:661][362]LogBlueprint:Warning: [Compiler AnimBP_0] Warning Could not find a variable named "IsSprinting" in 'Character_0_C'.
Make sure 'Character_0_C' has been compiled for  Get IsSprinting
[2017.06.17-14.55.09:663][362]LogBlueprint:Error: [Compiler AnimBP_0] Error The property associated with  Is Sprinting  could not be found
[2017.06.17-14.55.10:081][362]BlueprintEditorCompileResults:Warning: Warning Could not find a variable named "IsSprinting" in 'Character_0_C'.
Make sure 'Character_0_C' has been compiled for  Get IsSprinting
[2017.06.17-14.55.10:081][362]BlueprintEditorCompileResults:Warning: Warning Could not find a variable named "IsSprinting" in 'Character_0_C'.
Make sure 'Character_0_C' has been compiled for  Get IsSprinting
[2017.06.17-14.55.10:081][362]BlueprintEditorCompileResults:Error: Error The property associated with  Is Sprinting  could not be found
[2017.06.17-14.55.10:081][362]LogBlueprint:Warning: [Compiler AnimBP_0] Warning [0856.18] Compile of AnimBP_0 failed. 1 Fatal Issue(s) 2 Warning(s) [in 470 ms] (/Game/Character/Animations/Movement/AnimBP_0.AnimBP_0)
[2017.06.17-14.55.12:432][458]Cmd: OBJ SAVEPACKAGE PACKAGE="/Game/Character/Animations/Movement/AnimBP_0" FILE="../../../../Prj's/Marduk_0/Content/Character/Animations/Movement/AnimBP_0.uasset" SILENT=true
[2017.06.17-14.55.12:692][458]LogSavePackage: Save=233.96ms
[2017.06.17-14.55.12:693][458]LogSavePackage: Moving '../../../../Prj's/Marduk_0/Saved/AnimBP_002427677433B335819ADC2A37545DEEF.tmp' to '../../../../Prj's/Marduk_0/Content/Character/Animations/Movement/AnimBP_0.uasset'
[2017.06.17-14.55.12:694][458]LogSavePackage:Display: Finished SavePackage ../../../../Prj's/Marduk_0/Content/Character/Animations/Movement/AnimBP_0.uasset
[2017.06.17-14.57.31:044][207]BlueprintLog: New page: Compile Character_0
[2017.06.17-14.57.33:422][288]Cmd: OBJ SAVEPACKAGE PACKAGE="/Game/Character/Character_0" FILE="../../../../Prj's/Marduk_0/Content/Character/Character_0.uasset" SILENT=true
[2017.06.17-14.57.33:489][288]LogSavePackage: Save=57.34ms
[2017.06.17-14.57.33:489][288]LogSavePackage: Moving '../../../../Prj's/Marduk_0/Saved/Character_0FFB3613B49BF045D13DC2A9BEFD2CB85.tmp' to '../../../../Prj's/Marduk_0/Content/Character/Character_0.uasset'
[2017.06.17-14.57.33:494][288]LogSavePackage:Display: Finished SavePackage ../../../../Prj's/Marduk_0/Content/Character/Character_0.uasset
[2017.06.17-14.57.58:774][394]BlueprintLog: New page: Compile AnimBP_0
[2017.06.17-14.58.00:064][440]Cmd: OBJ SAVEPACKAGE PACKAGE="/Game/Character/Animations/Movement/AnimBP_0" FILE="../../../../Prj's/Marduk_0/Content/Character/Animations/Movement/AnimBP_0.uasset" SILENT=true
[2017.06.17-14.58.00:268][440]LogSavePackage: Save=201.67ms
[2017.06.17-14.58.00:268][440]LogSavePackage: Moving '../../../../Prj's/Marduk_0/Saved/AnimBP_01C1D24AD43810D8CC2F29D83042A09E7.tmp' to '../../../../Prj's/Marduk_0/Content/Character/Animations/Movement/AnimBP_0.uasset'
[2017.06.17-14.58.00:270][440]LogSavePackage:Display: Finished SavePackage ../../../../Prj's/Marduk_0/Content/Character/Animations/Movement/AnimBP_0.uasset
[2017.06.17-14.58.03:542][600]LogTemp: Repeting last play command: Selected Viewport
[2017.06.17-14.58.04:399][600]LogPlayLevel: PlayLevel: No blueprints needed recompiling
[2017.06.17-14.58.04:498][600]PIE: New page: PIE session: Untitled_1 (Jun 17, 2017, 8:58:04 PM)
[2017.06.17-14.58.04:511][600]LogPlayLevel: Creating play world package: /Temp/UEDPIE_0_Untitled_1
[2017.06.17-14.58.04:559][600]LogPlayLevel: PIE: StaticDuplicateObject took: (0.047006s)
[2017.06.17-14.58.04:561][600]LogAIModule: Creating AISystem for world Untitled_1
[2017.06.17-14.58.04:561][600]LogPlayLevel: PIE: World Init took: (0.002840s)
[2017.06.17-14.58.04:562][600]LogPlayLevel: PIE: Created PIE world by copying editor world from /Temp/Untitled_1.Untitled_1 to /Temp/UEDPIE_0_Untitled_1.Untitled_1 (0.050720s)
[2017.06.17-14.58.04:670][600]LogInit: XAudio2 using 'jack (2- Устройство с поддержкой High Definition Audio)' : 2 channels at 48 kHz using 32 bits per sample (channel mask 0x3)
[2017.06.17-14.58.04:681][600]LogInit: FAudioDevice initialized.
[2017.06.17-14.58.04:845][600]LogLoad: Game class is 'GameMode_0_C'
[2017.06.17-14.58.04:847][600]LogWorld: Bringing World /Temp/UEDPIE_0_Untitled_1.Untitled_1 up for play (max tick rate 60) at 2017.06.17-17.58.04
[2017.06.17-14.58.04:867][600]LogWorld: Bringing up level for play took: 0.020574
[2017.06.17-14.58.05:163][600]LogContentBrowser: Native class hierarchy updated for 'MovieSceneCapture' in 0.0010 seconds. Added 11 classes and 0 folders.
[2017.06.17-14.58.05:309][600]PIE: Info Play in editor start time for /Temp/UEDPIE_0_Untitled_1 1.23
[2017.06.17-14.59.55:538][588]BlueprintLog: New page: Compile AnimBP_0
[2017.06.17-14.59.55:834][588]BlueprintEditorCompileResults: Info  B  was visible but ignored
[2017.06.17-15.00.09:002][186]BlueprintLog: New page: Compile AnimBP_0
[2017.06.17-15.00.09:203][186]BlueprintEditorCompileResults: Info  B  was visible but ignored
[2017.06.17-15.00.09:997][219]Cmd: OBJ SAVEPACKAGE PACKAGE="/Game/Character/Animations/Movement/AnimBP_0" FILE="../../../../Prj's/Marduk_0/Content/Character/Animations/Movement/AnimBP_0.uasset" SILENT=true
[2017.06.17-15.00.10:180][219]LogSavePackage: Save=179.71ms
[2017.06.17-15.00.10:180][219]LogSavePackage: Moving '../../../../Prj's/Marduk_0/Saved/AnimBP_03D09983A4B8929264031CAA7FF7DD65E.tmp' to '../../../../Prj's/Marduk_0/Content/Character/Animations/Movement/AnimBP_0.uasset'
[2017.06.17-15.00.10:181][219]LogSavePackage:Display: Finished SavePackage ../../../../Prj's/Marduk_0/Content/Character/Animations/Movement/AnimBP_0.uasset
[2017.06.17-15.02.22:019][453]BlueprintLog: New page: Compile AnimBP_0
[2017.06.17-15.02.22:771][474]Cmd: OBJ SAVEPACKAGE PACKAGE="/Game/Character/Animations/Movement/AnimBP_0" FILE="../../../../Prj's/Marduk_0/Content/Character/Animations/Movement/AnimBP_0.uasset" SILENT=true
[2017.06.17-15.02.22:976][474]LogSavePackage: Save=193.29ms
[2017.06.17-15.02.22:976][474]LogSavePackage: Moving '../../../../Prj's/Marduk_0/Saved/AnimBP_0A31EE7964AFFC2165A9FCAA9B505DC9F.tmp' to '../../../../Prj's/Marduk_0/Content/Character/Animations/Movement/AnimBP_0.uasset'
[2017.06.17-15.02.22:978][474]LogSavePackage:Display: Finished SavePackage ../../../../Prj's/Marduk_0/Content/Character/Animations/Movement/AnimBP_0.uasset
[2017.06.17-15.02.51:272][650]LogTemp: Repeting last play command: Selected Viewport
[2017.06.17-15.02.51:303][650]LogPlayLevel: PlayLevel: No blueprints needed recompiling
[2017.06.17-15.02.51:303][650]PIE: New page: PIE session: Untitled_1 (Jun 17, 2017, 9:02:51 PM)
[2017.06.17-15.02.51:303][650]LogPlayLevel: Creating play world package: /Temp/UEDPIE_0_Untitled_1
[2017.06.17-15.02.51:305][650]LogPlayLevel: PIE: StaticDuplicateObject took: (0.002140s)
[2017.06.17-15.02.51:306][650]LogAIModule: Creating AISystem for world Untitled_1
[2017.06.17-15.02.51:307][650]LogPlayLevel: PIE: World Init took: (0.001415s)
[2017.06.17-15.02.51:307][650]LogPlayLevel: PIE: Created PIE world by copying editor world from /Temp/Untitled_1.Untitled_1 to /Temp/UEDPIE_0_Untitled_1.Untitled_1 (0.003866s)
[2017.06.17-15.02.51:360][650]LogInit: XAudio2 using 'jack (2- Устройство с поддержкой High Definition Audio)' : 2 channels at 48 kHz using 32 bits per sample (channel mask 0x3)
[2017.06.17-15.02.51:365][650]LogInit: FAudioDevice initialized.
[2017.06.17-15.02.51:397][650]LogLoad: Game class is 'GameMode_0_C'
[2017.06.17-15.02.51:398][650]LogWorld: Bringing World /Temp/UEDPIE_0_Untitled_1.Untitled_1 up for play (max tick rate 60) at 2017.06.17-18.02.51
[2017.06.17-15.02.51:398][650]LogWorld: Bringing up level for play took: 0.001142
[2017.06.17-15.02.51:401][650]PIE: Info Play in editor start time for /Temp/UEDPIE_0_Untitled_1 -0.679
[2017.06.17-15.02.54:867][813]BlueprintLog: New page: Compile AnimBP_0
[2017.06.17-15.02.55:688][839]Cmd: OBJ SAVEPACKAGE PACKAGE="/Game/Character/Animations/Movement/AnimBP_0" FILE="../../../../Prj's/Marduk_0/Content/Character/Animations/Movement/AnimBP_0.uasset" SILENT=true
[2017.06.17-15.02.55:885][839]LogSavePackage: Save=194.43ms
[2017.06.17-15.02.55:885][839]LogSavePackage: Moving '../../../../Prj's/Marduk_0/Saved/AnimBP_095A800454AC379E85BE74D8D10A8A437.tmp' to '../../../../Prj's/Marduk_0/Content/Character/Animations/Movement/AnimBP_0.uasset'
[2017.06.17-15.02.55:886][839]LogSavePackage:Display: Finished SavePackage ../../../../Prj's/Marduk_0/Content/Character/Animations/Movement/AnimBP_0.uasset
[2017.06.17-15.02.58:046][914]LogTemp: Repeting last play command: Selected Viewport
[2017.06.17-15.02.58:073][914]LogPlayLevel: PlayLevel: No blueprints needed recompiling
[2017.06.17-15.02.58:073][914]PIE: New page: PIE session: Untitled_1 (Jun 17, 2017, 9:02:58 PM)
[2017.06.17-15.02.58:073][914]LogPlayLevel: Creating play world package: /Temp/UEDPIE_0_Untitled_1
[2017.06.17-15.02.58:075][914]LogPlayLevel: PIE: StaticDuplicateObject took: (0.001635s)
[2017.06.17-15.02.58:075][914]LogAIModule: Creating AISystem for world Untitled_1
[2017.06.17-15.02.58:076][914]LogPlayLevel: PIE: World Init took: (0.000924s)
[2017.06.17-15.02.58:076][914]LogPlayLevel: PIE: Created PIE world by copying editor world from /Temp/Untitled_1.Untitled_1 to /Temp/UEDPIE_0_Untitled_1.Untitled_1 (0.002805s)
[2017.06.17-15.02.58:117][914]LogInit: XAudio2 using 'jack (2- Устройство с поддержкой High Definition Audio)' : 2 channels at 48 kHz using 32 bits per sample (channel mask 0x3)
[2017.06.17-15.02.58:121][914]LogInit: FAudioDevice initialized.
[2017.06.17-15.02.58:154][914]LogLoad: Game class is 'GameMode_0_C'
[2017.06.17-15.02.58:155][914]LogWorld: Bringing World /Temp/UEDPIE_0_Untitled_1.Untitled_1 up for play (max tick rate 60) at 2017.06.17-18.02.58
[2017.06.17-15.02.58:155][914]LogWorld: Bringing up level for play took: 0.001239
[2017.06.17-15.02.58:158][914]PIE: Info Play in editor start time for /Temp/UEDPIE_0_Untitled_1 0.078
[2017.06.17-15.04.47:174][973]LogActorComponent: RegisterComponentWithWorld: (/Engine/Transient.World_10:PersistentLevel.Actor_1.DebugSkelMeshComponent_2) Already registered. Aborting.
[2017.06.17-15.04.47:473][973]LogSkeletalMesh: USkeletalMeshComponent::InitArticulated : Bodies already created (/Engine/Transient.World_10:PersistentLevel.Actor_1.DebugSkelMeshComponent_2) - call TermArticulated first.
[2017.06.17-15.05.09:575][939]BlueprintLog: New page: Compile AnimBP_0
[2017.06.17-15.05.09:776][939]BlueprintEditorCompileResults: Info  B  was visible but ignored
[2017.06.17-15.05.33:426][542]LogFileHelpers: Editor autosave (incl. sublevels) for '/Temp/Untitled_1' took 0.034
[2017.06.17-15.05.33:428][542]OBJ SavePackage: Generating thumbnails for [1] asset(s) in package [/Game/Character/Animations/Movement/AnimBP_0] ([1] browsable assets)...
[2017.06.17-15.05.33:442][542]OBJ SavePackage:     Rendered thumbnail for [AnimBlueprint /Game/Character/Animations/Movement/AnimBP_0.AnimBP_0]
[2017.06.17-15.05.33:442][542]OBJ SavePackage: Finished generating thumbnails for package [/Game/Character/Animations/Movement/AnimBP_0]
[2017.06.17-15.05.33:647][542]LogSavePackage: Save=188.60ms
[2017.06.17-15.05.33:647][542]LogSavePackage: Moving '../../../../Prj's/Marduk_0/Saved/AnimBP_0_Auto250B05CF54377742064E19B81EC8B1240.tmp' to '../../../../Prj's/Marduk_0/Saved/Autosaves/Game/Character/Animations/Movement/AnimBP_0_Auto2.uasset'
[2017.06.17-15.05.33:648][542]LogSavePackage:Display: Finished SavePackage ../../../../Prj's/Marduk_0/Saved/Autosaves/Game/Character/Animations/Movement/AnimBP_0_Auto2.uasset
[2017.06.17-15.05.33:648][542]OBJ SavePackage: Generating thumbnails for [1] asset(s) in package [/Game/Character/Animations/Movement/NewBlendSpace] ([1] browsable assets)...
[2017.06.17-15.05.33:660][542]OBJ SavePackage:     Rendered thumbnail for [BlendSpace /Game/Character/Animations/Movement/NewBlendSpace.NewBlendSpace]
[2017.06.17-15.05.33:660][542]OBJ SavePackage: Finished generating thumbnails for package [/Game/Character/Animations/Movement/NewBlendSpace]
[2017.06.17-15.05.33:674][542]LogSavePackage: Save=12.48ms
[2017.06.17-15.05.33:674][542]LogSavePackage: Moving '../../../../Prj's/Marduk_0/Saved/NewBlendSpace_Auto28617665448583DDC02DABCB1268DE6E9.tmp' to '../../../../Prj's/Marduk_0/Saved/Autosaves/Game/Character/Animations/Movement/NewBlendSpace_Auto2.uasset'
[2017.06.17-15.05.33:674][542]LogSavePackage:Display: Finished SavePackage ../../../../Prj's/Marduk_0/Saved/Autosaves/Game/Character/Animations/Movement/NewBlendSpace_Auto2.uasset
[2017.06.17-15.05.33:674][542]LogFileHelpers: Auto-saving content packages took 0.248
[2017.06.17-15.05.45:707][238]Cmd: OBJ SAVEPACKAGE PACKAGE="/Game/Character/Animations/Movement/SprintBS" FILE="../../../../Prj's/Marduk_0/Content/Character/Animations/Movement/SprintBS.uasset" SILENT=true
[2017.06.17-15.05.45:721][238]LogSavePackage: Save=13.42ms
[2017.06.17-15.05.45:721][238]LogSavePackage: Moving '../../../../Prj's/Marduk_0/Saved/SprintBS574B35D249ACAF4798663A82C1CD0163.tmp' to '../../../../Prj's/Marduk_0/Content/Character/Animations/Movement/SprintBS.uasset'
[2017.06.17-15.05.45:723][238]LogSavePackage:Display: Finished SavePackage ../../../../Prj's/Marduk_0/Content/Character/Animations/Movement/SprintBS.uasset
[2017.06.17-15.05.47:670][327]LogActorComponent: RegisterComponentWithWorld: (/Engine/Transient.World_12:PersistentLevel.Actor_2.DebugSkelMeshComponent_4) Already registered. Aborting.
[2017.06.17-15.05.47:833][327]LogSkeletalMesh: USkeletalMeshComponent::InitArticulated : Bodies already created (/Engine/Transient.World_12:PersistentLevel.Actor_2.DebugSkelMeshComponent_4) - call TermArticulated first.
[2017.06.17-15.05.48:375][327]LogContentBrowser:Verbose: The majority of assets in the view are of type: AnimSequence
[2017.06.17-15.09.08:896][873]LogSlate: Took 0.000257 seconds to synchronously load lazily loaded font '../../../Engine/Content/Slate/Fonts/Roboto-Light.ttf' (159K)
[2017.06.17-15.09.53:802][873]LogTextFormatter:Warning: Failed to parse argument "ExistingAsset" as a number (using "0" as a fallback). Please check your format string for errors: "{ExistingAsset} already exists. Do you want to replace it?".
[2017.06.17-15.10.09:317][873]LogTextFormatter:Warning: Failed to parse argument "ExistingAsset" as a number (using "0" as a fallback). Please check your format string for errors: "{ExistingAsset} already exists. Do you want to replace it?".
[2017.06.17-15.10.12:114][873]Cmd: OBJ SAVEPACKAGE PACKAGE="/Game/Maps/Map0" FILE="../../../../Prj's/Marduk_0/Content/Maps/Map0.umap" SILENT=true AUTOSAVING=false KEEPDIRTY=false
[2017.06.17-15.10.12:244][873]LogSavePackage: Save=83.76ms
[2017.06.17-15.10.12:244][873]LogSavePackage: Moving '../../../../Prj's/Marduk_0/Saved/Map02861201D42BFB8A6CA7A8EA7D45D087A.tmp' to '../../../../Prj's/Marduk_0/Content/Maps/Map0.umap'
[2017.06.17-15.10.12:245][873]LogSavePackage:Display: Finished SavePackage ../../../../Prj's/Marduk_0/Content/Maps/Map0.umap
[2017.06.17-15.10.12:293][873]LogFileHelpers: Saving map 'Map0' took 1.298
[2017.06.17-15.10.18:829][257]Cmd: OBJ SAVEPACKAGE PACKAGE="/Game/Maps/Map0" FILE="../../../../Prj's/Marduk_0/Content/Maps/Map0.umap" SILENT=true AUTOSAVING=false KEEPDIRTY=false
[2017.06.17-15.10.18:903][257]LogSavePackage: Save=33.91ms
[2017.06.17-15.10.18:903][257]LogSavePackage: Moving '../../../../Prj's/Marduk_0/Saved/Map05B85DCCF48459DE924CCBCBF20C3A7CF.tmp' to '../../../../Prj's/Marduk_0/Content/Maps/Map0.umap'
[2017.06.17-15.10.18:904][257]LogSavePackage:Display: Finished SavePackage ../../../../Prj's/Marduk_0/Content/Maps/Map0.umap
[2017.06.17-15.10.22:263][317]Cmd: OBJ SAVEPACKAGE PACKAGE="/Game/Character/Animations/Movement/AnimBP_0" FILE="../../../../Prj's/Marduk_0/Content/Character/Animations/Movement/AnimBP_0.uasset" SILENT=true
[2017.06.17-15.10.22:472][317]LogSavePackage: Save=195.43ms
[2017.06.17-15.10.22:472][317]LogSavePackage: Moving '../../../../Prj's/Marduk_0/Saved/AnimBP_0939509E148D323D47A7FCB97A0D01DEC.tmp' to '../../../../Prj's/Marduk_0/Content/Character/Animations/Movement/AnimBP_0.uasset'
[2017.06.17-15.10.22:474][317]LogSavePackage:Display: Finished SavePackage ../../../../Prj's/Marduk_0/Content/Character/Animations/Movement/AnimBP_0.uasset
[2017.06.17-15.10.22:488][317]Cmd: OBJ SAVEPACKAGE PACKAGE="/Game/Character/Animations/Movement/SprintBS" FILE="../../../../Prj's/Marduk_0/Content/Character/Animations/Movement/SprintBS.uasset" SILENT=true
[2017.06.17-15.10.22:508][317]LogSavePackage: Save=13.47ms
[2017.06.17-15.10.22:508][317]LogSavePackage: Moving '../../../../Prj's/Marduk_0/Saved/SprintBS6A76AF79493D2F28D253B9BC5683DD53.tmp' to '../../../../Prj's/Marduk_0/Content/Character/Animations/Movement/SprintBS.uasset'
[2017.06.17-15.10.22:510][317]LogSavePackage:Display: Finished SavePackage ../../../../Prj's/Marduk_0/Content/Character/Animations/Movement/SprintBS.uasset
[2017.06.17-15.10.22:973][317]LogWindowsTextInputMethodSystem:Display: IME system now deactivated.
[2017.06.17-15.10.23:324][318]Cmd: QUIT_EDITOR
[2017.06.17-15.10.23:704][318]LogExit: Preparing to exit.
[2017.06.17-15.10.24:546][318]LogDirectoryWatcher: A directory notification for 'D:/UE4/Prj's/Marduk_0/Content/' was aborted.
[2017.06.17-15.10.24:597][318]LogExit: Editor shut down
[2017.06.17-15.10.24:600][318]LogExit: Transaction tracking system shut down
[2017.06.17-15.10.24:743][318]LogObj: Freed 0b from 0 cluster array pools.
[2017.06.17-15.10.24:743][318]LogExit: Object subsystem successfully closed.
[2017.06.17-15.10.24:765][318]LogD3D11RHI: Shutdown
[2017.06.17-15.10.24:765][318]LogD3D11RHI: CleanupD3DDevice
[2017.06.17-15.10.24:993][318]LogD3D11RHI: ~FD3D11DynamicRHI
[2017.06.17-15.10.25:012][318]LogModuleManager: Shutting down and abandoning module AnimationEditor (538)
[2017.06.17-15.10.25:012][318]LogModuleManager: Shutting down and abandoning module MovieSceneCapture (536)
[2017.06.17-15.10.25:012][318]LogModuleManager: Shutting down and abandoning module ClothingSystemEditorInterface (534)
[2017.06.17-15.10.25:012][318]LogModuleManager: Shutting down and abandoning module SkeletonEditor (532)
[2017.06.17-15.10.25:012][318]LogModuleManager: Shutting down and abandoning module AnimationBlueprintEditor (530)
[2017.06.17-15.10.25:012][318]LogModuleManager: Shutting down and abandoning module BlueprintGraph (528)
[2017.06.17-15.10.25:012][318]LogModuleManager: Shutting down and abandoning module BlueprintProfiler (526)
[2017.06.17-15.10.25:021][318]LogModuleManager: Shutting down and abandoning module HierarchicalLODOutliner (524)
[2017.06.17-15.10.25:021][318]LogModuleManager: Shutting down and abandoning module CrashTracker (522)
[2017.06.17-15.10.25:021][318]LogModuleManager: Shutting down and abandoning module SceneOutliner (520)
[2017.06.17-15.10.25:021][318]LogModuleManager: Shutting down and abandoning module AddContentDialog (518)
[2017.06.17-15.10.25:021][318]LogDirectoryWatcher: A directory notification for 'D:/UE4/UE_4.16/FeaturePacks/' was aborted.
[2017.06.17-15.10.25:022][318]LogModuleManager: Shutting down and abandoning module WidgetCarousel (517)
[2017.06.17-15.10.25:022][318]LogModuleManager: Shutting down and abandoning module EditorWidgets (514)
[2017.06.17-15.10.25:022][318]LogModuleManager: Shutting down and abandoning module CollectionManager (512)
[2017.06.17-15.10.25:022][318]LogDirectoryWatcher: A directory notification for 'D:/UE4/Prj's/Marduk_0/Content/Collections/' was aborted.
[2017.06.17-15.10.25:022][318]LogDirectoryWatcher: A directory notification for 'D:/UE4/Prj's/Marduk_0/Content/Developers/Joseey/Collections/' was aborted.
[2017.06.17-15.10.25:022][318]LogDirectoryWatcher: A directory notification for 'D:/UE4/Prj's/Marduk_0/Saved/Collections/' was aborted.
[2017.06.17-15.10.25:022][318]LogModuleManager: Shutting down and abandoning module StatsViewer (510)
[2017.06.17-15.10.25:024][318]LogModuleManager: Shutting down and abandoning module FoliageEdit (508)
[2017.06.17-15.10.25:024][318]LogModuleManager: Shutting down and abandoning module LandscapeEditor (506)
[2017.06.17-15.10.25:024][318]LogModuleManager: Shutting down and abandoning module MeshPaintMode (504)
[2017.06.17-15.10.25:024][318]LogModuleManager: Shutting down and abandoning module SceneDepthPickerMode (502)
[2017.06.17-15.10.25:024][318]LogModuleManager: Shutting down and abandoning module ActorPickerMode (500)
[2017.06.17-15.10.25:024][318]LogModuleManager: Shutting down and abandoning module GeometryMode (498)
[2017.06.17-15.10.25:024][318]LogModuleManager: Shutting down and abandoning module TextureAlignMode (496)
[2017.06.17-15.10.25:024][318]LogModuleManager: Shutting down and abandoning module BspMode (494)
[2017.06.17-15.10.25:024][318]LogModuleManager: Shutting down and abandoning module HardwareSurvey (492)
[2017.06.17-15.10.25:024][318]LogModuleManager: Shutting down and abandoning module SequenceRecorderSections (490)
[2017.06.17-15.10.25:024][318]LogModuleManager: Shutting down and abandoning module AutomationWorker (488)
[2017.06.17-15.10.25:024][318]LogModuleManager: Shutting down and abandoning module MatineeToLevelSequence (486)
[2017.06.17-15.10.25:024][318]LogModuleManager: Shutting down and abandoning module LevelSequenceEditor (484)
[2017.06.17-15.10.25:024][318]LogModuleManager: Shutting down and abandoning module PlacementMode (483)
[2017.06.17-15.10.25:024][318]LogModuleManager: Shutting down and abandoning module WmfMediaFactory (480)
[2017.06.17-15.10.25:024][318]LogModuleManager: Shutting down and abandoning module WmfMediaEditor (478)
[2017.06.17-15.10.25:024][318]LogModuleManager: Shutting down and abandoning module AvfMediaFactory (476)
[2017.06.17-15.10.25:024][318]LogModuleManager: Shutting down and abandoning module AvfMediaEditor (474)
[2017.06.17-15.10.25:024][318]LogModuleManager: Shutting down and abandoning module AndroidMediaFactory (472)
[2017.06.17-15.10.25:024][318]LogModuleManager: Shutting down and abandoning module Media (471)
[2017.06.17-15.10.25:024][318]LogModuleManager: Shutting down and abandoning module AndroidMediaEditor (468)
[2017.06.17-15.10.25:024][318]LogModuleManager: Shutting down and abandoning module CharacterAI (466)
[2017.06.17-15.10.25:024][318]LogModuleManager: Shutting down and abandoning module AudioCapture (464)
[2017.06.17-15.10.25:024][318]LogModuleManager: Shutting down and abandoning module SequenceRecorder (463)
[2017.06.17-15.10.25:024][318]LogModuleManager: Shutting down and abandoning module SmartSnapping (460)
[2017.06.17-15.10.25:024][318]LogModuleManager: Shutting down and abandoning module SessionServices (458)
[2017.06.17-15.10.25:024][318]LogModuleManager: Shutting down and abandoning module ViewportSnapping (456)
[2017.06.17-15.10.25:024][318]LogModuleManager: Shutting down and abandoning module ViewportInteraction (454)
[2017.06.17-15.10.25:024][318]LogModuleManager: Shutting down and abandoning module ClothPainter (452)
[2017.06.17-15.10.25:024][318]LogModuleManager: Shutting down and abandoning module LogVisualizer (450)
[2017.06.17-15.10.25:024][318]LogModuleManager: Shutting down and abandoning module IntroTutorials (448)
[2017.06.17-15.10.25:039][318]LogModuleManager: Shutting down and abandoning module GameProjectGeneration (447)
[2017.06.17-15.10.25:039][318]LogModuleManager: Shutting down and abandoning module EditorLiveStreaming (444)
[2017.06.17-15.10.25:039][318]LogModuleManager: Shutting down and abandoning module IOSPlatformEditor (442)
[2017.06.17-15.10.25:039][318]LogModuleManager: Shutting down and abandoning module HTML5PlatformEditor (440)
[2017.06.17-15.10.25:039][318]LogModuleManager: Shutting down and abandoning module AndroidPlatformEditor (438)
[2017.06.17-15.10.25:039][318]LogModuleManager: Shutting down and abandoning module AndroidDeviceDetection (437)
[2017.06.17-15.10.25:340][318]LogModuleManager: Shutting down and abandoning module IOSRuntimeSettings (434)
[2017.06.17-15.10.25:340][318]LogModuleManager: Shutting down and abandoning module AndroidRuntimeSettings (432)
[2017.06.17-15.10.25:340][318]LogModuleManager: Shutting down and abandoning module InputBindingEditor (430)
[2017.06.17-15.10.25:340][318]LogModuleManager: Shutting down and abandoning module MergeActors (428)
[2017.06.17-15.10.25:340][318]LogModuleManager: Shutting down and abandoning module SizeMap (426)
[2017.06.17-15.10.25:340][318]LogModuleManager: Shutting down and abandoning module TreeMap (424)
[2017.06.17-15.10.25:340][318]LogModuleManager: Shutting down and abandoning module ReferenceViewer (422)
[2017.06.17-15.10.25:340][318]LogModuleManager: Shutting down and abandoning module LocalizationDashboard (420)
[2017.06.17-15.10.25:340][318]LogModuleManager: Shutting down and abandoning module LocalizationService (419)
[2017.06.17-15.10.25:340][318]LogModuleManager: Shutting down and abandoning module HardwareTargeting (416)
[2017.06.17-15.10.25:340][318]LogModuleManager: Shutting down and abandoning module DeviceProfileEditor (414)
[2017.06.17-15.10.25:340][318]LogModuleManager: Shutting down and abandoning module UndoHistory (412)
[2017.06.17-15.10.25:340][318]LogModuleManager: Shutting down and abandoning module UserFeedback (410)
[2017.06.17-15.10.25:340][318]LogModuleManager: Shutting down and abandoning module XmlParser (408)
[2017.06.17-15.10.25:340][318]LogModuleManager: Shutting down and abandoning module Blutility (406)
[2017.06.17-15.10.25:340][318]LogModuleManager: Shutting down and abandoning module ProjectSettingsViewer (404)
[2017.06.17-15.10.25:340][318]LogModuleManager: Shutting down and abandoning module ProjectTargetPlatformEditor (403)
[2017.06.17-15.10.25:341][318]LogModuleManager: Shutting down and abandoning module EditorSettingsViewer (400)
[2017.06.17-15.10.25:341][318]LogModuleManager: Shutting down and abandoning module SettingsEditor (398)
[2017.06.17-15.10.25:341][318]LogModuleManager: Shutting down and abandoning module ProjectLauncher (396)
[2017.06.17-15.10.25:341][318]LogModuleManager: Shutting down and abandoning module SessionFrontend (394)
[2017.06.17-15.10.25:341][318]LogModuleManager: Shutting down and abandoning module ProfilerClient (392)
[2017.06.17-15.10.25:341][318]LogModuleManager: Shutting down and abandoning module DeviceManager (390)
[2017.06.17-15.10.25:341][318]LogModuleManager: Shutting down and abandoning module TargetDeviceServices (389)
[2017.06.17-15.10.25:395][318]LogModuleManager: Shutting down and abandoning module AutomationController (386)
[2017.06.17-15.10.25:395][318]LogModuleManager: Shutting down and abandoning module AutomationWindow (384)
[2017.06.17-15.10.25:395][318]LogModuleManager: Shutting down and abandoning module Layers (382)
[2017.06.17-15.10.25:395][318]LogModuleManager: Shutting down and abandoning module ComponentVisualizers (380)
[2017.06.17-15.10.25:395][318]LogModuleManager: Shutting down and abandoning module DetailCustomizations (378)
[2017.06.17-15.10.25:395][318]LogModuleManager: Shutting down and abandoning module PackagesDialog (376)
[2017.06.17-15.10.25:395][318]LogModuleManager: Shutting down and abandoning module Persona (374)
[2017.06.17-15.10.25:395][318]LogModuleManager: Shutting down and abandoning module AdvancedPreviewScene (373)
[2017.06.17-15.10.25:395][318]LogModuleManager: Shutting down and abandoning module AnimGraph (371)
[2017.06.17-15.10.25:395][318]LogModuleManager: Shutting down and abandoning module Kismet (368)
[2017.06.17-15.10.25:403][318]LogModuleManager: Shutting down and abandoning module ClassViewer (366)
[2017.06.17-15.10.25:403][318]LogModuleManager: Shutting down and abandoning module Toolbox (364)
[2017.06.17-15.10.25:403][318]LogModuleManager: Shutting down and abandoning module ModuleUI (362)
[2017.06.17-15.10.25:403][318]LogModuleManager: Shutting down and abandoning module MovieSceneTools (360)
[2017.06.17-15.10.25:403][318]LogModuleManager: Shutting down and abandoning module OutputLog (358)
[2017.06.17-15.10.25:403][318]LogModuleManager: Shutting down and abandoning module GammaUI (356)
[2017.06.17-15.10.25:403][318]LogModuleManager: Shutting down and abandoning module Documentation (354)
[2017.06.17-15.10.25:403][318]LogModuleManager: Shutting down and abandoning module MovieSceneTracks (352)
[2017.06.17-15.10.25:403][318]LogModuleManager: Shutting down and abandoning module MovieScene (350)
[2017.06.17-15.10.25:403][318]LogModuleManager: Shutting down and abandoning module Niagara (348)
[2017.06.17-15.10.25:403][318]LogModuleManager: Shutting down and abandoning module NiagaraEditor (347)
[2017.06.17-15.10.25:403][318]LogModuleManager: Shutting down and abandoning module StreamingPauseRendering (344)
[2017.06.17-15.10.25:403][318]LogModuleManager: Shutting down and abandoning module AnalyticsET (342)
[2017.06.17-15.10.25:403][318]LogModuleManager: Shutting down and abandoning module PortalServices (340)
[2017.06.17-15.10.25:403][318]LogModuleManager: Shutting down and abandoning module PortalRpc (338)
[2017.06.17-15.10.25:403][318]LogModuleManager: Shutting down and abandoning module MessagingRpc (336)
[2017.06.17-15.10.25:403][318]LogModuleManager: Shutting down and abandoning module AIModule (334)
[2017.06.17-15.10.25:403][318]LogModuleManager: Shutting down and abandoning module GameplayDebugger (333)
[2017.06.17-15.10.25:403][318]LogModuleManager: Shutting down and abandoning module AITestSuite (331)
[2017.06.17-15.10.25:403][318]LogModuleManager: Shutting down and abandoning module ProfilerService (328)
[2017.06.17-15.10.25:488][318]LogModuleManager: Shutting down and abandoning module TaskGraph (326)
[2017.06.17-15.10.25:488][318]LogModuleManager: Shutting down and abandoning module SteamVRController (324)
[2017.06.17-15.10.25:488][318]LogModuleManager: Shutting down and abandoning module SteamVR (322)
[2017.06.17-15.10.25:488][318]LogModuleManager: Shutting down and abandoning module ProceduralMeshComponentEditor (320)
[2017.06.17-15.10.25:488][318]LogModuleManager: Shutting down and abandoning module ProceduralMeshComponent (318)
[2017.06.17-15.10.25:488][318]LogModuleManager: Shutting down and abandoning module OculusLibrary (316)
[2017.06.17-15.10.25:488][318]LogModuleManager: Shutting down and abandoning module OculusInput (314)
[2017.06.17-15.10.25:488][318]LogModuleManager: Shutting down and abandoning module MobilePatchingUtils (312)
[2017.06.17-15.10.25:488][318]LogModuleManager: Shutting down and abandoning module CustomMeshComponent (310)
[2017.06.17-15.10.25:488][318]LogModuleManager: Shutting down and abandoning module CableComponent (308)
[2017.06.17-15.10.25:488][318]LogModuleManager: Shutting down and abandoning module ArchVisCharacter (306)
[2017.06.17-15.10.25:489][318]LogModuleManager: Shutting down and abandoning module AndroidPermission (304)
[2017.06.17-15.10.25:489][318]LogModuleManager: Shutting down and abandoning module MediaPlayerEditor (300)
[2017.06.17-15.10.25:489][318]LogModuleManager: Shutting down and abandoning module HTML5Networking (298)
[2017.06.17-15.10.25:489][318]LogModuleManager: Shutting down and abandoning module AlembicImporter (296)
[2017.06.17-15.10.25:489][318]LogModuleManager: Shutting down and abandoning module AlembicLibrary (295)
[2017.06.17-15.10.25:489][318]LogModuleManager: Shutting down and abandoning module GeometryCache (294)
[2017.06.17-15.10.25:489][318]LogModuleManager: Shutting down and abandoning module GeometryCacheEd (293)
[2017.06.17-15.10.25:489][318]LogModuleManager: Shutting down and abandoning module SuperSearchEditor (288)
[2017.06.17-15.10.25:489][318]LogModuleManager: Shutting down and abandoning module SuperSearch (287)
[2017.06.17-15.10.25:489][318]LogModuleManager: Shutting down and abandoning module SpeedTreeImporter (284)
[2017.06.17-15.10.25:489][318]LogModuleManager: Shutting down and abandoning module PluginBrowser (282)
[2017.06.17-15.10.25:489][318]LogModuleManager: Shutting down and abandoning module MobileLauncherProfileWizard (280)
[2017.06.17-15.10.25:489][318]LogModuleManager: Shutting down and abandoning module VisualStudioSourceCodeAccess (278)
[2017.06.17-15.10.25:489][318]LogModuleManager: Shutting down and abandoning module DesktopPlatform (277)
[2017.06.17-15.10.25:489][318]LogModuleManager: Shutting down and abandoning module UObjectPlugin (274)
[2017.06.17-15.10.25:489][318]LogModuleManager: Shutting down and abandoning module SubversionSourceControl (272)
[2017.06.17-15.10.25:489][318]LogModuleManager: Shutting down and abandoning module PerforceSourceControl (270)
[2017.06.17-15.10.25:489][318]LogModuleManager: Shutting down and abandoning module GitSourceControl (268)
[2017.06.17-15.10.25:489][318]LogModuleManager: Shutting down and abandoning module SourceControl (267)
[2017.06.17-15.10.25:489][318]LogModuleManager: Shutting down and abandoning module LightPropagationVolumeEditor (264)
[2017.06.17-15.10.25:489][318]LogModuleManager: Shutting down and abandoning module PaperTiledImporter (262)
[2017.06.17-15.10.25:489][318]LogModuleManager: Shutting down and abandoning module PaperSpriteSheetImporter (260)
[2017.06.17-15.10.25:489][318]LogModuleManager: Shutting down and abandoning module Paper2DEditor (258)
[2017.06.17-15.10.25:489][318]LogModuleManager: Shutting down and abandoning module MeshPaint (257)
[2017.06.17-15.10.25:489][318]LogModuleManager: Shutting down and abandoning module LevelEditor (255)
[2017.06.17-15.10.25:490][318]LogModuleManager: Shutting down and abandoning module PixelInspectorModule (254)
[2017.06.17-15.10.25:490][318]LogModuleManager: Shutting down and abandoning module MainFrame (252)
[2017.06.17-15.10.25:490][318]LogModuleManager: Shutting down and abandoning module HotReload (251)
[2017.06.17-15.10.25:491][318]LogModuleManager: Shutting down and abandoning module PhysXVehiclesEditor (246)
[2017.06.17-15.10.25:491][318]LogModuleManager: Shutting down and abandoning module PhysXVehicles (244)
[2017.06.17-15.10.25:491][318]LogModuleManager: Shutting down and abandoning module LocationServicesBPLibrary (242)
[2017.06.17-15.10.25:491][318]LogModuleManager: Shutting down and abandoning module ImmediatePhysicsEditor (240)
[2017.06.17-15.10.25:491][318]LogModuleManager: Shutting down and abandoning module ImmediatePhysics (238)
[2017.06.17-15.10.25:491][318]LogModuleManager: Shutting down and abandoning module UdpMessaging (236)
[2017.06.17-15.10.25:592][318]LogModuleManager: Shutting down and abandoning module TcpMessaging (234)
[2017.06.17-15.10.25:693][318]LogModuleManager: Shutting down and abandoning module GameplayTagsEditor (232)
[2017.06.17-15.10.25:693][318]LogModuleManager: Shutting down and abandoning module FacialAnimationEditor (230)
[2017.06.17-15.10.25:693][318]LogModuleManager: Shutting down and abandoning module FacialAnimation (228)
[2017.06.17-15.10.25:693][318]LogModuleManager: Shutting down and abandoning module AssetManagerEditor (226)
[2017.06.17-15.10.25:693][318]LogModuleManager: Shutting down and abandoning module GraphEditor (225)
[2017.06.17-15.10.25:693][318]LogModuleManager: Shutting down and abandoning module ContentBrowser (223)
[2017.06.17-15.10.25:694][318]LogModuleManager: Shutting down and abandoning module LightPropagationVolumeRuntime (220)
[2017.06.17-15.10.25:694][318]LogModuleManager: Shutting down and abandoning module Paper2D (218)
[2017.06.17-15.10.25:694][318]LogModuleManager: Shutting down and abandoning module WindowsMoviePlayer (216)
[2017.06.17-15.10.25:694][318]LogModuleManager: Shutting down and abandoning module WmfMedia (214)
[2017.06.17-15.10.25:694][318]LogModuleManager: Shutting down and abandoning module ClothingSystemEditor (212)
[2017.06.17-15.10.25:694][318]LogModuleManager: Shutting down and abandoning module ClothingSystemRuntime (210)
[2017.06.17-15.10.25:694][318]LogModuleManager: Shutting down and abandoning module MediaAssets (208)
[2017.06.17-15.10.25:695][318]LogModuleManager: Shutting down and abandoning module GameLiveStreaming (206)
[2017.06.17-15.10.25:695][318]LogModuleManager: Shutting down and abandoning module VREditor (204)
[2017.06.17-15.10.25:695][318]LogModuleManager: Shutting down and abandoning module StringTableEditor (202)
[2017.06.17-15.10.25:695][318]LogModuleManager: Shutting down and abandoning module GameplayTasksEditor (200)
[2017.06.17-15.10.25:695][318]LogModuleManager: Shutting down and abandoning module BehaviorTreeEditor (198)
[2017.06.17-15.10.25:695][318]LogModuleManager: Shutting down and abandoning module FunctionalTesting (196)
[2017.06.17-15.10.25:695][318]LogModuleManager: Shutting down and abandoning module CollisionAnalyzer (194)
[2017.06.17-15.10.25:695][318]LogModuleManager: Shutting down and abandoning module UMG (192)
[2017.06.17-15.10.25:695][318]LogModuleManager: Shutting down and abandoning module UMGEditor (191)
[2017.06.17-15.10.25:695][318]LogModuleManager: Shutting down and abandoning module Sequencer (190)
[2017.06.17-15.10.25:695][318]LogModuleManager: Shutting down and abandoning module AssetTools (188)
[2017.06.17-15.10.25:695][318]LogModuleManager: Shutting down and abandoning module MessageLog (187)
[2017.06.17-15.10.25:695][318]LogModuleManager: Shutting down and abandoning module WorkspaceMenuStructure (186)
[2017.06.17-15.10.25:695][318]LogModuleManager: Shutting down and abandoning module SlateReflector (180)
[2017.06.17-15.10.25:695][318]LogModuleManager: Shutting down and abandoning module Slate (178)
[2017.06.17-15.10.25:695][318]LogModuleManager: Shutting down and abandoning module EditorStyle (176)
[2017.06.17-15.10.25:698][318]LogModuleManager: Shutting down and abandoning module SourceCodeAccess (174)
[2017.06.17-15.10.25:698][318]LogModuleManager: Shutting down and abandoning module HeadMountedDisplay (172)
[2017.06.17-15.10.25:698][318]LogModuleManager: Shutting down and abandoning module XAudio2 (170)
[2017.06.17-15.10.25:698][318]LogModuleManager: Shutting down and abandoning module Networking (168)
[2017.06.17-15.10.25:698][318]LogModuleManager: Shutting down and abandoning module Core (164)
[2017.06.17-15.10.25:698][318]LogModuleManager: Shutting down and abandoning module AssetRegistry (162)
[2017.06.17-15.10.25:841][318]LogDirectoryWatcher: A directory notification for '../../../Engine/Content/' was aborted.
[2017.06.17-15.10.25:841][318]LogDirectoryWatcher: A directory notification for '../../../../Prj's/Marduk_0/Content/' was aborted.
[2017.06.17-15.10.25:841][318]LogDirectoryWatcher: A directory notification for '../../../Engine/Plugins/2D/Paper2D/Content/' was aborted.
[2017.06.17-15.10.25:841][318]LogDirectoryWatcher: A directory notification for '../../../Engine/Plugins/Runtime/GearVR/Content/' was aborted.
[2017.06.17-15.10.25:844][318]LogModuleManager: Shutting down and abandoning module DirectoryWatcher (161)
[2017.06.17-15.10.25:844][318]LogModuleManager: Shutting down and abandoning module KismetCompiler (158)
[2017.06.17-15.10.25:845][318]LogModuleManager: Shutting down and abandoning module LevelSequence (156)
[2017.06.17-15.10.25:845][318]LogModuleManager: Shutting down and abandoning module PhysXFormats (154)
[2017.06.17-15.10.25:845][318]LogModuleManager: Shutting down and abandoning module MeshUtilities (152)
[2017.06.17-15.10.25:845][318]LogModuleManager: Shutting down and abandoning module SimplygonSwarm (151)
[2017.06.17-15.10.25:845][318]LogModuleManager: Shutting down and abandoning module SimplygonMeshReduction (149)
[2017.06.17-15.10.25:845][318]LogModuleManager: Shutting down and abandoning module QuadricMeshReduction (147)
[2017.06.17-15.10.25:845][318]LogModuleManager: Shutting down and abandoning module DerivedDataCache (144)
[2017.06.17-15.10.25:932][318]LogDerivedDataCache: Shutdown
[2017.06.17-15.10.25:932][318]LogModuleManager: Shutting down and abandoning module TargetPlatform (142)
[2017.06.17-15.10.25:932][318]LogModuleManager: Shutting down and abandoning module VulkanShaderFormat (141)
[2017.06.17-15.10.25:932][318]LogModuleManager: Shutting down and abandoning module ShaderFormatVectorVM (139)
[2017.06.17-15.10.25:932][318]LogModuleManager: Shutting down and abandoning module ShaderFormatOpenGL (137)
[2017.06.17-15.10.25:933][318]LogModuleManager: Shutting down and abandoning module ShaderFormatD3D (135)
[2017.06.17-15.10.25:933][318]LogModuleManager: Shutting down and abandoning module MetalShaderFormat (133)
[2017.06.17-15.10.25:933][318]LogModuleManager: Shutting down and abandoning module TextureFormatUncompressed (131)
[2017.06.17-15.10.25:933][318]LogModuleManager: Shutting down and abandoning module TextureFormatPVR (129)
[2017.06.17-15.10.25:933][318]LogModuleManager: Shutting down and abandoning module TextureFormatDXT (127)
[2017.06.17-15.10.25:933][318]LogModuleManager: Shutting down and abandoning module TextureFormatIntelISPCTexComp (125)
[2017.06.17-15.10.25:933][318]LogModuleManager: Shutting down and abandoning module TextureFormatASTC (123)
[2017.06.17-15.10.25:933][318]LogModuleManager: Shutting down and abandoning module ImageWrapper (122)
[2017.06.17-15.10.25:933][318]LogModuleManager: Shutting down and abandoning module TextureFormatAndroid (119)
[2017.06.17-15.10.25:933][318]LogModuleManager: Shutting down and abandoning module AudioFormatOpus (117)
[2017.06.17-15.10.25:933][318]LogModuleManager: Shutting down and abandoning module AudioFormatOgg (115)
[2017.06.17-15.10.25:933][318]LogModuleManager: Shutting down and abandoning module AudioFormatADPCM (113)
[2017.06.17-15.10.25:933][318]LogModuleManager: Shutting down and abandoning module LinuxTargetPlatform (111)
[2017.06.17-15.10.25:933][318]LogModuleManager: Shutting down and abandoning module LinuxServerTargetPlatform (109)
[2017.06.17-15.10.25:933][318]LogModuleManager: Shutting down and abandoning module LinuxNoEditorTargetPlatform (107)
[2017.06.17-15.10.25:933][318]LogModuleManager: Shutting down and abandoning module LinuxClientTargetPlatform (105)
[2017.06.17-15.10.25:933][318]LogModuleManager: Shutting down and abandoning module TVOSTargetPlatform (103)
[2017.06.17-15.10.25:933][318]LogModuleManager: Shutting down and abandoning module Messaging (101)
[2017.06.17-15.10.25:933][318]LogModuleManager: Shutting down and abandoning module IOSTargetPlatform (99)
[2017.06.17-15.10.25:933][318]LogModuleManager: Shutting down and abandoning module HTML5TargetPlatform (97)
[2017.06.17-15.10.25:933][318]LogModuleManager: Shutting down and abandoning module Android_PVRTCTargetPlatform (95)
[2017.06.17-15.10.25:933][318]LogModuleManager: Shutting down and abandoning module Android_MultiTargetPlatform (93)
[2017.06.17-15.10.25:933][318]LogModuleManager: Shutting down and abandoning module Android_ETC2TargetPlatform (91)
[2017.06.17-15.10.25:933][318]LogModuleManager: Shutting down and abandoning module Android_ETC1TargetPlatform (89)
[2017.06.17-15.10.25:933][318]LogModuleManager: Shutting down and abandoning module Android_DXTTargetPlatform (87)
[2017.06.17-15.10.25:933][318]LogModuleManager: Shutting down and abandoning module Android_ATCTargetPlatform (85)
[2017.06.17-15.10.25:933][318]LogModuleManager: Shutting down and abandoning module Android_ASTCTargetPlatform (83)
[2017.06.17-15.10.25:933][318]LogModuleManager: Shutting down and abandoning module AndroidTargetPlatform (81)
[2017.06.17-15.10.25:933][318]LogModuleManager: Shutting down and abandoning module WindowsTargetPlatform (79)
[2017.06.17-15.10.25:933][318]LogModuleManager: Shutting down and abandoning module WindowsServerTargetPlatform (77)
[2017.06.17-15.10.25:933][318]LogModuleManager: Shutting down and abandoning module WindowsNoEditorTargetPlatform (75)
[2017.06.17-15.10.25:933][318]LogModuleManager: Shutting down and abandoning module WindowsClientTargetPlatform (73)
[2017.06.17-15.10.25:933][318]LogModuleManager: Shutting down and abandoning module MacTargetPlatform (71)
[2017.06.17-15.10.25:933][318]LogModuleManager: Shutting down and abandoning module MacServerTargetPlatform (69)
[2017.06.17-15.10.25:933][318]LogModuleManager: Shutting down and abandoning module MacNoEditorTargetPlatform (67)
[2017.06.17-15.10.25:933][318]LogModuleManager: Shutting down and abandoning module MacClientTargetPlatform (65)
[2017.06.17-15.10.25:933][318]LogModuleManager: Shutting down and abandoning module AllDesktopTargetPlatform (63)
[2017.06.17-15.10.25:933][318]LogModuleManager: Shutting down and abandoning module InputCore (60)
[2017.06.17-15.10.25:933][318]LogModuleManager: Shutting down and abandoning module Settings (58)
[2017.06.17-15.10.25:933][318]LogModuleManager: Shutting down and abandoning module OculusRift (56)
[2017.06.17-15.10.25:933][318]LogModuleManager: Shutting down and abandoning module GearVRController (54)
[2017.06.17-15.10.25:933][318]LogModuleManager: Shutting down and abandoning module GearVR (52)
[2017.06.17-15.10.25:933][318]LogModuleManager: Shutting down and abandoning module ExampleDeviceProfileSelector (50)
[2017.06.17-15.10.25:933][318]LogModuleManager: Shutting down and abandoning module OnlineBlueprintSupport (48)
[2017.06.17-15.10.25:933][318]LogModuleManager: Shutting down and abandoning module OnlineSubsystem (44)
[2017.06.17-15.10.25:933][318]LogOnline:Display: Unloading online subsystem: NULL
[2017.06.17-15.10.25:933][318]LogModuleManager: Shutting down and abandoning module XMPP (43)
[2017.06.17-15.10.25:933][318]LogModuleManager: Shutting down and abandoning module HTTP (41)
[2017.06.17-15.10.25:933][318]LogHttp:Display: Http module shutting down, but needs to wait on 1 outstanding Http requests:
[2017.06.17-15.10.25:933][318]LogHttp:Display: 	verb=[POST] url=[https://datarouter.ol.epicgames.com/datarouter/api/v1/public/data?SessionID=%7BF4A5627B-4905-4EA4-9153-D9A76B39A319%7D&AppID=UEEditor.Rocket.Release&AppVersion=4.16.1-3466753%2B%2B%2BUE4%2BRelease-4.16&UserID=bdeffd3145ecc402f501289985501c39%7C4048e155b6f540278336d9208e4db2cf%7C78a2f0d2-5fa1-4a18-b541-71c5d8a24c24&AppEnvironment=datacollector-binary&UploadType=eteventstream] status=Processing
[2017.06.17-15.10.25:937][318]LogModuleManager: Shutting down and abandoning module SSL (40)
[2017.06.17-15.10.25:939][318]LogModuleManager: Shutting down and abandoning module HTTPChunkInstaller (36)
[2017.06.17-15.10.25:939][318]LogModuleManager: Shutting down and abandoning module AnimationModifiers (34)
[2017.06.17-15.10.25:939][318]LogModuleManager: Shutting down and abandoning module PropertyEditor (33)
[2017.06.17-15.10.25:940][318]LogModuleManager: Shutting down and abandoning module AudioEditor (30)
[2017.06.17-15.10.25:940][318]LogModuleManager: Shutting down and abandoning module TextureCompressor (28)
[2017.06.17-15.10.25:940][318]LogModuleManager: Shutting down and abandoning module ShaderCore (26)
[2017.06.17-15.10.25:940][318]LogModuleManager: Shutting down and abandoning module Landscape (24)
[2017.06.17-15.10.25:940][318]LogModuleManager: Shutting down and abandoning module SlateRHIRenderer (22)
[2017.06.17-15.10.25:942][318]LogModuleManager: Shutting down and abandoning module OpenGLDrv (20)
[2017.06.17-15.10.25:942][318]LogModuleManager: Shutting down and abandoning module D3D11RHI (18)
[2017.06.17-15.10.25:942][318]LogModuleManager: Shutting down and abandoning module AnimGraphRuntime (16)
[2017.06.17-15.10.25:942][318]LogModuleManager: Shutting down and abandoning module Renderer (14)
[2017.06.17-15.10.25:942][318]LogModuleManager: Shutting down and abandoning module Engine (12)
[2017.06.17-15.10.25:942][318]LogModuleManager: Shutting down and abandoning module CoreUObject (10)
[2017.06.17-15.10.25:942][318]LogModuleManager: Shutting down and abandoning module NetworkFile (8)
[2017.06.17-15.10.25:942][318]LogModuleManager: Shutting down and abandoning module StreamingFile (6)
[2017.06.17-15.10.25:942][318]LogModuleManager: Shutting down and abandoning module SandboxFile (4)
[2017.06.17-15.10.25:942][318]LogModuleManager: Shutting down and abandoning module PakFile (2)
[2017.06.17-15.10.25:944][318]LogExit: Exiting.
[2017.06.17-15.10.25:959][318]Log file closed, 06/17/17 18:10:25
