Log file open, 06/16/17 01:41:07
LogInit:Display: Running engine for game: Marduk0
LogPlatformFile: Not using cached read wrapper
LogInit:Display: RandInit(-1398599618) SRandInit(-1398599618).
LogTaskGraph: Started task graph with 5 named threads and 6 total threads with 1 sets of task threads.
LogStats: Stats thread started at 0.073528
LogInit: Using libcurl 7.47.1
LogInit:  - built for x86_64-pc-win32
LogInit:  - supports SSL with OpenSSL/1.0.2g
LogInit:  - supports HTTP deflate (compression) using libz 1.2.8
LogInit:  - other features:
LogInit:      CURL_VERSION_SSL
LogInit:      CURL_VERSION_LIBZ
LogInit:      CURL_VERSION_IPV6
LogInit:      CURL_VERSION_ASYNCHDNS
LogInit:      CURL_VERSION_LARGEFILE
LogInit:      CURL_VERSION_IDN
LogInit:  CurlRequestOptions (configurable via config and command line):
LogInit:  - bVerifyPeer = false  - Libcurl will NOT verify peer certificate
LogInit:  - bUseHttpProxy = false  - Libcurl will NOT use HTTP proxy
LogInit:  - bDontReuseConnections = false  - Libcurl will reuse connections
LogInit:  - CertBundlePath = nullptr  - Libcurl will use whatever was configured at build time.
LogInit: Build: ++UE4+Release-4.16-CL-3466753
LogInit: Engine Version: 4.16.1-3466753+++UE4+Release-4.16
LogInit: Compatible Engine Version: 4.16.0-3452394+++UE4+Release-4.16
LogInit: Net CL: 3452394
LogDevObjectVersion: Number of dev versions registered: 16
LogDevObjectVersion:   Dev-Blueprints (B0D832E4-1F89-4F0D-ACCF-7EB736FD4AA2): 9
LogDevObjectVersion:   Dev-Build (E1C64328-A22C-4D53-A36C-8E866417BD8C): 0
LogDevObjectVersion:   Dev-Core (375EC13C-06E4-48FB-B500-84F0262A717E): 2
LogDevObjectVersion:   Dev-Editor (E4B068ED-F494-42E9-A231-DA0B2E46BB41): 17
LogDevObjectVersion:   Dev-Framework (CFFC743F-43B0-4480-9391-14DF171D2073): 23
LogDevObjectVersion:   Dev-Mobile (B02B49B5-BB20-44E9-A304-32B752E40360): 0
LogDevObjectVersion:   Dev-Networking (A4E4105C-59A1-49B5-A7C5-40C4547EDFEE): 0
LogDevObjectVersion:   Dev-Online (39C831C9-5AE6-47DC-9A44-9C173E1C8E7C): 0
LogDevObjectVersion:   Dev-Physics (78F01B33-EBEA-4F98-B9B4-84EACCB95AA2): 0
LogDevObjectVersion:   Dev-Platform (6631380F-2D4D-43E0-8009-CF276956A95A): 0
LogDevObjectVersion:   Dev-Rendering (12F88B9F-8875-4AFC-A67C-D90C383ABD29): 15
LogDevObjectVersion:   Dev-Sequencer (7B5AE74C-D270-4C10-A958-57980B212A5A): 4
LogDevObjectVersion:   Dev-VR (D7296918-1DD6-4BDD-9DE2-64A83CC13884): 0
LogDevObjectVersion:   Dev-LoadTimes (C2A15278-BFE7-4AFE-6C17-90FF531DF755): 1
LogDevObjectVersion:   Private-Geometry (6EACA3D4-40EC-4CC1-B786-8BED09428FC5): 1
LogDevObjectVersion:   Dev-AnimPhys (29E575DD-E0A3-4627-9D10-D276232CDCEA): 3
LogInit: Compiled (64-bit): May 31 2017 02:03:30
LogInit: Compiled with Visual C++: 19.00.24215.01
LogInit: Build Configuration: Development
LogInit: Branch Name: ++UE4+Release-4.16
LogInit: Command line: -EpicPortal 
LogInit: Base directory: D:/UE4/UE_4.16/Engine/Binaries/Win64/
LogInit: Installed Engine Build: 1
LogInit: Presizing for max 8388607 objects, including 0 objects not considered by GC, pre-allocating 0 bytes for permanent pool.
LogInit: Object subsystem initialized
[2017.06.15-22.41.08:468][  0]LogInit: Selected Device Profile: [Windows]
[2017.06.15-22.41.08:468][  0]LogInit: Applying CVar settings loaded from the selected device profile: [Windows]
[2017.06.15-22.41.08:607][  0]LogInit: Computer: SNUEGA
[2017.06.15-22.41.08:607][  0]LogInit: User: Joseey
[2017.06.15-22.41.08:607][  0]LogInit: CPU Page size=4096, Cores=2
[2017.06.15-22.41.08:607][  0]LogInit: High frequency timer resolution =2.435778 MHz
[2017.06.15-22.41.08:608][  0]LogMemory: Memory total: Physical=7.9GB (8GB approx)
[2017.06.15-22.41.08:608][  0]LogMemory: Platform Memory Stats for Windows
[2017.06.15-22.41.08:608][  0]LogMemory: Process Physical Memory: 269.74 MB used, 269.74 MB peak
[2017.06.15-22.41.08:608][  0]LogMemory: Process Virtual Memory: 258.38 MB used, 258.38 MB peak
[2017.06.15-22.41.08:608][  0]LogMemory: Physical Memory: 4841.73 MB used,  3270.00 MB free, 8111.73 MB total
[2017.06.15-22.41.08:608][  0]LogMemory: Virtual Memory: 616.19 MB used,  3270.00 MB free, 134217728.00 MB total
[2017.06.15-22.41.08:682][  0]LogInit: Using OS detected language (ru-RU).
[2017.06.15-22.41.08:682][  0]LogInit: Using OS detected locale (ru-RU).
[2017.06.15-22.41.09:099][  0]LogTextLocalizationManager: No localization for 'ru-RU' exists, so 'en' will be used for the language.
[2017.06.15-22.41.09:100][  0]LogTextLocalizationManager: No localization for 'ru-RU' exists, so 'en' will be used for the locale.
[2017.06.15-22.41.19:707][  0]LogD3D11RHI: D3D11 adapters:
[2017.06.15-22.41.19:752][  0]LogD3D11RHI:    0. 'Intel(R) HD Graphics 4600' (Feature Level 11_0)
[2017.06.15-22.41.19:752][  0]LogD3D11RHI:       128/0/1792 MB DedicatedVideo/DedicatedSystem/SharedSystem, Outputs:1, VendorId:0x8086
[2017.06.15-22.41.19:773][  0]LogD3D11RHI:    1. 'NVIDIA GeForce GT 750M' (Feature Level 11_0)
[2017.06.15-22.41.19:773][  0]LogD3D11RHI:       1987/0/2048 MB DedicatedVideo/DedicatedSystem/SharedSystem, Outputs:0, VendorId:0x10de
[2017.06.15-22.41.19:774][  0]LogD3D11RHI:    2. 'Microsoft Basic Render Driver' (Feature Level 11_0)
[2017.06.15-22.41.19:774][  0]LogD3D11RHI:       0/0/256 MB DedicatedVideo/DedicatedSystem/SharedSystem, Outputs:0, VendorId:0x1414
[2017.06.15-22.41.19:774][  0]LogD3D11RHI: Chosen D3D11 Adapter: 1
[2017.06.15-22.41.19:780][  0]LogD3D11RHI: Creating new Direct3DDevice
[2017.06.15-22.41.19:780][  0]LogD3D11RHI:     GPU DeviceId: 0xfe4 (for the marketing name, search the web for "GPU Device Id")
[2017.06.15-22.41.19:780][  0]LogWindows: EnumDisplayDevices:
[2017.06.15-22.41.19:780][  0]LogWindows:    0. 'Intel(R) HD Graphics 4600' (P:1 D:1)
[2017.06.15-22.41.19:780][  0]LogWindows:    1. 'Intel(R) HD Graphics 4600' (P:0 D:0)
[2017.06.15-22.41.19:780][  0]LogWindows:    2. 'Intel(R) HD Graphics 4600' (P:0 D:0)
[2017.06.15-22.41.19:780][  0]LogWindows:    3. 'NVIDIA GeForce GT 750M' (P:0 D:0)
[2017.06.15-22.41.19:780][  0]LogWindows: DebugString: PrimaryIsNotTheChoosenAdapter PrimaryIsNotTheChoosenAdapter PrimaryIsNotTheChoosenAdapter 
[2017.06.15-22.41.19:780][  0]LogD3D11RHI:     Adapter Name: NVIDIA GeForce GT 750M
[2017.06.15-22.41.19:780][  0]LogD3D11RHI:   Driver Version: 369.09 (internal:21.21.13.6909, unified:369.09)
[2017.06.15-22.41.19:780][  0]LogD3D11RHI:      Driver Date: 8-1-2016
[2017.06.15-22.41.19:780][  0]LogRHI: Texture pool is 1361 MB (70% of 1945 MB)
[2017.06.15-22.41.19:797][  0]LogD3D11RHI: Async texture creation enabled
[2017.06.15-22.41.19:815][  0]LogD3D11RHI: GPU Timing Frequency: 1000.000000 (Debug: 2 2)
[2017.06.15-22.41.19:815][  0]LogShaderCompilers: Guid format shader working directory is 21 characters bigger than the processId version (../../../../Prj's/Marduk_0/Intermediate/Shaders/WorkingDirectory/2688/).
[2017.06.15-22.41.19:815][  0]LogShaderCompilers: Cleaned the shader compiler working directory 'C:/Users/Joseey/AppData/Local/Temp/UnrealShaderWorkingDir/42C430914829C7A41FE1A99EE27571E9/'.
[2017.06.15-22.41.19:815][  0]LogShaderCompilers:Display: Using Local Shader Compiler.
[2017.06.15-22.41.25:405][  0]LogTemp:Display: Loaded TP AllDesktopTargetPlatform
[2017.06.15-22.41.25:539][  0]LogTemp:Display: Loaded TP MacClientTargetPlatform
[2017.06.15-22.41.25:587][  0]LogTemp:Display: Loaded TP MacNoEditorTargetPlatform
[2017.06.15-22.41.25:625][  0]LogTemp:Display: Loaded TP MacServerTargetPlatform
[2017.06.15-22.41.25:709][  0]LogTemp:Display: Loaded TP MacTargetPlatform
[2017.06.15-22.41.25:812][  0]LogTemp:Display: Loaded TP WindowsClientTargetPlatform
[2017.06.15-22.41.26:440][  0]LogTemp:Display: Loaded TP WindowsNoEditorTargetPlatform
[2017.06.15-22.41.26:500][  0]LogTemp:Display: Loaded TP WindowsServerTargetPlatform
[2017.06.15-22.41.26:536][  0]LogTemp:Display: Loaded TP WindowsTargetPlatform
[2017.06.15-22.41.26:696][  0]LogTemp:Display: Loaded TP AndroidTargetPlatform
[2017.06.15-22.41.26:748][  0]LogTemp:Display: Loaded TP Android_ASTCTargetPlatform
[2017.06.15-22.41.26:875][  0]LogTemp:Display: Loaded TP Android_ATCTargetPlatform
[2017.06.15-22.41.26:931][  0]LogTemp:Display: Loaded TP Android_DXTTargetPlatform
[2017.06.15-22.41.26:981][  0]LogTemp:Display: Loaded TP Android_ETC1TargetPlatform
[2017.06.15-22.41.27:041][  0]LogTemp:Display: Loaded TP Android_ETC2TargetPlatform
[2017.06.15-22.41.27:114][  0]LogTemp:Display: Loaded TP Android_MultiTargetPlatform
[2017.06.15-22.41.27:114][  0]LogTemp:Display: Loaded TP Android_PVRTCTargetPlatform
[2017.06.15-22.41.27:155][  0]LogTemp:Display: Loaded TP HTML5TargetPlatform
[2017.06.15-22.41.27:393][  0]LogTemp:Display: Loaded TP IOSTargetPlatform
[2017.06.15-22.41.27:433][  0]LogTemp:Display: Loaded TP TVOSTargetPlatform
[2017.06.15-22.41.27:475][  0]LogTemp:Display: Loaded TP LinuxClientTargetPlatform
[2017.06.15-22.41.27:509][  0]LogTemp:Display: Loaded TP LinuxNoEditorTargetPlatform
[2017.06.15-22.41.27:544][  0]LogTemp:Display: Loaded TP LinuxServerTargetPlatform
[2017.06.15-22.41.27:598][  0]LogTemp:Display: Loaded TP LinuxTargetPlatform
[2017.06.15-22.41.27:598][  0]LogTargetPlatformManager:Display: Building Assets For Windows
[2017.06.15-22.41.27:954][  0]LogDerivedDataCache:Display: Max Cache Size: 512 MB
[2017.06.15-22.41.29:133][  0]LogDerivedDataCache: Loaded boot cache 1.18s 90MB C:/Users/Joseey/AppData/Local/UnrealEngine/4.16/DerivedDataCache/Boot.ddc.
[2017.06.15-22.41.29:133][  0]LogDerivedDataCache:Display: Loaded Boot cache: C:/Users/Joseey/AppData/Local/UnrealEngine/4.16/DerivedDataCache/Boot.ddc
[2017.06.15-22.41.29:133][  0]LogDerivedDataCache: FDerivedDataBackendGraph:  Pak pak cache file ../../../../Prj's/Marduk_0/DerivedDataCache/DDC.ddp not found, will not use a pak cache.
[2017.06.15-22.41.29:133][  0]LogDerivedDataCache: Unable to find inner node Pak for hierarchical cache Hierarchy.
[2017.06.15-22.41.29:133][  0]LogDerivedDataCache: FDerivedDataBackendGraph:  CompressedPak pak cache file ../../../../Prj's/Marduk_0/DerivedDataCache/Compressed.ddp not found, will not use a pak cache.
[2017.06.15-22.41.29:133][  0]LogDerivedDataCache: Unable to find inner node CompressedPak for hierarchical cache Hierarchy.
[2017.06.15-22.41.29:155][  0]LogDerivedDataCache:Display: Pak cache opened for reading ../../../Engine/DerivedDataCache/Compressed.ddp.
[2017.06.15-22.41.29:168][  0]LogDerivedDataCache: Using Local data cache path C:/Users/Joseey/AppData/Local/UnrealEngine/Common/DerivedDataCache: Writable
[2017.06.15-22.41.29:180][  0]LogMaterial: Verifying Global Shaders for PCD3D_SM5
[2017.06.15-22.41.29:181][  0]LogSlate: Using Freetype 2.6.0
[2017.06.15-22.41.29:212][  0]LogSlate: SlateFontCache - WITH_FREETYPE: 1, WITH_HARFBUZZ: 1
[2017.06.15-22.41.29:212][  0]LogSlate: SlateFontCache - WITH_FREETYPE: 1, WITH_HARFBUZZ: 1
[2017.06.15-22.41.30:912][  0]LogInit: Selected Device Profile: [Windows]
[2017.06.15-22.41.31:002][  0]LogContentStreaming: Texture pool size is 0.00 MB
[2017.06.15-22.41.31:139][  0]LogMeshUtilities: Using QuadricMeshReduction for automatic static mesh reduction
[2017.06.15-22.41.31:166][  0]LogSimplygon: Simplygon DLL not present - disabling.
[2017.06.15-22.41.31:195][  0]LogMeshUtilities: Using SimplygonSwarm for distributed automatic mesh merging
[2017.06.15-22.41.31:195][  0]LogMeshUtilities: No automatic skeletal mesh reduction module available
[2017.06.15-22.41.31:195][  0]LogMeshUtilities: No automatic mesh merging module available
[2017.06.15-22.41.31:926][  0]LogNetVersion: Marduk0 , NetCL: 3452394, EngineNetVer: 2, GameNetVer: 0 (Checksum: 2744008900)
[2017.06.15-22.41.31:985][  0]LogAssetRegistry: FAssetRegistry took 0.0258 seconds to start up
[2017.06.15-22.41.32:047][  0]LogPackageLocalizationCache: Processed 4 localized package path(s) for 1 prioritized culture(s) in 0.048119 seconds
[2017.06.15-22.41.32:054][  0]LogUObjectArray: 34194 objects as part of root set at end of initial load.
[2017.06.15-22.41.32:054][  0]LogUObjectAllocator: 7260416 out of 0 bytes used by permanent object pool.
[2017.06.15-22.41.32:054][  0]LogUObjectArray: CloseDisregardForGC: 0/0 objects in disregard for GC pool
[2017.06.15-22.41.32:093][  0]LogInit: WinSock: version 1.1 (2.2), MaxSocks=32767, MaxUdp=65467
[2017.06.15-22.42.02:507][  0]LogTcpMessaging: Initializing TcpMessaging bridge
[2017.06.15-22.42.02:554][  0]LogUdpMessaging: Initializing bridge on interface 0.0.0.0:0 to multicast group 230.0.0.1:6666.
[2017.06.15-22.42.03:284][  0]LogMaterial: Uniform references updated for custom material expression Custom.
[2017.06.15-22.42.03:573][  0]SourceControl: Info Source control is disabled
[2017.06.15-22.42.03:676][  0]SourceControl: Info Source control is disabled
[2017.06.15-22.42.03:711][  0]SourceControl: Info Source control is disabled
[2017.06.15-22.42.03:739][  0]SourceControl: Info Source control is disabled
[2017.06.15-22.42.04:430][  0]LogAndroidPermission: UAndroidPermissionCallbackProxy::GetInstance
[2017.06.15-22.42.04:846][  0]LogEngine: Initializing Engine...
[2017.06.15-22.42.04:846][  0]LogHMD: Failed to initialize OpenVR with code 110
[2017.06.15-22.42.05:090][  0]LogStats: UGameplayTagsManager::ConstructGameplayTagTree: Construct from data asset -  0.000 s
[2017.06.15-22.42.05:090][  0]LogStats: UGameplayTagsManager::ConstructGameplayTagTree: GameplayTagTreeChangedEvent.Broadcast -  0.000 s
[2017.06.15-22.42.05:197][  0]LogAIModule: Creating AISystem for world Untitled
[2017.06.15-22.42.05:206][  0]LogInit: XAudio2 using 'jack (2- Устройство с поддержкой High Definition Audio)' : 2 channels at 48 kHz using 32 bits per sample (channel mask 0x3)
[2017.06.15-22.42.05:213][  0]LogInit: FAudioDevice initialized.
[2017.06.15-22.42.05:268][  0]LogDerivedDataCache: Saved boot cache 0.05s 90MB C:/Users/Joseey/AppData/Local/UnrealEngine/4.16/DerivedDataCache/Boot.ddc.
[2017.06.15-22.42.05:290][  0]LogInit: Texture streaming: Enabled
[2017.06.15-22.42.05:349][  0]LogEngineSessionManager: EngineSessionManager initialized
[2017.06.15-22.42.05:908][  0]LogInit: Transaction tracking system initialized
[2017.06.15-22.42.06:139][  0]BlueprintLog: New page: Editor Load
[2017.06.15-22.42.06:855][  0]LocalizationService: Info Localization service is disabled
[2017.06.15-22.42.07:443][  0]LogConsoleResponse:Display: 
[2017.06.15-22.42.07:629][  0]LogCook:Display: Max memory allowance for cook 16384mb min free memory 0mb
[2017.06.15-22.42.07:629][  0]LogCook:Display: Mobile HDR setting 1
[2017.06.15-22.42.08:104][  0]LogFileCache: Scanning file cache for directory 'D:/UE4/Prj's/Marduk_0/Content/' took 0.01s
[2017.06.15-22.42.08:500][  0]SourceControl: Info Source control is disabled
[2017.06.15-22.42.08:500][  0]Cmd: MAP LOAD FILE="../../../Engine/Content/Maps/Templates/Template_Default.umap" TEMPLATE=1 SHOWPROGRESS=1 FEATURELEVEL=3
[2017.06.15-22.42.08:501][  0]LightingResults: New page: Lighting Build
[2017.06.15-22.42.08:526][  0]MapCheck: New page: Map Check
[2017.06.15-22.42.08:526][  0]LightingResults: New page: Lighting Build
[2017.06.15-22.42.08:744][  0]LogAIModule: Creating AISystem for world Untitled_1
[2017.06.15-22.42.08:745][  0]LogActorComponent: RegisterComponentWithWorld: (/Temp/Untitled_1.Untitled_1:PersistentLevel.WorldSettings_1.StaticMeshComponent0) Trying to register component with IsPendingKill() == true. Aborting.
[2017.06.15-22.42.08:749][  0]LogEditorServer: Finished looking for orphan Actors (0.000 secs)
[2017.06.15-22.42.08:777][  0]Cmd: MAP CHECKDEP NOCLEARLOG
[2017.06.15-22.42.08:812][  0]MapCheck: Info Map check complete: 0 Error(s), 0 Warning(s), took 34.608ms to complete.
[2017.06.15-22.42.08:812][  0]LogFileHelpers: Loading map 'Template_Default' took 0.312
[2017.06.15-22.42.09:418][  0]LogCollectionManager: Loaded 0 collections in 0.000718 seconds
[2017.06.15-22.42.09:527][  0]LogFileCache: Scanning file cache for directory 'D:/UE4/Prj's/Marduk_0/Saved/Collections/' took 0.01s
[2017.06.15-22.42.09:527][  0]LogFileCache: Scanning file cache for directory 'D:/UE4/Prj's/Marduk_0/Content/Developers/Joseey/Collections/' took 0.01s
[2017.06.15-22.42.09:527][  0]LogFileCache: Scanning file cache for directory 'D:/UE4/Prj's/Marduk_0/Content/Collections/' took 0.01s
[2017.06.15-22.42.09:527][  0]LogCollectionManager: Rebuilt the GUID cache for 0 collections in 0.000006 seconds
[2017.06.15-22.42.09:570][  0]LogContentBrowser: Native class hierarchy populated in 0.0427 seconds. Added 2329 classes and 491 folders.
[2017.06.15-22.42.09:664][  0]LogContentBrowser: Native class hierarchy updated for 'WidgetCarousel' in 0.0007 seconds. Added 0 classes and 0 folders.
[2017.06.15-22.42.10:730][  0]LogContentBrowser: Native class hierarchy updated for 'AddContentDialog' in 0.0006 seconds. Added 0 classes and 0 folders.
[2017.06.15-22.42.10:882][  0]LogContentBrowser: Native class hierarchy updated for 'SceneOutliner' in 0.0019 seconds. Added 1 classes and 2 folders.
[2017.06.15-22.42.11:512][  0]LogCrashTracker: Crashtracker disabled due to settings.
[2017.06.15-22.42.11:620][  0]LogSlate: Took 0.000291 seconds to synchronously load lazily loaded font '../../../Engine/Content/Slate/Fonts/Roboto-Regular.ttf' (155K)
[2017.06.15-22.42.11:627][  0]LogSlate: Took 0.000318 seconds to synchronously load lazily loaded font '../../../Engine/Content/Slate/Fonts/Roboto-Bold.ttf' (160K)
[2017.06.15-22.42.12:003][  0]LogRenderer: Reallocating scene render targets to support 1404x964 NumSamples 1 (Frame:1).
[2017.06.15-22.42.12:402][  0]LogUObjectGlobals:Warning: Failed to find object 'Class None.'
[2017.06.15-22.42.12:456][  0]LogContentBrowser: Native class hierarchy updated for 'HierarchicalLODOutliner' in 0.0006 seconds. Added 1 classes and 2 folders.
[2017.06.15-22.42.12:457][  0]LogLoad: (Engine Initialization) Total time: 67.15 seconds
[2017.06.15-22.42.12:457][  0]LogLoad: (Engine Initialization) Total Blueprint compile time: 0.24 seconds
[2017.06.15-22.42.12:457][  0]LogExternalProfiler: Found external profiler: VSPerf
[2017.06.15-22.42.12:457][  0]LogExternalProfiler: Using external profiler: VSPerf
[2017.06.15-22.42.12:851][  0]LogOcInput: OculusInput pre-init called
[2017.06.15-22.42.12:851][  0]LogHMD: Starting GearVRController plugin
[2017.06.15-22.42.12:909][  0]LogContentStreaming: Texture pool size now 400 MB
[2017.06.15-22.42.13:472][  2]LogAssetRegistry: Asset discovery search completed in 41.5082 seconds
[2017.06.15-22.42.13:476][  2]LogCollectionManager: Rebuilt the object cache for 0 collections in 0.000001 seconds (found 0 objects)
[2017.06.15-22.42.13:476][  2]LogCollectionManager: Fixed up redirectors for 0 collections in 0.000066 seconds (updated 0 objects)
[2017.06.15-22.42.13:979][  3]LogSlate: Took 0.127043 seconds to synchronously load lazily loaded font '../../../Engine/Content/Slate/Fonts/Roboto-Light.ttf' (159K)
[2017.06.15-22.42.16:642][ 11]LogEditorViewport: Clicking on Actor (LMB): StaticMeshActor (Floor)
[2017.06.15-22.42.17:338][ 11]LogSlate: Took 0.027570 seconds to synchronously load lazily loaded font '../../../Engine/Content/Editor/Slate/Fonts/FontAwesome.ttf' (139K)
[2017.06.15-22.42.19:515][105]LogSlate: Took 0.046003 seconds to synchronously load lazily loaded font '../../../Engine/Content/Editor/Slate/Fonts/Roboto-Italic.ttf' (157K)
[2017.06.15-22.42.23:702][351]LogTemp: Repeting last play command: Selected Viewport
[2017.06.15-22.42.24:038][351]LogPlayLevel: PlayLevel: No blueprints needed recompiling
[2017.06.15-22.42.24:181][351]PIE: New page: PIE session: Untitled_1 (Jun 16, 2017, 4:42:24 AM)
[2017.06.15-22.42.24:190][351]LogPlayLevel: Creating play world package: /Temp/UEDPIE_0_Untitled_1
[2017.06.15-22.42.24:237][351]LogPlayLevel: PIE: StaticDuplicateObject took: (0.047278s)
[2017.06.15-22.42.24:238][351]LogAIModule: Creating AISystem for world Untitled_1
[2017.06.15-22.42.24:239][351]LogPlayLevel: PIE: World Init took: (0.001793s)
[2017.06.15-22.42.24:260][351]LogPlayLevel: PIE: Created PIE world by copying editor world from /Temp/Untitled_1.Untitled_1 to /Temp/UEDPIE_0_Untitled_1.Untitled_1 (0.070680s)
[2017.06.15-22.42.24:393][351]LogInit: XAudio2 using 'jack (2- Устройство с поддержкой High Definition Audio)' : 2 channels at 48 kHz using 32 bits per sample (channel mask 0x3)
[2017.06.15-22.42.24:404][351]LogInit: FAudioDevice initialized.
[2017.06.15-22.42.24:579][351]LogLoad: Game class is 'GameModeBase'
[2017.06.15-22.42.24:584][351]LogWorld: Bringing World /Temp/UEDPIE_0_Untitled_1.Untitled_1 up for play (max tick rate 60) at 2017.06.16-01.42.24
[2017.06.15-22.42.24:612][351]LogWorld: Bringing up level for play took: 0.029669
[2017.06.15-22.42.24:862][351]LogContentBrowser: Native class hierarchy updated for 'MovieSceneCapture' in 0.0008 seconds. Added 11 classes and 0 folders.
[2017.06.15-22.42.24:964][351]PIE: Info Play in editor start time for /Temp/UEDPIE_0_Untitled_1 0.867
[2017.06.15-22.42.39:981][140]LogSlate: Took 0.000178 seconds to synchronously load lazily loaded font '../../../Engine/Content/Slate/Fonts/Roboto-Light.ttf' (159K)
[2017.06.15-22.42.40:261][140]LogContentBrowser: Native class hierarchy updated for 'SkeletonEditor' in 0.0014 seconds. Added 1 classes and 2 folders.
[2017.06.15-22.42.40:868][140]LogSlate: Took 0.000178 seconds to synchronously load lazily loaded font '../../../Engine/Content/Slate/Fonts/Roboto-Regular.ttf' (155K)
[2017.06.15-22.42.40:989][140]LogActorComponent: RegisterComponentWithWorld: (/Engine/Transient.World_3:PersistentLevel.Actor_0.DebugSkelMeshComponent_0) Already registered. Aborting.
[2017.06.15-22.42.41:914][140]LogContentBrowser: Native class hierarchy updated for 'BlueprintGraph' in 0.0015 seconds. Added 112 classes and 0 folders.
[2017.06.15-22.42.43:192][140]LogSkeletalMesh: USkeletalMeshComponent::InitArticulated : Bodies already created (/Engine/Transient.World_3:PersistentLevel.Actor_0.DebugSkelMeshComponent_0) - call TermArticulated first.
[2017.06.15-22.42.43:665][140]LogSlate: Took 0.043518 seconds to synchronously load lazily loaded font '../../../Engine/Content/Editor/Slate/Fonts/Roboto-BoldCondensed.ttf' (158K)
[2017.06.15-22.42.43:790][140]LogContentBrowser: Native class hierarchy updated for 'ClothingSystemEditorInterface' in 0.0019 seconds. Added 1 classes and 0 folders.
[2017.06.15-22.44.29:145][884]BlueprintLog: New page: Compile Character_0
[2017.06.15-22.44.30:452][913]Cmd: OBJ SAVEPACKAGE PACKAGE="/Game/Character/Character_0" FILE="../../../../Prj's/Marduk_0/Content/Character/Character_0.uasset" SILENT=true
[2017.06.15-22.44.30:544][913]LogSavePackage: Save=83.03ms
[2017.06.15-22.44.30:544][913]LogSavePackage: Moving '../../../../Prj's/Marduk_0/Saved/Character_027669055448E0E64401EE281E3FCAD0F.tmp' to '../../../../Prj's/Marduk_0/Content/Character/Character_0.uasset'
[2017.06.15-22.44.30:546][913]LogSavePackage:Display: Finished SavePackage ../../../../Prj's/Marduk_0/Content/Character/Character_0.uasset
[2017.06.15-22.44.37:973][309]LogSlate: Took 0.000276 seconds to synchronously load lazily loaded font '../../../Engine/Content/Slate/Fonts/Roboto-Light.ttf' (159K)
[2017.06.15-22.44.40:292][309]LogTextFormatter:Warning: Failed to parse argument "ExistingAsset" as a number (using "0" as a fallback). Please check your format string for errors: "{ExistingAsset} already exists. Do you want to replace it?".
[2017.06.15-22.44.43:045][309]Cmd: OBJ SAVEPACKAGE PACKAGE="/Game/Map0" FILE="../../../../Prj's/Marduk_0/Content/Map0.umap" SILENT=true AUTOSAVING=false KEEPDIRTY=false
[2017.06.15-22.44.43:123][309]LogSavePackage: Save=33.58ms
[2017.06.15-22.44.43:123][309]LogSavePackage: Moving '../../../../Prj's/Marduk_0/Saved/Map03F2AEA534E32801780EB34B6E0D6638F.tmp' to '../../../../Prj's/Marduk_0/Content/Map0.umap'
[2017.06.15-22.44.43:124][309]LogSavePackage:Display: Finished SavePackage ../../../../Prj's/Marduk_0/Content/Map0.umap
[2017.06.15-22.44.43:169][309]LogFileHelpers: Saving map 'Map0' took 1.144
[2017.06.15-22.44.45:019][403]LogWindowsTextInputMethodSystem:Display: IME system now deactivated.
[2017.06.15-22.44.45:304][404]Cmd: QUIT_EDITOR
[2017.06.15-22.44.46:156][404]LogExit: Preparing to exit.
[2017.06.15-22.44.46:828][404]LogDirectoryWatcher: A directory notification for 'D:/UE4/Prj's/Marduk_0/Content/' was aborted.
[2017.06.15-22.44.46:865][404]LogExit: Editor shut down
[2017.06.15-22.44.46:868][404]LogExit: Transaction tracking system shut down
[2017.06.15-22.44.47:014][404]LogObj: Freed 0b from 0 cluster array pools.
[2017.06.15-22.44.47:014][404]LogExit: Object subsystem successfully closed.
[2017.06.15-22.44.47:033][404]LogD3D11RHI: Shutdown
[2017.06.15-22.44.47:033][404]LogD3D11RHI: CleanupD3DDevice
[2017.06.15-22.44.47:154][404]LogD3D11RHI: ~FD3D11DynamicRHI
[2017.06.15-22.44.47:179][404]LogModuleManager: Shutting down and abandoning module ClothingSystemEditorInterface (536)
[2017.06.15-22.44.47:179][404]LogModuleManager: Shutting down and abandoning module BlueprintGraph (534)
[2017.06.15-22.44.47:179][404]LogModuleManager: Shutting down and abandoning module BlueprintProfiler (532)
[2017.06.15-22.44.47:300][404]LogModuleManager: Shutting down and abandoning module SkeletonEditor (530)
[2017.06.15-22.44.47:300][404]LogModuleManager: Shutting down and abandoning module AnimationBlueprintEditor (528)
[2017.06.15-22.44.47:300][404]LogModuleManager: Shutting down and abandoning module MovieSceneCapture (526)
[2017.06.15-22.44.47:300][404]LogModuleManager: Shutting down and abandoning module HierarchicalLODOutliner (524)
[2017.06.15-22.44.47:300][404]LogModuleManager: Shutting down and abandoning module CrashTracker (522)
[2017.06.15-22.44.47:300][404]LogModuleManager: Shutting down and abandoning module SceneOutliner (520)
[2017.06.15-22.44.47:300][404]LogModuleManager: Shutting down and abandoning module AddContentDialog (518)
[2017.06.15-22.44.47:300][404]LogDirectoryWatcher: A directory notification for 'D:/UE4/UE_4.16/FeaturePacks/' was aborted.
[2017.06.15-22.44.47:301][404]LogModuleManager: Shutting down and abandoning module WidgetCarousel (517)
[2017.06.15-22.44.47:301][404]LogModuleManager: Shutting down and abandoning module EditorWidgets (514)
[2017.06.15-22.44.47:301][404]LogModuleManager: Shutting down and abandoning module CollectionManager (512)
[2017.06.15-22.44.47:301][404]LogDirectoryWatcher: A directory notification for 'D:/UE4/Prj's/Marduk_0/Content/Collections/' was aborted.
[2017.06.15-22.44.47:302][404]LogDirectoryWatcher: A directory notification for 'D:/UE4/Prj's/Marduk_0/Content/Developers/Joseey/Collections/' was aborted.
[2017.06.15-22.44.47:302][404]LogDirectoryWatcher: A directory notification for 'D:/UE4/Prj's/Marduk_0/Saved/Collections/' was aborted.
[2017.06.15-22.44.47:302][404]LogModuleManager: Shutting down and abandoning module StatsViewer (510)
[2017.06.15-22.44.47:302][404]LogModuleManager: Shutting down and abandoning module FoliageEdit (508)
[2017.06.15-22.44.47:302][404]LogModuleManager: Shutting down and abandoning module LandscapeEditor (506)
[2017.06.15-22.44.47:302][404]LogModuleManager: Shutting down and abandoning module MeshPaintMode (504)
[2017.06.15-22.44.47:302][404]LogModuleManager: Shutting down and abandoning module SceneDepthPickerMode (502)
[2017.06.15-22.44.47:302][404]LogModuleManager: Shutting down and abandoning module ActorPickerMode (500)
[2017.06.15-22.44.47:302][404]LogModuleManager: Shutting down and abandoning module GeometryMode (498)
[2017.06.15-22.44.47:302][404]LogModuleManager: Shutting down and abandoning module TextureAlignMode (496)
[2017.06.15-22.44.47:302][404]LogModuleManager: Shutting down and abandoning module BspMode (494)
[2017.06.15-22.44.47:302][404]LogModuleManager: Shutting down and abandoning module HardwareSurvey (492)
[2017.06.15-22.44.47:302][404]LogModuleManager: Shutting down and abandoning module SequenceRecorderSections (490)
[2017.06.15-22.44.47:302][404]LogModuleManager: Shutting down and abandoning module AutomationWorker (488)
[2017.06.15-22.44.47:302][404]LogModuleManager: Shutting down and abandoning module MatineeToLevelSequence (486)
[2017.06.15-22.44.47:302][404]LogModuleManager: Shutting down and abandoning module LevelSequenceEditor (484)
[2017.06.15-22.44.47:302][404]LogModuleManager: Shutting down and abandoning module PlacementMode (483)
[2017.06.15-22.44.47:302][404]LogModuleManager: Shutting down and abandoning module WmfMediaFactory (480)
[2017.06.15-22.44.47:302][404]LogModuleManager: Shutting down and abandoning module WmfMediaEditor (478)
[2017.06.15-22.44.47:302][404]LogModuleManager: Shutting down and abandoning module AvfMediaFactory (476)
[2017.06.15-22.44.47:302][404]LogModuleManager: Shutting down and abandoning module AvfMediaEditor (474)
[2017.06.15-22.44.47:302][404]LogModuleManager: Shutting down and abandoning module AndroidMediaFactory (472)
[2017.06.15-22.44.47:302][404]LogModuleManager: Shutting down and abandoning module Media (471)
[2017.06.15-22.44.47:302][404]LogModuleManager: Shutting down and abandoning module AndroidMediaEditor (468)
[2017.06.15-22.44.47:302][404]LogModuleManager: Shutting down and abandoning module CharacterAI (466)
[2017.06.15-22.44.47:302][404]LogModuleManager: Shutting down and abandoning module AudioCapture (464)
[2017.06.15-22.44.47:302][404]LogModuleManager: Shutting down and abandoning module SequenceRecorder (463)
[2017.06.15-22.44.47:302][404]LogModuleManager: Shutting down and abandoning module SmartSnapping (460)
[2017.06.15-22.44.47:302][404]LogModuleManager: Shutting down and abandoning module SessionServices (458)
[2017.06.15-22.44.47:302][404]LogModuleManager: Shutting down and abandoning module ViewportSnapping (456)
[2017.06.15-22.44.47:302][404]LogModuleManager: Shutting down and abandoning module ViewportInteraction (454)
[2017.06.15-22.44.47:303][404]LogModuleManager: Shutting down and abandoning module ClothPainter (452)
[2017.06.15-22.44.47:303][404]LogModuleManager: Shutting down and abandoning module LogVisualizer (450)
[2017.06.15-22.44.47:303][404]LogModuleManager: Shutting down and abandoning module IntroTutorials (448)
[2017.06.15-22.44.47:303][404]LogModuleManager: Shutting down and abandoning module GameProjectGeneration (447)
[2017.06.15-22.44.47:303][404]LogModuleManager: Shutting down and abandoning module EditorLiveStreaming (444)
[2017.06.15-22.44.47:303][404]LogModuleManager: Shutting down and abandoning module IOSPlatformEditor (442)
[2017.06.15-22.44.47:303][404]LogModuleManager: Shutting down and abandoning module HTML5PlatformEditor (440)
[2017.06.15-22.44.47:303][404]LogModuleManager: Shutting down and abandoning module AndroidPlatformEditor (438)
[2017.06.15-22.44.47:303][404]LogModuleManager: Shutting down and abandoning module AndroidDeviceDetection (437)
[2017.06.15-22.44.48:185][404]LogModuleManager: Shutting down and abandoning module IOSRuntimeSettings (434)
[2017.06.15-22.44.48:185][404]LogModuleManager: Shutting down and abandoning module AndroidRuntimeSettings (432)
[2017.06.15-22.44.48:185][404]LogModuleManager: Shutting down and abandoning module InputBindingEditor (430)
[2017.06.15-22.44.48:185][404]LogModuleManager: Shutting down and abandoning module MergeActors (428)
[2017.06.15-22.44.48:185][404]LogModuleManager: Shutting down and abandoning module SizeMap (426)
[2017.06.15-22.44.48:185][404]LogModuleManager: Shutting down and abandoning module TreeMap (424)
[2017.06.15-22.44.48:185][404]LogModuleManager: Shutting down and abandoning module ReferenceViewer (422)
[2017.06.15-22.44.48:185][404]LogModuleManager: Shutting down and abandoning module LocalizationDashboard (420)
[2017.06.15-22.44.48:185][404]LogModuleManager: Shutting down and abandoning module LocalizationService (419)
[2017.06.15-22.44.48:185][404]LogModuleManager: Shutting down and abandoning module HardwareTargeting (416)
[2017.06.15-22.44.48:186][404]LogModuleManager: Shutting down and abandoning module DeviceProfileEditor (414)
[2017.06.15-22.44.48:186][404]LogModuleManager: Shutting down and abandoning module UndoHistory (412)
[2017.06.15-22.44.48:186][404]LogModuleManager: Shutting down and abandoning module UserFeedback (410)
[2017.06.15-22.44.48:186][404]LogModuleManager: Shutting down and abandoning module XmlParser (408)
[2017.06.15-22.44.48:186][404]LogModuleManager: Shutting down and abandoning module Blutility (406)
[2017.06.15-22.44.48:186][404]LogModuleManager: Shutting down and abandoning module ProjectSettingsViewer (404)
[2017.06.15-22.44.48:186][404]LogModuleManager: Shutting down and abandoning module ProjectTargetPlatformEditor (403)
[2017.06.15-22.44.48:186][404]LogModuleManager: Shutting down and abandoning module EditorSettingsViewer (400)
[2017.06.15-22.44.48:186][404]LogModuleManager: Shutting down and abandoning module SettingsEditor (398)
[2017.06.15-22.44.48:186][404]LogModuleManager: Shutting down and abandoning module ProjectLauncher (396)
[2017.06.15-22.44.48:186][404]LogModuleManager: Shutting down and abandoning module SessionFrontend (394)
[2017.06.15-22.44.48:186][404]LogModuleManager: Shutting down and abandoning module ProfilerClient (392)
[2017.06.15-22.44.48:186][404]LogModuleManager: Shutting down and abandoning module DeviceManager (390)
[2017.06.15-22.44.48:186][404]LogModuleManager: Shutting down and abandoning module TargetDeviceServices (389)
[2017.06.15-22.44.48:241][404]LogModuleManager: Shutting down and abandoning module AutomationController (386)
[2017.06.15-22.44.48:241][404]LogModuleManager: Shutting down and abandoning module AutomationWindow (384)
[2017.06.15-22.44.48:241][404]LogModuleManager: Shutting down and abandoning module Layers (382)
[2017.06.15-22.44.48:241][404]LogModuleManager: Shutting down and abandoning module ComponentVisualizers (380)
[2017.06.15-22.44.48:241][404]LogModuleManager: Shutting down and abandoning module DetailCustomizations (378)
[2017.06.15-22.44.48:241][404]LogModuleManager: Shutting down and abandoning module PackagesDialog (376)
[2017.06.15-22.44.48:241][404]LogModuleManager: Shutting down and abandoning module Persona (374)
[2017.06.15-22.44.48:241][404]LogModuleManager: Shutting down and abandoning module AdvancedPreviewScene (373)
[2017.06.15-22.44.48:241][404]LogModuleManager: Shutting down and abandoning module AnimGraph (371)
[2017.06.15-22.44.48:241][404]LogModuleManager: Shutting down and abandoning module Kismet (368)
[2017.06.15-22.44.48:252][404]LogModuleManager: Shutting down and abandoning module ClassViewer (366)
[2017.06.15-22.44.48:252][404]LogModuleManager: Shutting down and abandoning module Toolbox (364)
[2017.06.15-22.44.48:252][404]LogModuleManager: Shutting down and abandoning module ModuleUI (362)
[2017.06.15-22.44.48:252][404]LogModuleManager: Shutting down and abandoning module MovieSceneTools (360)
[2017.06.15-22.44.48:252][404]LogModuleManager: Shutting down and abandoning module OutputLog (358)
[2017.06.15-22.44.48:252][404]LogModuleManager: Shutting down and abandoning module GammaUI (356)
[2017.06.15-22.44.48:252][404]LogModuleManager: Shutting down and abandoning module Documentation (354)
[2017.06.15-22.44.48:252][404]LogModuleManager: Shutting down and abandoning module MovieSceneTracks (352)
[2017.06.15-22.44.48:252][404]LogModuleManager: Shutting down and abandoning module MovieScene (350)
[2017.06.15-22.44.48:252][404]LogModuleManager: Shutting down and abandoning module Niagara (348)
[2017.06.15-22.44.48:252][404]LogModuleManager: Shutting down and abandoning module NiagaraEditor (347)
[2017.06.15-22.44.48:252][404]LogModuleManager: Shutting down and abandoning module StreamingPauseRendering (344)
[2017.06.15-22.44.48:252][404]LogModuleManager: Shutting down and abandoning module AnalyticsET (342)
[2017.06.15-22.44.48:252][404]LogModuleManager: Shutting down and abandoning module PortalServices (340)
[2017.06.15-22.44.48:252][404]LogModuleManager: Shutting down and abandoning module PortalRpc (338)
[2017.06.15-22.44.48:252][404]LogModuleManager: Shutting down and abandoning module MessagingRpc (336)
[2017.06.15-22.44.48:252][404]LogModuleManager: Shutting down and abandoning module AIModule (334)
[2017.06.15-22.44.48:252][404]LogModuleManager: Shutting down and abandoning module GameplayDebugger (333)
[2017.06.15-22.44.48:253][404]LogModuleManager: Shutting down and abandoning module AITestSuite (331)
[2017.06.15-22.44.48:253][404]LogModuleManager: Shutting down and abandoning module ProfilerService (328)
[2017.06.15-22.44.48:480][404]LogModuleManager: Shutting down and abandoning module TaskGraph (326)
[2017.06.15-22.44.48:480][404]LogModuleManager: Shutting down and abandoning module SteamVRController (324)
[2017.06.15-22.44.48:480][404]LogModuleManager: Shutting down and abandoning module SteamVR (322)
[2017.06.15-22.44.48:481][404]LogModuleManager: Shutting down and abandoning module ProceduralMeshComponentEditor (320)
[2017.06.15-22.44.48:481][404]LogModuleManager: Shutting down and abandoning module ProceduralMeshComponent (318)
[2017.06.15-22.44.48:481][404]LogModuleManager: Shutting down and abandoning module OculusLibrary (316)
[2017.06.15-22.44.48:481][404]LogModuleManager: Shutting down and abandoning module OculusInput (314)
[2017.06.15-22.44.48:481][404]LogModuleManager: Shutting down and abandoning module MobilePatchingUtils (312)
[2017.06.15-22.44.48:481][404]LogModuleManager: Shutting down and abandoning module CustomMeshComponent (310)
[2017.06.15-22.44.48:481][404]LogModuleManager: Shutting down and abandoning module CableComponent (308)
[2017.06.15-22.44.48:482][404]LogModuleManager: Shutting down and abandoning module ArchVisCharacter (306)
[2017.06.15-22.44.48:482][404]LogModuleManager: Shutting down and abandoning module AndroidPermission (304)
[2017.06.15-22.44.48:482][404]LogModuleManager: Shutting down and abandoning module MediaPlayerEditor (300)
[2017.06.15-22.44.48:482][404]LogModuleManager: Shutting down and abandoning module HTML5Networking (298)
[2017.06.15-22.44.48:482][404]LogModuleManager: Shutting down and abandoning module AlembicImporter (296)
[2017.06.15-22.44.48:482][404]LogModuleManager: Shutting down and abandoning module AlembicLibrary (295)
[2017.06.15-22.44.48:482][404]LogModuleManager: Shutting down and abandoning module GeometryCache (294)
[2017.06.15-22.44.48:482][404]LogModuleManager: Shutting down and abandoning module GeometryCacheEd (293)
[2017.06.15-22.44.48:482][404]LogModuleManager: Shutting down and abandoning module SuperSearchEditor (288)
[2017.06.15-22.44.48:482][404]LogModuleManager: Shutting down and abandoning module SuperSearch (287)
[2017.06.15-22.44.48:482][404]LogModuleManager: Shutting down and abandoning module SpeedTreeImporter (284)
[2017.06.15-22.44.48:482][404]LogModuleManager: Shutting down and abandoning module PluginBrowser (282)
[2017.06.15-22.44.48:482][404]LogModuleManager: Shutting down and abandoning module MobileLauncherProfileWizard (280)
[2017.06.15-22.44.48:482][404]LogModuleManager: Shutting down and abandoning module VisualStudioSourceCodeAccess (278)
[2017.06.15-22.44.48:482][404]LogModuleManager: Shutting down and abandoning module DesktopPlatform (277)
[2017.06.15-22.44.48:482][404]LogModuleManager: Shutting down and abandoning module UObjectPlugin (274)
[2017.06.15-22.44.48:482][404]LogModuleManager: Shutting down and abandoning module SubversionSourceControl (272)
[2017.06.15-22.44.48:482][404]LogModuleManager: Shutting down and abandoning module PerforceSourceControl (270)
[2017.06.15-22.44.48:482][404]LogModuleManager: Shutting down and abandoning module GitSourceControl (268)
[2017.06.15-22.44.48:482][404]LogModuleManager: Shutting down and abandoning module SourceControl (267)
[2017.06.15-22.44.48:482][404]LogModuleManager: Shutting down and abandoning module LightPropagationVolumeEditor (264)
[2017.06.15-22.44.48:482][404]LogModuleManager: Shutting down and abandoning module PaperTiledImporter (262)
[2017.06.15-22.44.48:482][404]LogModuleManager: Shutting down and abandoning module PaperSpriteSheetImporter (260)
[2017.06.15-22.44.48:482][404]LogModuleManager: Shutting down and abandoning module Paper2DEditor (258)
[2017.06.15-22.44.48:482][404]LogModuleManager: Shutting down and abandoning module MeshPaint (257)
[2017.06.15-22.44.48:482][404]LogModuleManager: Shutting down and abandoning module LevelEditor (255)
[2017.06.15-22.44.48:484][404]LogModuleManager: Shutting down and abandoning module PixelInspectorModule (254)
[2017.06.15-22.44.48:484][404]LogModuleManager: Shutting down and abandoning module MainFrame (252)
[2017.06.15-22.44.48:484][404]LogModuleManager: Shutting down and abandoning module HotReload (251)
[2017.06.15-22.44.48:484][404]LogModuleManager: Shutting down and abandoning module PhysXVehiclesEditor (246)
[2017.06.15-22.44.48:484][404]LogModuleManager: Shutting down and abandoning module PhysXVehicles (244)
[2017.06.15-22.44.48:484][404]LogModuleManager: Shutting down and abandoning module LocationServicesBPLibrary (242)
[2017.06.15-22.44.48:484][404]LogModuleManager: Shutting down and abandoning module ImmediatePhysicsEditor (240)
[2017.06.15-22.44.48:484][404]LogModuleManager: Shutting down and abandoning module ImmediatePhysics (238)
[2017.06.15-22.44.48:484][404]LogModuleManager: Shutting down and abandoning module UdpMessaging (236)
[2017.06.15-22.44.48:585][404]LogModuleManager: Shutting down and abandoning module TcpMessaging (234)
[2017.06.15-22.44.48:686][404]LogModuleManager: Shutting down and abandoning module GameplayTagsEditor (232)
[2017.06.15-22.44.48:686][404]LogModuleManager: Shutting down and abandoning module FacialAnimationEditor (230)
[2017.06.15-22.44.48:686][404]LogModuleManager: Shutting down and abandoning module FacialAnimation (228)
[2017.06.15-22.44.48:686][404]LogModuleManager: Shutting down and abandoning module AssetManagerEditor (226)
[2017.06.15-22.44.48:686][404]LogModuleManager: Shutting down and abandoning module GraphEditor (225)
[2017.06.15-22.44.48:686][404]LogModuleManager: Shutting down and abandoning module ContentBrowser (223)
[2017.06.15-22.44.48:687][404]LogModuleManager: Shutting down and abandoning module LightPropagationVolumeRuntime (220)
[2017.06.15-22.44.48:687][404]LogModuleManager: Shutting down and abandoning module Paper2D (218)
[2017.06.15-22.44.48:687][404]LogModuleManager: Shutting down and abandoning module WindowsMoviePlayer (216)
[2017.06.15-22.44.48:687][404]LogModuleManager: Shutting down and abandoning module WmfMedia (214)
[2017.06.15-22.44.48:687][404]LogModuleManager: Shutting down and abandoning module ClothingSystemEditor (212)
[2017.06.15-22.44.48:687][404]LogModuleManager: Shutting down and abandoning module ClothingSystemRuntime (210)
[2017.06.15-22.44.48:687][404]LogModuleManager: Shutting down and abandoning module MediaAssets (208)
[2017.06.15-22.44.48:687][404]LogModuleManager: Shutting down and abandoning module GameLiveStreaming (206)
[2017.06.15-22.44.48:688][404]LogModuleManager: Shutting down and abandoning module VREditor (204)
[2017.06.15-22.44.48:688][404]LogModuleManager: Shutting down and abandoning module StringTableEditor (202)
[2017.06.15-22.44.48:688][404]LogModuleManager: Shutting down and abandoning module GameplayTasksEditor (200)
[2017.06.15-22.44.48:688][404]LogModuleManager: Shutting down and abandoning module BehaviorTreeEditor (198)
[2017.06.15-22.44.48:688][404]LogModuleManager: Shutting down and abandoning module FunctionalTesting (196)
[2017.06.15-22.44.48:688][404]LogModuleManager: Shutting down and abandoning module CollisionAnalyzer (194)
[2017.06.15-22.44.48:688][404]LogModuleManager: Shutting down and abandoning module UMG (192)
[2017.06.15-22.44.48:688][404]LogModuleManager: Shutting down and abandoning module UMGEditor (191)
[2017.06.15-22.44.48:688][404]LogModuleManager: Shutting down and abandoning module Sequencer (190)
[2017.06.15-22.44.48:688][404]LogModuleManager: Shutting down and abandoning module AssetTools (188)
[2017.06.15-22.44.48:688][404]LogModuleManager: Shutting down and abandoning module MessageLog (187)
[2017.06.15-22.44.48:688][404]LogModuleManager: Shutting down and abandoning module WorkspaceMenuStructure (186)
[2017.06.15-22.44.48:688][404]LogModuleManager: Shutting down and abandoning module SlateReflector (180)
[2017.06.15-22.44.48:688][404]LogModuleManager: Shutting down and abandoning module Slate (178)
[2017.06.15-22.44.48:688][404]LogModuleManager: Shutting down and abandoning module EditorStyle (176)
[2017.06.15-22.44.48:690][404]LogModuleManager: Shutting down and abandoning module SourceCodeAccess (174)
[2017.06.15-22.44.48:690][404]LogModuleManager: Shutting down and abandoning module HeadMountedDisplay (172)
[2017.06.15-22.44.48:690][404]LogModuleManager: Shutting down and abandoning module XAudio2 (170)
[2017.06.15-22.44.48:690][404]LogModuleManager: Shutting down and abandoning module Networking (168)
[2017.06.15-22.44.48:690][404]LogModuleManager: Shutting down and abandoning module Core (164)
[2017.06.15-22.44.48:690][404]LogModuleManager: Shutting down and abandoning module AssetRegistry (162)
[2017.06.15-22.44.48:758][404]LogDirectoryWatcher: A directory notification for '../../../Engine/Content/' was aborted.
[2017.06.15-22.44.48:758][404]LogDirectoryWatcher: A directory notification for '../../../../Prj's/Marduk_0/Content/' was aborted.
[2017.06.15-22.44.48:758][404]LogDirectoryWatcher: A directory notification for '../../../Engine/Plugins/2D/Paper2D/Content/' was aborted.
[2017.06.15-22.44.48:758][404]LogDirectoryWatcher: A directory notification for '../../../Engine/Plugins/Runtime/GearVR/Content/' was aborted.
[2017.06.15-22.44.48:760][404]LogModuleManager: Shutting down and abandoning module DirectoryWatcher (161)
[2017.06.15-22.44.48:761][404]LogModuleManager: Shutting down and abandoning module KismetCompiler (158)
[2017.06.15-22.44.48:761][404]LogModuleManager: Shutting down and abandoning module LevelSequence (156)
[2017.06.15-22.44.48:761][404]LogModuleManager: Shutting down and abandoning module PhysXFormats (154)
[2017.06.15-22.44.48:761][404]LogModuleManager: Shutting down and abandoning module MeshUtilities (152)
[2017.06.15-22.44.48:761][404]LogModuleManager: Shutting down and abandoning module SimplygonSwarm (151)
[2017.06.15-22.44.48:761][404]LogModuleManager: Shutting down and abandoning module SimplygonMeshReduction (149)
[2017.06.15-22.44.48:761][404]LogModuleManager: Shutting down and abandoning module QuadricMeshReduction (147)
[2017.06.15-22.44.48:761][404]LogModuleManager: Shutting down and abandoning module DerivedDataCache (144)
[2017.06.15-22.44.48:798][404]LogDerivedDataCache: Shutdown
[2017.06.15-22.44.48:798][404]LogModuleManager: Shutting down and abandoning module TargetPlatform (142)
[2017.06.15-22.44.48:798][404]LogModuleManager: Shutting down and abandoning module VulkanShaderFormat (141)
[2017.06.15-22.44.48:798][404]LogModuleManager: Shutting down and abandoning module ShaderFormatVectorVM (139)
[2017.06.15-22.44.48:798][404]LogModuleManager: Shutting down and abandoning module ShaderFormatOpenGL (137)
[2017.06.15-22.44.48:798][404]LogModuleManager: Shutting down and abandoning module ShaderFormatD3D (135)
[2017.06.15-22.44.48:798][404]LogModuleManager: Shutting down and abandoning module MetalShaderFormat (133)
[2017.06.15-22.44.48:798][404]LogModuleManager: Shutting down and abandoning module TextureFormatUncompressed (131)
[2017.06.15-22.44.48:798][404]LogModuleManager: Shutting down and abandoning module TextureFormatPVR (129)
[2017.06.15-22.44.48:798][404]LogModuleManager: Shutting down and abandoning module TextureFormatDXT (127)
[2017.06.15-22.44.48:798][404]LogModuleManager: Shutting down and abandoning module TextureFormatIntelISPCTexComp (125)
[2017.06.15-22.44.48:798][404]LogModuleManager: Shutting down and abandoning module TextureFormatASTC (123)
[2017.06.15-22.44.48:798][404]LogModuleManager: Shutting down and abandoning module ImageWrapper (122)
[2017.06.15-22.44.48:798][404]LogModuleManager: Shutting down and abandoning module TextureFormatAndroid (119)
[2017.06.15-22.44.48:798][404]LogModuleManager: Shutting down and abandoning module AudioFormatOpus (117)
[2017.06.15-22.44.48:798][404]LogModuleManager: Shutting down and abandoning module AudioFormatOgg (115)
[2017.06.15-22.44.48:798][404]LogModuleManager: Shutting down and abandoning module AudioFormatADPCM (113)
[2017.06.15-22.44.48:799][404]LogModuleManager: Shutting down and abandoning module LinuxTargetPlatform (111)
[2017.06.15-22.44.48:799][404]LogModuleManager: Shutting down and abandoning module LinuxServerTargetPlatform (109)
[2017.06.15-22.44.48:799][404]LogModuleManager: Shutting down and abandoning module LinuxNoEditorTargetPlatform (107)
[2017.06.15-22.44.48:799][404]LogModuleManager: Shutting down and abandoning module LinuxClientTargetPlatform (105)
[2017.06.15-22.44.48:799][404]LogModuleManager: Shutting down and abandoning module TVOSTargetPlatform (103)
[2017.06.15-22.44.48:799][404]LogModuleManager: Shutting down and abandoning module Messaging (101)
[2017.06.15-22.44.48:799][404]LogModuleManager: Shutting down and abandoning module IOSTargetPlatform (99)
[2017.06.15-22.44.48:799][404]LogModuleManager: Shutting down and abandoning module HTML5TargetPlatform (97)
[2017.06.15-22.44.48:799][404]LogModuleManager: Shutting down and abandoning module Android_PVRTCTargetPlatform (95)
[2017.06.15-22.44.48:799][404]LogModuleManager: Shutting down and abandoning module Android_MultiTargetPlatform (93)
[2017.06.15-22.44.48:799][404]LogModuleManager: Shutting down and abandoning module Android_ETC2TargetPlatform (91)
[2017.06.15-22.44.48:799][404]LogModuleManager: Shutting down and abandoning module Android_ETC1TargetPlatform (89)
[2017.06.15-22.44.48:799][404]LogModuleManager: Shutting down and abandoning module Android_DXTTargetPlatform (87)
[2017.06.15-22.44.48:799][404]LogModuleManager: Shutting down and abandoning module Android_ATCTargetPlatform (85)
[2017.06.15-22.44.48:799][404]LogModuleManager: Shutting down and abandoning module Android_ASTCTargetPlatform (83)
[2017.06.15-22.44.48:799][404]LogModuleManager: Shutting down and abandoning module AndroidTargetPlatform (81)
[2017.06.15-22.44.48:799][404]LogModuleManager: Shutting down and abandoning module WindowsTargetPlatform (79)
[2017.06.15-22.44.48:799][404]LogModuleManager: Shutting down and abandoning module WindowsServerTargetPlatform (77)
[2017.06.15-22.44.48:799][404]LogModuleManager: Shutting down and abandoning module WindowsNoEditorTargetPlatform (75)
[2017.06.15-22.44.48:799][404]LogModuleManager: Shutting down and abandoning module WindowsClientTargetPlatform (73)
[2017.06.15-22.44.48:799][404]LogModuleManager: Shutting down and abandoning module MacTargetPlatform (71)
[2017.06.15-22.44.48:799][404]LogModuleManager: Shutting down and abandoning module MacServerTargetPlatform (69)
[2017.06.15-22.44.48:799][404]LogModuleManager: Shutting down and abandoning module MacNoEditorTargetPlatform (67)
[2017.06.15-22.44.48:799][404]LogModuleManager: Shutting down and abandoning module MacClientTargetPlatform (65)
[2017.06.15-22.44.48:799][404]LogModuleManager: Shutting down and abandoning module AllDesktopTargetPlatform (63)
[2017.06.15-22.44.48:799][404]LogModuleManager: Shutting down and abandoning module InputCore (60)
[2017.06.15-22.44.48:799][404]LogModuleManager: Shutting down and abandoning module Settings (58)
[2017.06.15-22.44.48:799][404]LogModuleManager: Shutting down and abandoning module OculusRift (56)
[2017.06.15-22.44.48:799][404]LogModuleManager: Shutting down and abandoning module GearVRController (54)
[2017.06.15-22.44.48:799][404]LogModuleManager: Shutting down and abandoning module GearVR (52)
[2017.06.15-22.44.48:799][404]LogModuleManager: Shutting down and abandoning module ExampleDeviceProfileSelector (50)
[2017.06.15-22.44.48:799][404]LogModuleManager: Shutting down and abandoning module OnlineBlueprintSupport (48)
[2017.06.15-22.44.48:799][404]LogModuleManager: Shutting down and abandoning module OnlineSubsystem (44)
[2017.06.15-22.44.48:799][404]LogOnline:Display: Unloading online subsystem: NULL
[2017.06.15-22.44.48:799][404]LogModuleManager: Shutting down and abandoning module XMPP (43)
[2017.06.15-22.44.48:799][404]LogModuleManager: Shutting down and abandoning module HTTP (41)
[2017.06.15-22.44.48:799][404]LogHttp:Display: Http module shutting down, but needs to wait on 1 outstanding Http requests:
[2017.06.15-22.44.48:799][404]LogHttp:Display: 	verb=[POST] url=[https://datarouter.ol.epicgames.com/datarouter/api/v1/public/data?SessionID=%7BBBBA5A0A-44D5-47C3-4414-9EA0F16E643D%7D&AppID=UEEditor.Rocket.Release&AppVersion=4.16.1-3466753%2B%2B%2BUE4%2BRelease-4.16&UserID=bdeffd3145ecc402f501289985501c39%7C4048e155b6f540278336d9208e4db2cf%7C78a2f0d2-5fa1-4a18-b541-71c5d8a24c24&AppEnvironment=datacollector-binary&UploadType=eteventstream] status=Processing
[2017.06.15-22.44.48:816][404]LogModuleManager: Shutting down and abandoning module SSL (40)
[2017.06.15-22.44.48:819][404]LogModuleManager: Shutting down and abandoning module HTTPChunkInstaller (36)
[2017.06.15-22.44.48:819][404]LogModuleManager: Shutting down and abandoning module AnimationModifiers (34)
[2017.06.15-22.44.48:819][404]LogModuleManager: Shutting down and abandoning module PropertyEditor (33)
[2017.06.15-22.44.48:820][404]LogModuleManager: Shutting down and abandoning module AudioEditor (30)
[2017.06.15-22.44.48:820][404]LogModuleManager: Shutting down and abandoning module TextureCompressor (28)
[2017.06.15-22.44.48:820][404]LogModuleManager: Shutting down and abandoning module ShaderCore (26)
[2017.06.15-22.44.48:820][404]LogModuleManager: Shutting down and abandoning module Landscape (24)
[2017.06.15-22.44.48:820][404]LogModuleManager: Shutting down and abandoning module SlateRHIRenderer (22)
[2017.06.15-22.44.48:823][404]LogModuleManager: Shutting down and abandoning module OpenGLDrv (20)
[2017.06.15-22.44.48:823][404]LogModuleManager: Shutting down and abandoning module D3D11RHI (18)
[2017.06.15-22.44.48:823][404]LogModuleManager: Shutting down and abandoning module AnimGraphRuntime (16)
[2017.06.15-22.44.48:823][404]LogModuleManager: Shutting down and abandoning module Renderer (14)
[2017.06.15-22.44.48:823][404]LogModuleManager: Shutting down and abandoning module Engine (12)
[2017.06.15-22.44.48:823][404]LogModuleManager: Shutting down and abandoning module CoreUObject (10)
[2017.06.15-22.44.48:823][404]LogModuleManager: Shutting down and abandoning module NetworkFile (8)
[2017.06.15-22.44.48:823][404]LogModuleManager: Shutting down and abandoning module StreamingFile (6)
[2017.06.15-22.44.48:823][404]LogModuleManager: Shutting down and abandoning module SandboxFile (4)
[2017.06.15-22.44.48:823][404]LogModuleManager: Shutting down and abandoning module PakFile (2)
[2017.06.15-22.44.48:825][404]LogExit: Exiting.
[2017.06.15-22.44.48:866][404]Log file closed, 06/16/17 01:44:48
