Log file open, 06/18/17 17:13:58
LogInit:Display: Running engine for game: Marduk0
LogPlatformFile: Not using cached read wrapper
LogInit:Display: RandInit(-2016716097) SRandInit(-2016716097).
LogTaskGraph: Started task graph with 5 named threads and 8 total threads with 1 sets of task threads.
LogStats: Stats thread started at 0.193609
LogInit: Using libcurl 7.47.1
LogInit:  - built for x86_64-pc-win32
LogInit:  - supports SSL with OpenSSL/1.0.2g
LogInit:  - supports HTTP deflate (compression) using libz 1.2.8
LogInit:  - other features:
LogInit:      CURL_VERSION_SSL
LogInit:      CURL_VERSION_LIBZ
LogInit:      CURL_VERSION_IPV6
LogInit:      CURL_VERSION_ASYNCHDNS
LogInit:      CURL_VERSION_LARGEFILE
LogInit:      CURL_VERSION_IDN
LogInit:  CurlRequestOptions (configurable via config and command line):
LogInit:  - bVerifyPeer = false  - Libcurl will NOT verify peer certificate
LogInit:  - bUseHttpProxy = false  - Libcurl will NOT use HTTP proxy
LogInit:  - bDontReuseConnections = false  - Libcurl will reuse connections
LogInit:  - CertBundlePath = nullptr  - Libcurl will use whatever was configured at build time.
LogInit: Build: ++UE4+Release-4.16-CL-3466753
LogInit: Engine Version: 4.16.1-3466753+++UE4+Release-4.16
LogInit: Compatible Engine Version: 4.16.0-3452394+++UE4+Release-4.16
LogInit: Net CL: 3452394
LogDevObjectVersion: Number of dev versions registered: 16
LogDevObjectVersion:   Dev-Blueprints (B0D832E4-1F89-4F0D-ACCF-7EB736FD4AA2): 9
LogDevObjectVersion:   Dev-Build (E1C64328-A22C-4D53-A36C-8E866417BD8C): 0
LogDevObjectVersion:   Dev-Core (375EC13C-06E4-48FB-B500-84F0262A717E): 2
LogDevObjectVersion:   Dev-Editor (E4B068ED-F494-42E9-A231-DA0B2E46BB41): 17
LogDevObjectVersion:   Dev-Framework (CFFC743F-43B0-4480-9391-14DF171D2073): 23
LogDevObjectVersion:   Dev-Mobile (B02B49B5-BB20-44E9-A304-32B752E40360): 0
LogDevObjectVersion:   Dev-Networking (A4E4105C-59A1-49B5-A7C5-40C4547EDFEE): 0
LogDevObjectVersion:   Dev-Online (39C831C9-5AE6-47DC-9A44-9C173E1C8E7C): 0
LogDevObjectVersion:   Dev-Physics (78F01B33-EBEA-4F98-B9B4-84EACCB95AA2): 0
LogDevObjectVersion:   Dev-Platform (6631380F-2D4D-43E0-8009-CF276956A95A): 0
LogDevObjectVersion:   Dev-Rendering (12F88B9F-8875-4AFC-A67C-D90C383ABD29): 15
LogDevObjectVersion:   Dev-Sequencer (7B5AE74C-D270-4C10-A958-57980B212A5A): 4
LogDevObjectVersion:   Dev-VR (D7296918-1DD6-4BDD-9DE2-64A83CC13884): 0
LogDevObjectVersion:   Dev-LoadTimes (C2A15278-BFE7-4AFE-6C17-90FF531DF755): 1
LogDevObjectVersion:   Private-Geometry (6EACA3D4-40EC-4CC1-B786-8BED09428FC5): 1
LogDevObjectVersion:   Dev-AnimPhys (29E575DD-E0A3-4627-9D10-D276232CDCEA): 3
LogInit: Compiled (64-bit): May 31 2017 02:03:30
LogInit: Compiled with Visual C++: 19.00.24215.01
LogInit: Build Configuration: Development
LogInit: Branch Name: ++UE4+Release-4.16
LogInit: Command line: -EpicPortal 
LogInit: Base directory: D:/Workspace/Programs/UE_4.16/Engine/Binaries/Win64/
LogInit: Installed Engine Build: 1
LogInit: Presizing for max 8388607 objects, including 0 objects not considered by GC, pre-allocating 0 bytes for permanent pool.
LogInit: Object subsystem initialized
[2017.06.18-14.13.59:549][  0]LogInit: Selected Device Profile: [Windows]
[2017.06.18-14.13.59:549][  0]LogInit: Applying CVar settings loaded from the selected device profile: [Windows]
[2017.06.18-14.13.59:589][  0]LogInit: Computer: SKAIA
[2017.06.18-14.13.59:589][  0]LogInit: User: SyfeNora
[2017.06.18-14.13.59:589][  0]LogInit: CPU Page size=4096, Cores=4
[2017.06.18-14.13.59:589][  0]LogInit: High frequency timer resolution =1.754522 MHz
[2017.06.18-14.13.59:589][  0]LogMemory: Memory total: Physical=6.9GB (7GB approx)
[2017.06.18-14.13.59:589][  0]LogMemory: Platform Memory Stats for Windows
[2017.06.18-14.13.59:589][  0]LogMemory: Process Physical Memory: 270.76 MB used, 270.76 MB peak
[2017.06.18-14.13.59:589][  0]LogMemory: Process Virtual Memory: 266.42 MB used, 266.42 MB peak
[2017.06.18-14.13.59:589][  0]LogMemory: Physical Memory: 1858.74 MB used,  5233.93 MB free, 7092.66 MB total
[2017.06.18-14.13.59:589][  0]LogMemory: Virtual Memory: 622.84 MB used,  5233.93 MB free, 134217728.00 MB total
[2017.06.18-14.13.59:818][  0]LogInit: Using OS detected language (ru-RU).
[2017.06.18-14.13.59:818][  0]LogInit: Using OS detected locale (ru-RU).
[2017.06.18-14.13.59:825][  0]LogTextLocalizationManager: No localization for 'ru-RU' exists, so 'en' will be used for the language.
[2017.06.18-14.13.59:826][  0]LogTextLocalizationManager: No localization for 'ru-RU' exists, so 'en' will be used for the locale.
[2017.06.18-14.14.02:115][  0]LogD3D11RHI: D3D11 adapters:
[2017.06.18-14.14.02:144][  0]LogD3D11RHI:    0. 'AMD Radeon(TM) R3 Graphics' (Feature Level 11_0)
[2017.06.18-14.14.02:144][  0]LogD3D11RHI:       1005/0/3328 MB DedicatedVideo/DedicatedSystem/SharedSystem, Outputs:1, VendorId:0x1002
[2017.06.18-14.14.02:148][  0]LogD3D11RHI:    1. 'Microsoft Basic Render Driver' (Feature Level 11_0)
[2017.06.18-14.14.02:148][  0]LogD3D11RHI:       0/0/256 MB DedicatedVideo/DedicatedSystem/SharedSystem, Outputs:0, VendorId:0x1414
[2017.06.18-14.14.02:148][  0]LogD3D11RHI: Chosen D3D11 Adapter: 0
[2017.06.18-14.14.02:156][  0]LogD3D11RHI: Creating new Direct3DDevice
[2017.06.18-14.14.02:156][  0]LogD3D11RHI:     GPU DeviceId: 0x9850 (for the marketing name, search the web for "GPU Device Id")
[2017.06.18-14.14.02:156][  0]LogWindows: EnumDisplayDevices:
[2017.06.18-14.14.02:157][  0]LogWindows:    0. 'AMD Radeon(TM) R3 Graphics' (P:1 D:1)
[2017.06.18-14.14.02:157][  0]LogWindows:    1. 'AMD Radeon(TM) R3 Graphics' (P:0 D:0)
[2017.06.18-14.14.02:158][  0]LogWindows: DebugString: FoundDriverCount:2 
[2017.06.18-14.14.02:158][  0]LogD3D11RHI:     Adapter Name: AMD Radeon(TM) R3 Graphics
[2017.06.18-14.14.02:158][  0]LogD3D11RHI:   Driver Version: Crimson ReLive 16.12.2 (internal:21.19.407.0, unified:21.19.407.0)
[2017.06.18-14.14.02:158][  0]LogD3D11RHI:      Driver Date: 12-23-2016
[2017.06.18-14.14.02:158][  0]LogRHI: Texture pool is 703 MB (70% of 1005 MB)
[2017.06.18-14.14.02:217][  0]LogD3D11RHI: Async texture creation enabled
[2017.06.18-14.14.02:234][  0]LogD3D11RHI: GPU Timing Frequency: 100.000000 (Debug: 2 1)
[2017.06.18-14.14.02:236][  0]LogShaderCompilers: Guid format shader working directory is 15 characters bigger than the processId version (../../../../../UEProjects/Marduk_0/Intermediate/Shaders/WorkingDirectory/1880/).
[2017.06.18-14.14.02:236][  0]LogShaderCompilers: Cleaned the shader compiler working directory 'C:/Users/SyfeNora/AppData/Local/Temp/UnrealShaderWorkingDir/530E29A04F8C777C6EF64BA13E1DD046/'.
[2017.06.18-14.14.02:236][  0]LogShaderCompilers:Display: Using Local Shader Compiler.
[2017.06.18-14.14.05:750][  0]LogTemp:Display: Loaded TP AllDesktopTargetPlatform
[2017.06.18-14.14.05:923][  0]LogTemp:Display: Loaded TP MacClientTargetPlatform
[2017.06.18-14.14.06:097][  0]LogTemp:Display: Loaded TP MacNoEditorTargetPlatform
[2017.06.18-14.14.06:271][  0]LogTemp:Display: Loaded TP MacServerTargetPlatform
[2017.06.18-14.14.06:446][  0]LogTemp:Display: Loaded TP MacTargetPlatform
[2017.06.18-14.14.06:619][  0]LogTemp:Display: Loaded TP WindowsClientTargetPlatform
[2017.06.18-14.14.06:793][  0]LogTemp:Display: Loaded TP WindowsNoEditorTargetPlatform
[2017.06.18-14.14.06:967][  0]LogTemp:Display: Loaded TP WindowsServerTargetPlatform
[2017.06.18-14.14.07:118][  0]LogTemp:Display: Loaded TP WindowsTargetPlatform
[2017.06.18-14.14.07:288][  0]LogTemp:Display: Loaded TP AndroidTargetPlatform
[2017.06.18-14.14.07:459][  0]LogTemp:Display: Loaded TP Android_ASTCTargetPlatform
[2017.06.18-14.14.07:628][  0]LogTemp:Display: Loaded TP Android_ATCTargetPlatform
[2017.06.18-14.14.07:799][  0]LogTemp:Display: Loaded TP Android_DXTTargetPlatform
[2017.06.18-14.14.07:970][  0]LogTemp:Display: Loaded TP Android_ETC1TargetPlatform
[2017.06.18-14.14.08:142][  0]LogTemp:Display: Loaded TP Android_ETC2TargetPlatform
[2017.06.18-14.14.08:482][  0]LogTemp:Display: Loaded TP Android_MultiTargetPlatform
[2017.06.18-14.14.08:482][  0]LogTemp:Display: Loaded TP Android_PVRTCTargetPlatform
[2017.06.18-14.14.08:614][  0]LogTemp:Display: Loaded TP HTML5TargetPlatform
[2017.06.18-14.14.08:877][  0]LogTemp:Display: Loaded TP IOSTargetPlatform
[2017.06.18-14.14.08:985][  0]LogTemp:Display: Loaded TP TVOSTargetPlatform
[2017.06.18-14.14.09:153][  0]LogTemp:Display: Loaded TP LinuxClientTargetPlatform
[2017.06.18-14.14.09:323][  0]LogTemp:Display: Loaded TP LinuxNoEditorTargetPlatform
[2017.06.18-14.14.09:492][  0]LogTemp:Display: Loaded TP LinuxServerTargetPlatform
[2017.06.18-14.14.09:663][  0]LogTemp:Display: Loaded TP LinuxTargetPlatform
[2017.06.18-14.14.09:663][  0]LogTargetPlatformManager:Display: Building Assets For Windows
[2017.06.18-14.14.11:265][  0]LogDerivedDataCache:Display: Max Cache Size: 512 MB
[2017.06.18-14.14.11:573][  0]LogDerivedDataCache: Loaded boot cache 0.31s 90MB C:/Users/SyfeNora/AppData/Local/UnrealEngine/4.16/DerivedDataCache/Boot.ddc.
[2017.06.18-14.14.11:573][  0]LogDerivedDataCache:Display: Loaded Boot cache: C:/Users/SyfeNora/AppData/Local/UnrealEngine/4.16/DerivedDataCache/Boot.ddc
[2017.06.18-14.14.11:574][  0]LogDerivedDataCache: FDerivedDataBackendGraph:  Pak pak cache file ../../../../../UEProjects/Marduk_0/DerivedDataCache/DDC.ddp not found, will not use a pak cache.
[2017.06.18-14.14.11:574][  0]LogDerivedDataCache: Unable to find inner node Pak for hierarchical cache Hierarchy.
[2017.06.18-14.14.11:574][  0]LogDerivedDataCache: FDerivedDataBackendGraph:  CompressedPak pak cache file ../../../../../UEProjects/Marduk_0/DerivedDataCache/Compressed.ddp not found, will not use a pak cache.
[2017.06.18-14.14.11:574][  0]LogDerivedDataCache: Unable to find inner node CompressedPak for hierarchical cache Hierarchy.
[2017.06.18-14.14.11:649][  0]LogDerivedDataCache:Display: Pak cache opened for reading ../../../Engine/DerivedDataCache/Compressed.ddp.
[2017.06.18-14.14.11:665][  0]LogDerivedDataCache: Using Local data cache path C:/Users/SyfeNora/AppData/Local/UnrealEngine/Common/DerivedDataCache: Writable
[2017.06.18-14.14.11:703][  0]LogMaterial: Verifying Global Shaders for PCD3D_SM5
[2017.06.18-14.14.11:704][  0]LogSlate: Using Freetype 2.6.0
[2017.06.18-14.14.11:705][  0]LogSlate: SlateFontCache - WITH_FREETYPE: 1, WITH_HARFBUZZ: 1
[2017.06.18-14.14.11:706][  0]LogSlate: SlateFontCache - WITH_FREETYPE: 1, WITH_HARFBUZZ: 1
[2017.06.18-14.14.12:899][  0]LogInit: Selected Device Profile: [Windows]
[2017.06.18-14.14.13:199][  0]LogContentStreaming: Texture pool size is 0.00 MB
[2017.06.18-14.14.13:719][  0]LogMeshUtilities: Using QuadricMeshReduction for automatic static mesh reduction
[2017.06.18-14.14.13:864][  0]LogSimplygon: Simplygon DLL not present - disabling.
[2017.06.18-14.14.14:018][  0]LogMeshUtilities: Using SimplygonSwarm for distributed automatic mesh merging
[2017.06.18-14.14.14:018][  0]LogMeshUtilities: No automatic skeletal mesh reduction module available
[2017.06.18-14.14.14:018][  0]LogMeshUtilities: No automatic mesh merging module available
[2017.06.18-14.14.15:838][  0]LogNetVersion: Marduk0 , NetCL: 3452394, EngineNetVer: 2, GameNetVer: 0 (Checksum: 2744008900)
[2017.06.18-14.14.15:992][  0]LogAssetRegistry: FAssetRegistry took 0.0393 seconds to start up
[2017.06.18-14.14.16:137][  0]LogPackageLocalizationCache: Processed 4 localized package path(s) for 1 prioritized culture(s) in 0.057860 seconds
[2017.06.18-14.14.16:159][  0]LogUObjectArray: 34194 objects as part of root set at end of initial load.
[2017.06.18-14.14.16:159][  0]LogUObjectAllocator: 7260424 out of 0 bytes used by permanent object pool.
[2017.06.18-14.14.16:159][  0]LogUObjectArray: CloseDisregardForGC: 0/0 objects in disregard for GC pool
[2017.06.18-14.14.16:374][  0]LogInit: WinSock: version 1.1 (2.2), MaxSocks=32767, MaxUdp=65467
[2017.06.18-14.14.23:839][  0]LogTcpMessaging: Initializing TcpMessaging bridge
[2017.06.18-14.14.23:945][  0]LogUdpMessaging: Initializing bridge on interface 0.0.0.0:0 to multicast group 230.0.0.1:6666.
[2017.06.18-14.14.25:545][  0]LogMaterial: Uniform references updated for custom material expression Custom.
[2017.06.18-14.14.26:899][  0]SourceControl: Info Source control is disabled
[2017.06.18-14.14.27:075][  0]SourceControl: Info Source control is disabled
[2017.06.18-14.14.27:233][  0]SourceControl: Info Source control is disabled
[2017.06.18-14.14.27:382][  0]SourceControl: Info Source control is disabled
[2017.06.18-14.14.29:537][  0]LogAndroidPermission: UAndroidPermissionCallbackProxy::GetInstance
[2017.06.18-14.14.31:408][  0]LogEngine: Initializing Engine...
[2017.06.18-14.14.31:410][  0]LogHMD: Failed to initialize OpenVR with code 110
[2017.06.18-14.14.32:091][  0]LogStats: UGameplayTagsManager::ConstructGameplayTagTree: Construct from data asset -  0.000 s
[2017.06.18-14.14.32:091][  0]LogStats: UGameplayTagsManager::ConstructGameplayTagTree: GameplayTagTreeChangedEvent.Broadcast -  0.000 s
[2017.06.18-14.14.32:519][  0]LogAIModule: Creating AISystem for world Untitled
[2017.06.18-14.14.32:537][  0]LogInit: XAudio2 using 'Динамики (Устройство с поддержкой High Definition Audio)' : 2 channels at 44.1 kHz using 16 bits per sample (channel mask 0x3)
[2017.06.18-14.14.32:570][  0]LogInit: FAudioDevice initialized.
[2017.06.18-14.14.32:702][  0]LogDerivedDataCache: Saved boot cache 0.13s 90MB C:/Users/SyfeNora/AppData/Local/UnrealEngine/4.16/DerivedDataCache/Boot.ddc.
[2017.06.18-14.14.32:734][  0]LogInit: Texture streaming: Enabled
[2017.06.18-14.14.33:054][  0]LogEngineSessionManager: EngineSessionManager initialized
[2017.06.18-14.14.33:750][  0]LogInit: Transaction tracking system initialized
[2017.06.18-14.14.34:772][  0]BlueprintLog: New page: Editor Load
[2017.06.18-14.14.37:850][  0]LocalizationService: Info Localization service is disabled
[2017.06.18-14.14.40:056][  0]LogConsoleResponse:Display: 
[2017.06.18-14.14.40:518][  0]LogCook:Display: Max memory allowance for cook 16384mb min free memory 0mb
[2017.06.18-14.14.40:519][  0]LogCook:Display: Mobile HDR setting 1
[2017.06.18-14.14.40:694][  0]LogFileCache: Scanning file cache for directory 'D:/Workspace/UEProjects/Marduk_0/Content/' took 0.02s
[2017.06.18-14.14.43:799][  0]SourceControl: Info Source control is disabled
[2017.06.18-14.14.43:800][  0]Cmd: MAP LOAD FILE="../../../Engine/Content/Maps/Templates/Template_Default.umap" TEMPLATE=1 SHOWPROGRESS=1 FEATURELEVEL=3
[2017.06.18-14.14.43:801][  0]LightingResults: New page: Lighting Build
[2017.06.18-14.14.43:935][  0]MapCheck: New page: Map Check
[2017.06.18-14.14.43:935][  0]LightingResults: New page: Lighting Build
[2017.06.18-14.14.44:758][  0]LogAIModule: Creating AISystem for world Untitled_1
[2017.06.18-14.14.44:761][  0]LogActorComponent: RegisterComponentWithWorld: (/Temp/Untitled_1.Untitled_1:PersistentLevel.WorldSettings_1.StaticMeshComponent0) Trying to register component with IsPendingKill() == true. Aborting.
[2017.06.18-14.14.44:773][  0]LogEditorServer: Finished looking for orphan Actors (0.000 secs)
[2017.06.18-14.14.44:816][  0]Cmd: MAP CHECKDEP NOCLEARLOG
[2017.06.18-14.14.44:927][  0]MapCheck: Info Map check complete: 0 Error(s), 0 Warning(s), took 111.098ms to complete.
[2017.06.18-14.14.44:927][  0]LogFileHelpers: Loading map 'Template_Default' took 1.128
[2017.06.18-14.14.44:998][  0]LogWindowsTextInputMethodSystem:Display: IME system now deactivated.
[2017.06.18-14.14.45:377][  0]LogCollectionManager: Loaded 0 collections in 0.003795 seconds
[2017.06.18-14.14.45:576][  0]LogFileCache: Scanning file cache for directory 'D:/Workspace/UEProjects/Marduk_0/Saved/Collections/' took 0.01s
[2017.06.18-14.14.45:576][  0]LogFileCache: Scanning file cache for directory 'D:/Workspace/UEProjects/Marduk_0/Content/Developers/SyfeNora/Collections/' took 0.01s
[2017.06.18-14.14.45:576][  0]LogFileCache: Scanning file cache for directory 'D:/Workspace/UEProjects/Marduk_0/Content/Collections/' took 0.01s
[2017.06.18-14.14.45:576][  0]LogCollectionManager: Rebuilt the GUID cache for 0 collections in 0.000005 seconds
[2017.06.18-14.14.45:613][  0]LogContentBrowser: Native class hierarchy populated in 0.0368 seconds. Added 2329 classes and 491 folders.
[2017.06.18-14.14.45:821][  0]LogContentBrowser: Native class hierarchy updated for 'WidgetCarousel' in 0.0017 seconds. Added 0 classes and 0 folders.
[2017.06.18-14.14.46:759][  0]LogContentBrowser: Native class hierarchy updated for 'AddContentDialog' in 0.0021 seconds. Added 0 classes and 0 folders.
[2017.06.18-14.14.46:957][  0]LogContentBrowser: Native class hierarchy updated for 'SceneOutliner' in 0.0018 seconds. Added 1 classes and 2 folders.
[2017.06.18-14.14.47:085][  0]LogCrashTracker: Crashtracker disabled due to settings.
[2017.06.18-14.14.47:095][  0]LogSlate: Took 0.000447 seconds to synchronously load lazily loaded font '../../../Engine/Content/Slate/Fonts/Roboto-Regular.ttf' (155K)
[2017.06.18-14.14.47:109][  0]LogSlate: Took 0.000564 seconds to synchronously load lazily loaded font '../../../Engine/Content/Slate/Fonts/Roboto-Bold.ttf' (160K)
[2017.06.18-14.14.47:127][  0]LogSlate: Took 0.008630 seconds to synchronously load lazily loaded font '../../../Engine/Content/Editor/Slate/Fonts/FontAwesome.ttf' (139K)
[2017.06.18-14.14.47:418][  0]LogRenderer: Reallocating scene render targets to support 1048x612 NumSamples 1 (Frame:1).
[2017.06.18-14.14.47:687][  0]LogUObjectGlobals:Warning: Failed to find object 'Class None.'
[2017.06.18-14.14.47:855][  0]LogContentBrowser: Native class hierarchy updated for 'HierarchicalLODOutliner' in 0.0019 seconds. Added 1 classes and 2 folders.
[2017.06.18-14.14.47:856][  0]LogLoad: (Engine Initialization) Total time: 52.67 seconds
[2017.06.18-14.14.47:856][  0]LogLoad: (Engine Initialization) Total Blueprint compile time: 0.34 seconds
[2017.06.18-14.14.47:856][  0]LogExternalProfiler: Found external profiler: VSPerf
[2017.06.18-14.14.47:856][  0]LogExternalProfiler: Using external profiler: VSPerf
[2017.06.18-14.14.47:875][  0]LogOcInput: OculusInput pre-init called
[2017.06.18-14.14.47:875][  0]LogHMD: Starting GearVRController plugin
[2017.06.18-14.14.47:904][  0]LogContentStreaming: Texture pool size now 400 MB
[2017.06.18-14.14.48:247][  4]LogAssetRegistry: Asset discovery search completed in 32.2789 seconds
[2017.06.18-14.14.48:255][  4]LogCollectionManager: Rebuilt the object cache for 0 collections in 0.000002 seconds (found 0 objects)
[2017.06.18-14.14.48:255][  4]LogCollectionManager: Fixed up redirectors for 0 collections in 0.000125 seconds (updated 0 objects)
[2017.06.18-14.14.52:154][100]LogSlate: Took 0.045243 seconds to synchronously load lazily loaded font '../../../Engine/Content/Slate/Fonts/Roboto-Light.ttf' (159K)
[2017.06.18-14.14.58:243][262]LogTemp: Repeting last play command: Selected Viewport
[2017.06.18-14.14.58:543][262]LogPlayLevel: PlayLevel: No blueprints needed recompiling
[2017.06.18-14.14.58:544][262]PIE: New page: PIE session: Untitled_1 (Jun 18, 2017, 8:14:58 PM)
[2017.06.18-14.14.58:544][262]LogPlayLevel: Creating play world package: /Temp/UEDPIE_0_Untitled_1
[2017.06.18-14.14.58:550][262]LogPlayLevel: PIE: StaticDuplicateObject took: (0.006564s)
[2017.06.18-14.14.58:552][262]LogAIModule: Creating AISystem for world Untitled_1
[2017.06.18-14.14.58:553][262]LogPlayLevel: PIE: World Init took: (0.002299s)
[2017.06.18-14.14.58:553][262]LogPlayLevel: PIE: Created PIE world by copying editor world from /Temp/Untitled_1.Untitled_1 to /Temp/UEDPIE_0_Untitled_1.Untitled_1 (0.009389s)
[2017.06.18-14.14.58:595][262]LogInit: XAudio2 using 'Динамики (Устройство с поддержкой High Definition Audio)' : 2 channels at 44.1 kHz using 16 bits per sample (channel mask 0x3)
[2017.06.18-14.14.58:613][262]LogInit: FAudioDevice initialized.
[2017.06.18-14.15.00:073][262]LogAnimationCompression: Building Anim DDC data for AnimSequence /Game/Character/Animations/Aiming/Aim_Down.Aim_Down
[2017.06.18-14.15.00:219][262]LogAnimationCompression: Building Anim DDC data for AnimSequence /Game/Character/Animations/Aiming/Aim_RightDown.Aim_RightDown
[2017.06.18-14.15.00:221][262]LogAnimationCompression: Building Anim DDC data for AnimSequence /Game/Character/Animations/Aiming/Aim_Right.Aim_Right
[2017.06.18-14.15.00:222][262]LogAnimationCompression: Building Anim DDC data for AnimSequence /Game/Character/Animations/Aiming/Aim_LeftUp.Aim_LeftUp
[2017.06.18-14.15.00:225][262]LogAnimationCompression: Building Anim DDC data for AnimSequence /Game/Character/Animations/Aiming/Aim_LeftDown.Aim_LeftDown
[2017.06.18-14.15.00:226][262]LogAnimationCompression: Building Anim DDC data for AnimSequence /Game/Character/Animations/Aiming/Aim_Left.Aim_Left
[2017.06.18-14.15.00:228][262]LogAnimationCompression: Building Anim DDC data for AnimSequence /Game/Character/Animations/Aiming/Aim_Fw.Aim_Fw
[2017.06.18-14.15.00:338][262]LogAnimationCompression: Building Anim DDC data for AnimSequence /Game/Character/Animations/Aiming/Aim_Up.Aim_Up
[2017.06.18-14.15.00:340][262]LogAnimationCompression: Building Anim DDC data for AnimSequence /Game/Character/Animations/Aiming/Aim_RightUp.Aim_RightUp
[2017.06.18-14.15.00:702][262]LogLoad: Game class is 'GameMode_0_C'
[2017.06.18-14.15.00:714][262]LogWorld: Bringing World /Temp/UEDPIE_0_Untitled_1.Untitled_1 up for play (max tick rate 60) at 2017.06.18-17.15.00
[2017.06.18-14.15.00:715][262]LogWorld: Bringing up level for play took: 0.003440
[2017.06.18-14.15.00:864][262]LogContentBrowser: Native class hierarchy updated for 'MovieSceneCapture' in 0.0019 seconds. Added 11 classes and 0 folders.
[2017.06.18-14.15.00:899][262]LogScript:Warning: Accessed None trying to read property SpringArm
	AnimBP_0_C /Temp/UEDPIE_0_Untitled_1.Untitled_1:PersistentLevel.Character_0_C_0.CharacterMesh0.AnimBP_0_C_0
	Function /Game/Character/Animations/Movement/AnimBP_0.AnimBP_0_C:ExecuteUbergraph_AnimBP_0:082F
[2017.06.18-14.15.00:899][262]PIE:Error: Error Blueprint Runtime Error: Accessed None trying to read property SpringArm from function: 'ExecuteUbergraph_AnimBP_0' from node: Set in graph: EventGraph in object: AnimBP_0 with description: Accessed None trying to read property SpringArm
[2017.06.18-14.15.00:963][262]PIE: Info Play in editor start time for /Temp/UEDPIE_0_Untitled_1 2.132
[2017.06.18-14.15.27:767][364]LogEditorViewport: Clicking on Actor (LMB): StaticMeshActor (Floor)
[2017.06.18-14.15.45:713][699]LogSlate: Took 0.000718 seconds to synchronously load lazily loaded font '../../../Engine/Content/Slate/Fonts/Roboto-Light.ttf' (159K)
[2017.06.18-14.15.46:887][699]LogContentBrowser: Native class hierarchy updated for 'SkeletonEditor' in 0.0019 seconds. Added 1 classes and 2 folders.
[2017.06.18-14.15.47:491][699]LogActorComponent: RegisterComponentWithWorld: (/Engine/Transient.World_3:PersistentLevel.Actor_0.DebugSkelMeshComponent_0) Already registered. Aborting.
[2017.06.18-14.15.48:553][699]LogSlate: Took 0.000418 seconds to synchronously load lazily loaded font '../../../Engine/Content/Slate/Fonts/Roboto-Regular.ttf' (155K)
[2017.06.18-14.15.48:944][699]LogContentBrowser: Native class hierarchy updated for 'BlueprintGraph' in 0.0034 seconds. Added 112 classes and 0 folders.
[2017.06.18-14.15.51:445][699]LogSkeletalMesh: USkeletalMeshComponent::InitArticulated : Bodies already created (/Engine/Transient.World_3:PersistentLevel.Actor_0.DebugSkelMeshComponent_0) - call TermArticulated first.
[2017.06.18-14.15.52:677][699]LogBlueprint:Warning: Unknown type of hyperlinked object
[2017.06.18-14.15.52:685][699]LogBlueprint:Warning: Unknown type of hyperlinked object
[2017.06.18-14.15.52:803][699]LogSlate: Took 0.014288 seconds to synchronously load lazily loaded font '../../../Engine/Content/Editor/Slate/Fonts/Roboto-BoldCondensed.ttf' (158K)
[2017.06.18-14.15.53:008][699]LogContentBrowser: Native class hierarchy updated for 'ClothingSystemEditorInterface' in 0.0017 seconds. Added 1 classes and 0 folders.
[2017.06.18-14.15.53:481][700]LogSlate: Took 0.009514 seconds to synchronously load lazily loaded font '../../../Engine/Content/Editor/Slate/Fonts/Roboto-Italic.ttf' (157K)
[2017.06.18-14.16.17:327][ 32]LogUObjectBase:Warning: Object is not registered
